  
             ********************************************************
             *                                                      *
             *              Fortran 90 Interface Module             *
             *                                                      *
             *                         For                          *
             *                                                      *
             *              MPI Message Passing Library             *
             *                                                      *
             *                   Version No. 2.0k                   *
             *                                                      *
             ********************************************************
  
 CHARACTER_BYTES =            1
 INTEGER_BYTES   =            4
 REAL_BYTES      =            8
 COMPLEX_BYTES   =           16
 ADDRESS_BYTES   =            8
  
 Number of Procs =            8
  
Execution starts at 12:59:16, 03-29-2017 on     8 nodes
#-------------------------------------------------------------------------------
#
#
#           ********************************************************
#           *                                                      *
#           *    Full-Potential Multiple Scattering Theory Based   *
#           *                                                      *
#           *  Ab Initio Electronic Structure Calculation Package  *
#           *                                                      *
#           ********************************************************
#
#
#   username                 : ywg
#   system name              : dxcgpu02.psc.edu
#   code compiled            : Wednesday, March 29 2017 12:04:29
#-------------------------------------------------------------------------------

 The Position Data File: ./position.dat

 The Position Data is read successfully!


================================================================================

 The lattice system is: Cubic       

********************************
* Output from SPACEGRP         *
********************************

The point group of the crystal is the full cubic        group
Space group is non-symmorphic OR a non standard origin of coordinates was used.
--------------------------------------------------------------------------------

********************************
* Output from CHECKSYMM        *
********************************

Symmetry is correct
--------------------------------------------------------------------------------

********************************
* Output from SPACEGRP         *
********************************

The point group of the crystal is the full cubic        group
Space group is symmorphic
--------------------------------------------------------------------------------

********************************
* Output from SPKPT            *
********************************

Wavevector mesh contains    6912 points
--------------------------------------------------------------------------------

================================================================================

            *********************************************
            *     Output from createParallelization     *
            *            in ProcMappingModule           *
            *********************************************

The number of processors in each box :    4
The number of repeats along k-dimen. :    2
The number of repeats along e-dimen. :    1
Dimension of the box :    2 x    2 x    1
MyPE =     0, NumEs, NumEsPerBox =    50   50
MyPE =     0, NumKs, NumKsPerBox =  6912 3456
MyPE =     0, K index =     1    2    3    4    5    6    7    8    9   10   11   12   13   14   15   16, ...,...
K index =     1    2    3    4    5    6    7    8    9   10   11   12   13   14   15   16, ...,...
Process =     0    0    0    0    0    0    0    0    0    0    0    0    0    0    0    0, ...,...
MyPE =     2, NumEs, NumEsPerBox =    50   50
MyPE =     1, NumEs, NumEsPerBox =    50   50
MyPE =     4, NumEs, NumEsPerBox =    50   50
MyPE =     5, NumEs, NumEsPerBox =    50   50
MyPE =     6, NumEs, NumEsPerBox =    50   50
MyPE =     6, NumKs, NumKsPerBox =  6912 3456
MyPE =     7, NumEs, NumEsPerBox =    50   50
MyPE =     7, NumKs, NumKsPerBox =  6912 3456
MyPE =     7, K index =  3457 3458 3459 3460 3461 3462 3463 3464 3465 3466 3467 3468 3469 3470 3471 3472, ...,...
MyPE =     1, NumKs, NumKsPerBox =  6912 3456
MyPE =     1, K index =     1    2    3    4    5    6    7    8    9   10   11   12   13   14   15   16, ...,...
MyPE =     2, NumKs, NumKsPerBox =  6912 3456
MyPE =     2, K index =     1    2    3    4    5    6    7    8    9   10   11   12   13   14   15   16, ...,...
MyPE =     3, NumEs, NumEsPerBox =    50   50
MyPE =     3, NumKs, NumKsPerBox =  6912 3456
MyPE =     3, K index =     1    2    3    4    5    6    7    8    9   10   11   12   13   14   15   16, ...,...
MyPE =     4, NumKs, NumKsPerBox =  6912 3456
MyPE =     4, K index =  3457 3458 3459 3460 3461 3462 3463 3464 3465 3466 3467 3468 3469 3470 3471 3472, ...,...
MyPE =     5, NumKs, NumKsPerBox =  6912 3456
MyPE =     5, K index =  3457 3458 3459 3460 3461 3462 3463 3464 3465 3466 3467 3468 3469 3470 3471 3472, ...,...
MyPE =     6, K index =  3457 3458 3459 3460 3461 3462 3463 3464 3465 3466 3467 3468 3469 3470 3471 3472, ...,...

================================================================================

The number of processes that write output data:      1
