  
             ********************************************************
             *                                                      *
             *              Fortran 90 Interface Module             *
             *                                                      *
             *                         For                          *
             *                                                      *
             *              MPI Message Passing Library             *
             *                                                      *
             *                   Version No. 2.0k                   *
             *                                                      *
             ********************************************************
  
 CHARACTER_BYTES =            1
 INTEGER_BYTES   =            4
 REAL_BYTES      =            8
 COMPLEX_BYTES   =           16
 ADDRESS_BYTES   =            8
  
 Number of Procs =           32
  
Execution starts at 10:42:32, 05-22-2017 on    32 nodes
#-------------------------------------------------------------------------------
#
#
#           ********************************************************
#           *                                                      *
#           *    Full-Potential Multiple Scattering Theory Based   *
#           *                                                      *
#           *  Ab Initio Electronic Structure Calculation Package  *
#           *                                                      *
#           ********************************************************
#
#
#   username                 : ywg
#   system name              : dxcgpu02.psc.edu
#   code compiled            : Tuesday, May 16 2017 22:25:28
#-------------------------------------------------------------------------------

 The Position Data File: ./position.dat

 The Position Data is read successfully!


================================================================================

 The lattice system is: Cubic       

********************************
* Output from SPACEGRP         *
********************************

The point group of the crystal is the full cubic        group
Space group is symmorphic
--------------------------------------------------------------------------------

********************************
* Output from CHECKSYMM        *
********************************

Symmetry is correct
--------------------------------------------------------------------------------

********************************
* Output from SPACEGRP         *
********************************

The point group of the crystal is the full cubic        group
Space group is symmorphic
--------------------------------------------------------------------------------

********************************
* Output from SPKPT            *
********************************

Wavevector mesh contains   16384 points
--------------------------------------------------------------------------------

================================================================================

            *********************************************
            *     Output from createParallelization     *
            *            in ProcMappingModule           *
            *********************************************

The number of processors in each box :    1
The number of repeats along k-dimen. :   32
The number of repeats along e-dimen. :    1
Dimension of the box :    1 x    1 x    1
MyPE =     0, NumEs, NumEsPerBox =    30   30
MyPE =     0, NumKs, NumKsPerBox = 16384  512
MyPE =     0, K index =     1    2    3    4    5    6    7    8    9   10   11   12   13   14   15   16, ...,...
MyPE =     7, NumEs, NumEsPerBox =    30   30
MyPE =     7, NumKs, NumKsPerBox = 16384  512
MyPE =     7, K index =  3585 3586 3587 3588 3589 3590 3591 3592 3593 3594 3595 3596 3597 3598 3599 3600, ...,...
MyPE =     4, NumEs, NumEsPerBox =    30   30
MyPE =     4, NumKs, NumKsPerBox = 16384  512
MyPE =     4, K index =  2049 2050 2051 2052 2053 2054 2055 2056 2057 2058 2059 2060 2061 2062 2063 2064, ...,...
K index =     1    2    3    4    5    6    7    8    9   10   11   12   13   14   15   16, ...,...
Process =     0    0    0    0    0    0    0    0    0    0    0    0    0    0    0    0, ...,...
MyPE =     1, NumEs, NumEsPerBox =    30   30
MyPE =     1, NumKs, NumKsPerBox = 16384  512
MyPE =     1, K index =   513  514  515  516  517  518  519  520  521  522  523  524  525  526  527  528, ...,...
MyPE =     6, NumEs, NumEsPerBox =    30   30
MyPE =     6, NumKs, NumKsPerBox = 16384  512
MyPE =     6, K index =  3073 3074 3075 3076 3077 3078 3079 3080 3081 3082 3083 3084 3085 3086 3087 3088, ...,...
MyPE =     2, NumEs, NumEsPerBox =    30   30
MyPE =     2, NumKs, NumKsPerBox = 16384  512
MyPE =     3, NumEs, NumEsPerBox =    30   30
MyPE =     3, NumKs, NumKsPerBox = 16384  512
MyPE =     3, K index =  1537 1538 1539 1540 1541 1542 1543 1544 1545 1546 1547 1548 1549 1550 1551 1552, ...,...
MyPE =     5, NumEs, NumEsPerBox =    30   30
MyPE =     5, NumKs, NumKsPerBox = 16384  512
MyPE =     5, K index =  2561 2562 2563 2564 2565 2566 2567 2568 2569 2570 2571 2572 2573 2574 2575 2576, ...,...
MyPE =     2, K index =  1025 1026 1027 1028 1029 1030 1031 1032 1033 1034 1035 1036 1037 1038 1039 1040, ...,...

================================================================================

The number of processes that write output data:      1
[mpiexec@dxcgpu02.psc.edu] Sending Ctrl-C to processes as requested
[mpiexec@dxcgpu02.psc.edu] Press Ctrl-C again to force abort
forrtl: error (69): process interrupted (SIGINT)
Image              PC                Routine            Line        Source             
mst2.1             00000000010BB4A1  Unknown               Unknown  Unknown
mst2.1             00000000010B9BF7  Unknown               Unknown  Unknown
mst2.1             0000000001075454  Unknown               Unknown  Unknown
mst2.1             0000000001075266  Unknown               Unknown  Unknown
mst2.1             000000000102883F  Unknown               Unknown  Unknown
mst2.1             000000000102E547  Unknown               Unknown  Unknown
libpthread.so.0    00007FA50FF17370  Unknown               Unknown  Unknown
libmkl_avx.so      00007FA4F11BA6AC  Unknown               Unknown  Unknown
forrtl: error (69): process interrupted (SIGINT)
Image              PC                Routine            Line        Source             
mst2.1             00000000010BB4A1  Unknown               Unknown  Unknown
mst2.1             00000000010B9BF7  Unknown               Unknown  Unknown
mst2.1             0000000001075454  Unknown               Unknown  Unknown
mst2.1             0000000001075266  Unknown               Unknown  Unknown
mst2.1             000000000102883F  Unknown               Unknown  Unknown
mst2.1             000000000102E547  Unknown               Unknown  Unknown
libpthread.so.0    00007F7294904370  Unknown               Unknown  Unknown
libmkl_avx.so      00007F7275BA7932  Unknown               Unknown  Unknown
forrtl: error (69): process interrupted (SIGINT)
Image              PC                Routine            Line        Source             
mst2.1             00000000010BB4A1  Unknown               Unknown  Unknown
mst2.1             00000000010B9BF7  Unknown               Unknown  Unknown
mst2.1             0000000001075454  Unknown               Unknown  Unknown
mst2.1             0000000001075266  Unknown               Unknown  Unknown
mst2.1             000000000102883F  Unknown               Unknown  Unknown
mst2.1             000000000102E547  Unknown               Unknown  Unknown
libpthread.so.0    00007F14F1DEC370  Unknown               Unknown  Unknown
mst2.1             0000000000C42698  relsssolvermodule        1786  RelSSSolverModule.F90
mst2.1             0000000000C203B9  relsssolvermodule         664  RelSSSolverModule.F90
mst2.1             0000000000DE54DE  gfmethodmodule_mp        5052  GFMethodModule.F90
mst2.1             0000000000490D29  adaptintegrationm         430  AdaptIntegrationModule.F90
mst2.1             0000000000DEC205  gfmethodmodule_mp        2672  GFMethodModule.F90
mst2.1             0000000000DD7E72  gfmethodmodule_mp        5701  GFMethodModule.F90
mst2.1             0000000000DC6D2F  gfmethodmodule_mp         823  GFMethodModule.F90
mst2.1             000000000040EFC6  MAIN__                   1418  mst2.1.F90
mst2.1             0000000000404C5E  Unknown               Unknown  Unknown
libc.so.6          00007F14F07E6B35  Unknown               Unknown  Unknown
mst2.1             0000000000404B69  Unknown               Unknown  Unknown
forrtl: error (69): process interrupted (SIGINT)
Image              PC                Routine            Line        Source             
mst2.1             00000000010BB4A1  Unknown               Unknown  Unknown
mst2.1             00000000010B9BF7  Unknown               Unknown  Unknown
mst2.1             0000000001075454  Unknown               Unknown  Unknown
mst2.1             0000000001075266  Unknown               Unknown  Unknown
mst2.1             000000000102883F  Unknown               Unknown  Unknown
mst2.1             000000000102E547  Unknown               Unknown  Unknown
libpthread.so.0    00007F6CF0FFD370  Unknown               Unknown  Unknown
mst2.1             0000000000C3ED9D  relsssolvermodule        1752  RelSSSolverModule.F90
mst2.1             0000000000C203B9  relsssolvermodule         664  RelSSSolverModule.F90
mst2.1             0000000000DE54DE  gfmethodmodule_mp        5052  GFMethodModule.F90
mst2.1             0000000000490D29  adaptintegrationm         430  AdaptIntegrationModule.F90
mst2.1             0000000000DEC205  gfmethodmodule_mp        2672  GFMethodModule.F90
mst2.1             0000000000DD7E72  gfmethodmodule_mp        5701  GFMethodModule.F90
mst2.1             0000000000DC6D2F  gfmethodmodule_mp         823  GFMethodModule.F90
mst2.1             000000000040EFC6  MAIN__                   1418  mst2.1.F90
mst2.1             0000000000404C5E  Unknown               Unknown  Unknown
libc.so.6          00007F6CEF9F7B35  Unknown               Unknown  Unknown
mst2.1             0000000000404B69  Unknown               Unknown  Unknown
forrtl: error (69): process interrupted (SIGINT)
Image              PC                Routine            Line        Source             
mst2.1             00000000010BB4A1  Unknown               Unknown  Unknown
mst2.1             00000000010B9BF7  Unknown               Unknown  Unknown
mst2.1             0000000001075454  Unknown               Unknown  Unknown
mst2.1             0000000001075266  Unknown               Unknown  Unknown
mst2.1             000000000102883F  Unknown               Unknown  Unknown
mst2.1             000000000102E547  Unknown               Unknown  Unknown
libpthread.so.0    00007F4FAA973370  Unknown               Unknown  Unknown
mst2.1             0000000000CAB655  relsssolvermodule        1260  RelSSSolverModule.F90
mst2.1             0000000000C42744  relsssolvermodule        1786  RelSSSolverModule.F90
mst2.1             0000000000C203B9  relsssolvermodule         664  RelSSSolverModule.F90
mst2.1             0000000000DE54DE  gfmethodmodule_mp        5052  GFMethodModule.F90
mst2.1             0000000000490D29  adaptintegrationm         430  AdaptIntegrationModule.F90
mst2.1             0000000000DEC205  gfmethodmodule_mp        2672  GFMethodModule.F90
mst2.1             0000000000DD7E72  gfmethodmodule_mp        5701  GFMethodModule.F90
mst2.1             0000000000DC6D2F  gfmethodmodule_mp         823  GFMethodModule.F90
mst2.1             000000000040EFC6  MAIN__                   1418  mst2.1.F90
mst2.1             0000000000404C5E  Unknown               Unknown  Unknown
libc.so.6          00007F4FA936DB35  Unknown               Unknown  Unknown
mst2.1             0000000000404B69  Unknown               Unknown  Unknown
forrtl: error (69): process interrupted (SIGINT)
Image              PC                Routine            Line        Source             
mst2.1             00000000010BB4A1  Unknown               Unknown  Unknown
mst2.1             00000000010B9BF7  Unknown               Unknown  Unknown
mst2.1             0000000001075454  Unknown               Unknown  Unknown
mst2.1             0000000001075266  Unknown               Unknown  Unknown
mst2.1             000000000102883F  Unknown               Unknown  Unknown
mst2.1             000000000102E547  Unknown               Unknown  Unknown
libpthread.so.0    00007FDC7D791370  Unknown               Unknown  Unknown
mst2.1             0000000000CAC208  relsssolvermodule        1261  RelSSSolverModule.F90
mst2.1             0000000000C45C4A  relsssolvermodule        1806  RelSSSolverModule.F90
mst2.1             0000000000C203B9  relsssolvermodule         664  RelSSSolverModule.F90
mst2.1             0000000000DE54DE  gfmethodmodule_mp        5052  GFMethodModule.F90
mst2.1             0000000000490D29  adaptintegrationm         430  AdaptIntegrationModule.F90
mst2.1             0000000000DEC205  gfmethodmodule_mp        2672  GFMethodModule.F90
mst2.1             0000000000DD7E72  gfmethodmodule_mp        5701  GFMethodModule.F90
mst2.1             0000000000DC6D2F  gfmethodmodule_mp         823  GFMethodModule.F90
mst2.1             000000000040EFC6  MAIN__                   1418  mst2.1.F90
mst2.1             0000000000404C5E  Unknown               Unknown  Unknown
libc.so.6          00007FDC7C18BB35  Unknown               Unknown  Unknown
mst2.1             0000000000404B69  Unknown               Unknown  Unknown
forrtl: error (69): process interrupted (SIGINT)
Image              PC                Routine            Line        Source             
mst2.1             00000000010BB4A1  Unknown               Unknown  Unknown
mst2.1             00000000010B9BF7  Unknown               Unknown  Unknown
mst2.1             0000000001075454  Unknown               Unknown  Unknown
mst2.1             0000000001075266  Unknown               Unknown  Unknown
mst2.1             000000000102883F  Unknown               Unknown  Unknown
mst2.1             000000000102E547  Unknown               Unknown  Unknown
libpthread.so.0    00007F7DDC8A7370  Unknown               Unknown  Unknown
mst2.1             0000000000CAB39C  relsssolvermodule        1289  RelSSSolverModule.F90
mst2.1             0000000000C43D6A  relsssolvermodule        1792  RelSSSolverModule.F90
mst2.1             0000000000C203B9  relsssolvermodule         664  RelSSSolverModule.F90
mst2.1             0000000000DE54DE  gfmethodmodule_mp        5052  GFMethodModule.F90
mst2.1             0000000000490D29  adaptintegrationm         430  AdaptIntegrationModule.F90
mst2.1             0000000000DEC205  gfmethodmodule_mp        2672  GFMethodModule.F90
mst2.1             0000000000DD7E72  gfmethodmodule_mp        5701  GFMethodModule.F90
mst2.1             0000000000DC6D2F  gfmethodmodule_mp         823  GFMethodModule.F90
mst2.1             000000000040EFC6  MAIN__                   1418  mst2.1.F90
mst2.1             0000000000404C5E  Unknown               Unknown  Unknown
libc.so.6          00007F7DDB2A1B35  Unknown               Unknown  Unknown
mst2.1             0000000000404B69  Unknown               Unknown  Unknown
forrtl: error (69): process interrupted (SIGINT)
Image              PC                Routine            Line        Source             
mst2.1             00000000010BB4A1  Unknown               Unknown  Unknown
mst2.1             00000000010B9BF7  Unknown               Unknown  Unknown
mst2.1             0000000001075454  Unknown               Unknown  Unknown
mst2.1             0000000001075266  Unknown               Unknown  Unknown
mst2.1             000000000102883F  Unknown               Unknown  Unknown
mst2.1             000000000102E547  Unknown               Unknown  Unknown
libpthread.so.0    00007F2B81D5F370  Unknown               Unknown  Unknown
mst2.1             0000000000CC4445  relsssolvermodule        2608  RelSSSolverModule.F90
mst2.1             0000000000C203EF  relsssolvermodule         666  RelSSSolverModule.F90
mst2.1             0000000000DE54DE  gfmethodmodule_mp        5052  GFMethodModule.F90
mst2.1             0000000000490D29  adaptintegrationm         430  AdaptIntegrationModule.F90
mst2.1             0000000000DEC205  gfmethodmodule_mp        2672  GFMethodModule.F90
mst2.1             0000000000DD7E72  gfmethodmodule_mp        5701  GFMethodModule.F90
mst2.1             0000000000DC6D2F  gfmethodmodule_mp         823  GFMethodModule.F90
mst2.1             000000000040EFC6  MAIN__                   1418  mst2.1.F90
mst2.1             0000000000404C5E  Unknown               Unknown  Unknown
libc.so.6          00007F2B80759B35  Unknown               Unknown  Unknown
mst2.1             0000000000404B69  Unknown               Unknown  Unknown
forrtl: error (69): process interrupted (SIGINT)
Image              PC                Routine            Line        Source             
mst2.1             00000000010BB4A1  Unknown               Unknown  Unknown
mst2.1             00000000010B9BF7  Unknown               Unknown  Unknown
mst2.1             0000000001075454  Unknown               Unknown  Unknown
mst2.1             0000000001075266  Unknown               Unknown  Unknown
mst2.1             000000000102883F  Unknown               Unknown  Unknown
mst2.1             000000000102E547  Unknown               Unknown  Unknown
libpthread.so.0    00007FDD22ECC370  Unknown               Unknown  Unknown
mst2.1             0000000000C43D49  relsssolvermodule        1792  RelSSSolverModule.F90
mst2.1             0000000000C203B9  relsssolvermodule         664  RelSSSolverModule.F90
mst2.1             0000000000DE54DE  gfmethodmodule_mp        5052  GFMethodModule.F90
mst2.1             0000000000490D29  adaptintegrationm         430  AdaptIntegrationModule.F90
mst2.1             0000000000DEC205  gfmethodmodule_mp        2672  GFMethodModule.F90
mst2.1             0000000000DD7E72  gfmethodmodule_mp        5701  GFMethodModule.F90
mst2.1             0000000000DC6D2F  gfmethodmodule_mp         823  GFMethodModule.F90
mst2.1             000000000040EFC6  MAIN__                   1418  mst2.1.F90
mst2.1             0000000000404C5E  Unknown               Unknown  Unknown
libc.so.6          00007FDD218C6B35  Unknown               Unknown  Unknown
mst2.1             0000000000404B69  Unknown               Unknown  Unknown
forrtl: error (69): process interrupted (SIGINT)
Image              PC                Routine            Line        Source             
mst2.1             00000000010BB4A1  Unknown               Unknown  Unknown
mst2.1             00000000010B9BF7  Unknown               Unknown  Unknown
mst2.1             0000000001075454  Unknown               Unknown  Unknown
mst2.1             0000000001075266  Unknown               Unknown  Unknown
mst2.1             000000000102883F  Unknown               Unknown  Unknown
mst2.1             000000000102E547  Unknown               Unknown  Unknown
libpthread.so.0    00007FCD2608C370  Unknown               Unknown  Unknown
mst2.1             0000000000CC4BE3  relsssolvermodule        2609  RelSSSolverModule.F90
mst2.1             0000000000C203EF  relsssolvermodule         666  RelSSSolverModule.F90
mst2.1             0000000000DE54DE  gfmethodmodule_mp        5052  GFMethodModule.F90
mst2.1             0000000000490D29  adaptintegrationm         430  AdaptIntegrationModule.F90
mst2.1             0000000000DEC205  gfmethodmodule_mp        2672  GFMethodModule.F90
mst2.1             0000000000DD7E72  gfmethodmodule_mp        5701  GFMethodModule.F90
mst2.1             0000000000DC6D2F  gfmethodmodule_mp         823  GFMethodModule.F90
mst2.1             000000000040EFC6  MAIN__                   1418  mst2.1.F90
mst2.1             0000000000404C5E  Unknown               Unknown  Unknown
libc.so.6          00007FCD24A86B35  Unknown               Unknown  Unknown
mst2.1             0000000000404B69  Unknown               Unknown  Unknown
forrtl: error (69): process interrupted (SIGINT)
Image              PC                Routine            Line        Source             
mst2.1             00000000010BB4A1  Unknown               Unknown  Unknown
mst2.1             00000000010B9BF7  Unknown               Unknown  Unknown
mst2.1             0000000001075454  Unknown               Unknown  Unknown
mst2.1             0000000001075266  Unknown               Unknown  Unknown
mst2.1             000000000102883F  Unknown               Unknown  Unknown
mst2.1             000000000102E547  Unknown               Unknown  Unknown
libpthread.so.0    00007F96046EC370  Unknown               Unknown  Unknown
mst2.1             0000000000CBF2CE  relsssolvermodule        2575  RelSSSolverModule.F90
mst2.1             0000000000C203EF  relsssolvermodule         666  RelSSSolverModule.F90
mst2.1             0000000000DE54DE  gfmethodmodule_mp        5052  GFMethodModule.F90
mst2.1             0000000000490D29  adaptintegrationm         430  AdaptIntegrationModule.F90
mst2.1             0000000000DEC205  gfmethodmodule_mp        2672  GFMethodModule.F90
mst2.1             0000000000DD7E72  gfmethodmodule_mp        5701  GFMethodModule.F90
mst2.1             0000000000DC6D2F  gfmethodmodule_mp         823  GFMethodModule.F90
mst2.1             000000000040EFC6  MAIN__                   1418  mst2.1.F90
mst2.1             0000000000404C5E  Unknown               Unknown  Unknown
libc.so.6          00007F96030E6B35  Unknown               Unknown  Unknown
mst2.1             0000000000404B69  Unknown               Unknown  Unknown
forrtl: error (69): process interrupted (SIGINT)
Image              PC                Routine            Line        Source             
mst2.1             00000000010BB4A1  Unknown               Unknown  Unknown
mst2.1             00000000010B9BF7  Unknown               Unknown  Unknown
mst2.1             0000000001075454  Unknown               Unknown  Unknown
mst2.1             0000000001075266  Unknown               Unknown  Unknown
mst2.1             000000000102883F  Unknown               Unknown  Unknown
mst2.1             000000000102E547  Unknown               Unknown  Unknown
libpthread.so.0    00007FB33B240370  Unknown               Unknown  Unknown
mst2.1             0000000000C46979  relsssolvermodule        1812  RelSSSolverModule.F90
mst2.1             0000000000C203B9  relsssolvermodule         664  RelSSSolverModule.F90
mst2.1             0000000000DE54DE  gfmethodmodule_mp        5052  GFMethodModule.F90
mst2.1             0000000000490D29  adaptintegrationm         430  AdaptIntegrationModule.F90
mst2.1             0000000000DEC205  gfmethodmodule_mp        2672  GFMethodModule.F90
mst2.1             0000000000DD7E72  gfmethodmodule_mp        5701  GFMethodModule.F90
mst2.1             0000000000DC6D2F  gfmethodmodule_mp         823  GFMethodModule.F90
mst2.1             000000000040EFC6  MAIN__                   1418  mst2.1.F90
mst2.1             0000000000404C5E  Unknown               Unknown  Unknown
libc.so.6          00007FB339C3AB35  Unknown               Unknown  Unknown
mst2.1             0000000000404B69  Unknown               Unknown  Unknown
forrtl: error (69): process interrupted (SIGINT)
Image              PC                Routine            Line        Source             
mst2.1             00000000010BB4A1  Unknown               Unknown  Unknown
mst2.1             00000000010B9BF7  Unknown               Unknown  Unknown
mst2.1             0000000001075454  Unknown               Unknown  Unknown
mst2.1             0000000001075266  Unknown               Unknown  Unknown
mst2.1             000000000102883F  Unknown               Unknown  Unknown
mst2.1             000000000102E547  Unknown               Unknown  Unknown
libpthread.so.0    00007FC8BC8B5370  Unknown               Unknown  Unknown
mst2.1             0000000000C46D6A  relsssolvermodule        1812  RelSSSolverModule.F90
mst2.1             0000000000C203B9  relsssolvermodule         664  RelSSSolverModule.F90
mst2.1             0000000000DE54DE  gfmethodmodule_mp        5052  GFMethodModule.F90
mst2.1             0000000000490D29  adaptintegrationm         430  AdaptIntegrationModule.F90
mst2.1             0000000000DEC205  gfmethodmodule_mp        2672  GFMethodModule.F90
mst2.1             0000000000DD7E72  gfmethodmodule_mp        5701  GFMethodModule.F90
mst2.1             0000000000DC6D2F  gfmethodmodule_mp         823  GFMethodModule.F90
mst2.1             000000000040EFC6  MAIN__                   1418  mst2.1.F90
mst2.1             0000000000404C5E  Unknown               Unknown  Unknown
libc.so.6          00007FC8BB2AFB35  Unknown               Unknown  Unknown
mst2.1             0000000000404B69  Unknown               Unknown  Unknown
forrtl: error (69): process interrupted (SIGINT)
Image              PC                Routine            Line        Source             
mst2.1             00000000010BB4A1  Unknown               Unknown  Unknown
mst2.1             00000000010B9BF7  Unknown               Unknown  Unknown
mst2.1             0000000001075454  Unknown               Unknown  Unknown
mst2.1             0000000001075266  Unknown               Unknown  Unknown
mst2.1             000000000102883F  Unknown               Unknown  Unknown
mst2.1             000000000102E547  Unknown               Unknown  Unknown
libpthread.so.0    00007FB9CD7E5370  Unknown               Unknown  Unknown
mst2.1             0000000000CAB39C  relsssolvermodule        1289  RelSSSolverModule.F90
mst2.1             0000000000C42744  relsssolvermodule        1786  RelSSSolverModule.F90
mst2.1             0000000000C203B9  relsssolvermodule         664  RelSSSolverModule.F90
mst2.1             0000000000DE54DE  gfmethodmodule_mp        5052  GFMethodModule.F90
mst2.1             0000000000490D29  adaptintegrationm         430  AdaptIntegrationModule.F90
mst2.1             0000000000DEC205  gfmethodmodule_mp        2672  GFMethodModule.F90
mst2.1             0000000000DD7E72  gfmethodmodule_mp        5701  GFMethodModule.F90
mst2.1             0000000000DC6D2F  gfmethodmodule_mp         823  GFMethodModule.F90
mst2.1             000000000040EFC6  MAIN__                   1418  mst2.1.F90
mst2.1             0000000000404C5E  Unknown               Unknown  Unknown
libc.so.6          00007FB9CC1DFB35  Unknown               Unknown  Unknown
mst2.1             0000000000404B69  Unknown               Unknown  Unknown
forrtl: error (69): process interrupted (SIGINT)
Image              PC                Routine            Line        Source             
mst2.1             00000000010BB4A1  Unknown               Unknown  Unknown
mst2.1             00000000010B9BF7  Unknown               Unknown  Unknown
mst2.1             0000000001075454  Unknown               Unknown  Unknown
mst2.1             0000000001075266  Unknown               Unknown  Unknown
mst2.1             000000000102883F  Unknown               Unknown  Unknown
mst2.1             000000000102E547  Unknown               Unknown  Unknown
libpthread.so.0    00007F12FE607370  Unknown               Unknown  Unknown
mst2.1             0000000000CAC56A  relsssolvermodule        1263  RelSSSolverModule.F90
mst2.1             0000000000C45C4A  relsssolvermodule        1806  RelSSSolverModule.F90
mst2.1             0000000000C203B9  relsssolvermodule         664  RelSSSolverModule.F90
mst2.1             0000000000DE54DE  gfmethodmodule_mp        5052  GFMethodModule.F90
mst2.1             0000000000490D29  adaptintegrationm         430  AdaptIntegrationModule.F90
mst2.1             0000000000DEC205  gfmethodmodule_mp        2672  GFMethodModule.F90
mst2.1             0000000000DD7E72  gfmethodmodule_mp        5701  GFMethodModule.F90
mst2.1             0000000000DC6D2F  gfmethodmodule_mp         823  GFMethodModule.F90
mst2.1             000000000040EFC6  MAIN__                   1418  mst2.1.F90
mst2.1             0000000000404C5E  Unknown               Unknown  Unknown
libc.so.6          00007F12FD001B35  Unknown               Unknown  Unknown
mst2.1             0000000000404B69  Unknown               Unknown  Unknown
forrtl: error (69): process interrupted (SIGINT)
Image              PC                Routine            Line        Source             
mst2.1             00000000010BB4A1  Unknown               Unknown  Unknown
mst2.1             00000000010B9BF7  Unknown               Unknown  Unknown
mst2.1             0000000001075454  Unknown               Unknown  Unknown
mst2.1             0000000001075266  Unknown               Unknown  Unknown
mst2.1             000000000102883F  Unknown               Unknown  Unknown
mst2.1             000000000102E547  Unknown               Unknown  Unknown
libpthread.so.0    00007F31A645F370  Unknown               Unknown  Unknown
mst2.1             0000000000CAA0A6  relsssolvermodule        1212  RelSSSolverModule.F90
mst2.1             0000000000C45137  relsssolvermodule        1803  RelSSSolverModule.F90
mst2.1             0000000000C203B9  relsssolvermodule         664  RelSSSolverModule.F90
mst2.1             0000000000DE54DE  gfmethodmodule_mp        5052  GFMethodModule.F90
mst2.1             0000000000490D29  adaptintegrationm         430  AdaptIntegrationModule.F90
mst2.1             0000000000DEC205  gfmethodmodule_mp        2672  GFMethodModule.F90
mst2.1             0000000000DD7E72  gfmethodmodule_mp        5701  GFMethodModule.F90
mst2.1             0000000000DC6D2F  gfmethodmodule_mp         823  GFMethodModule.F90
mst2.1             000000000040EFC6  MAIN__                   1418  mst2.1.F90
mst2.1             0000000000404C5E  Unknown               Unknown  Unknown
libc.so.6          00007F31A4E59B35  Unknown               Unknown  Unknown
mst2.1             0000000000404B69  Unknown               Unknown  Unknown
forrtl: error (69): process interrupted (SIGINT)
Image              PC                Routine            Line        Source             
mst2.1             00000000010BB4A1  Unknown               Unknown  Unknown
mst2.1             00000000010B9BF7  Unknown               Unknown  Unknown
mst2.1             0000000001075454  Unknown               Unknown  Unknown
mst2.1             0000000001075266  Unknown               Unknown  Unknown
mst2.1             000000000102883F  Unknown               Unknown  Unknown
mst2.1             000000000102E547  Unknown               Unknown  Unknown
libpthread.so.0    00007F51C356D370  Unknown               Unknown  Unknown
mst2.1             0000000000CAB36D  relsssolvermodule        1289  RelSSSolverModule.F90
mst2.1             0000000000C47270  relsssolvermodule        1812  RelSSSolverModule.F90
mst2.1             0000000000C203B9  relsssolvermodule         664  RelSSSolverModule.F90
mst2.1             0000000000DE54DE  gfmethodmodule_mp        5052  GFMethodModule.F90
mst2.1             0000000000490D29  adaptintegrationm         430  AdaptIntegrationModule.F90
mst2.1             0000000000DEC205  gfmethodmodule_mp        2672  GFMethodModule.F90
mst2.1             0000000000DD7E72  gfmethodmodule_mp        5701  GFMethodModule.F90
mst2.1             0000000000DC6D2F  gfmethodmodule_mp         823  GFMethodModule.F90
mst2.1             000000000040EFC6  MAIN__                   1418  mst2.1.F90
mst2.1             0000000000404C5E  Unknown               Unknown  Unknown
libc.so.6          00007F51C1F67B35  Unknown               Unknown  Unknown
mst2.1             0000000000404B69  Unknown               Unknown  Unknown
forrtl: error (69): process interrupted (SIGINT)
Image              PC                Routine            Line        Source             
mst2.1             00000000010BB4A1  Unknown               Unknown  Unknown
mst2.1             00000000010B9BF7  Unknown               Unknown  Unknown
mst2.1             0000000001075454  Unknown               Unknown  Unknown
mst2.1             0000000001075266  Unknown               Unknown  Unknown
mst2.1             000000000102883F  Unknown               Unknown  Unknown
mst2.1             000000000102E547  Unknown               Unknown  Unknown
libpthread.so.0    00007F2EB2578370  Unknown               Unknown  Unknown
mst2.1             0000000000CAC5CB  relsssolvermodule        1263  RelSSSolverModule.F90
mst2.1             0000000000C4675D  relsssolvermodule        1809  RelSSSolverModule.F90
mst2.1             0000000000C203B9  relsssolvermodule         664  RelSSSolverModule.F90
mst2.1             0000000000DE54DE  gfmethodmodule_mp        5052  GFMethodModule.F90
mst2.1             0000000000490D29  adaptintegrationm         430  AdaptIntegrationModule.F90
mst2.1             0000000000DEC205  gfmethodmodule_mp        2672  GFMethodModule.F90
mst2.1             0000000000DD7E72  gfmethodmodule_mp        5701  GFMethodModule.F90
mst2.1             0000000000DC6D2F  gfmethodmodule_mp         823  GFMethodModule.F90
mst2.1             000000000040EFC6  MAIN__                   1418  mst2.1.F90
mst2.1             0000000000404C5E  Unknown               Unknown  Unknown
libc.so.6          00007F2EB0F72B35  Unknown               Unknown  Unknown
mst2.1             0000000000404B69  Unknown               Unknown  Unknown
forrtl: error (69): process interrupted (SIGINT)
Image              PC                Routine            Line        Source             
mst2.1             00000000010BB4A1  Unknown               Unknown  Unknown
mst2.1             00000000010B9BF7  Unknown               Unknown  Unknown
mst2.1             0000000001075454  Unknown               Unknown  Unknown
mst2.1             0000000001075266  Unknown               Unknown  Unknown
mst2.1             000000000102883F  Unknown               Unknown  Unknown
mst2.1             000000000102E547  Unknown               Unknown  Unknown
libpthread.so.0    00007FC52C336370  Unknown               Unknown  Unknown
mst2.1             0000000000CAC652  relsssolvermodule        1263  RelSSSolverModule.F90
mst2.1             0000000000C43D6A  relsssolvermodule        1792  RelSSSolverModule.F90
mst2.1             0000000000C203B9  relsssolvermodule         664  RelSSSolverModule.F90
mst2.1             0000000000DE54DE  gfmethodmodule_mp        5052  GFMethodModule.F90
mst2.1             0000000000490D29  adaptintegrationm         430  AdaptIntegrationModule.F90
mst2.1             0000000000DEC205  gfmethodmodule_mp        2672  GFMethodModule.F90
mst2.1             0000000000DD7E72  gfmethodmodule_mp        5701  GFMethodModule.F90
mst2.1             0000000000DC6D2F  gfmethodmodule_mp         823  GFMethodModule.F90
mst2.1             000000000040EFC6  MAIN__                   1418  mst2.1.F90
mst2.1             0000000000404C5E  Unknown               Unknown  Unknown
libc.so.6          00007FC52AD30B35  Unknown               Unknown  Unknown
mst2.1             0000000000404B69  Unknown               Unknown  Unknown
forrtl: error (69): process interrupted (SIGINT)
Image              PC                Routine            Line        Source             
mst2.1             00000000010BB4A1  Unknown               Unknown  Unknown
mst2.1             00000000010B9BF7  Unknown               Unknown  Unknown
mst2.1             0000000001075454  Unknown               Unknown  Unknown
mst2.1             0000000001075266  Unknown               Unknown  Unknown
mst2.1             000000000102883F  Unknown               Unknown  Unknown
mst2.1             000000000102E547  Unknown               Unknown  Unknown
libpthread.so.0    00007F038D7DD370  Unknown               Unknown  Unknown
mst2.1             0000000000CAC647  relsssolvermodule        1263  RelSSSolverModule.F90
mst2.1             0000000000C43257  relsssolvermodule        1789  RelSSSolverModule.F90
mst2.1             0000000000C203B9  relsssolvermodule         664  RelSSSolverModule.F90
mst2.1             0000000000DE54DE  gfmethodmodule_mp        5052  GFMethodModule.F90
mst2.1             0000000000490D29  adaptintegrationm         430  AdaptIntegrationModule.F90
mst2.1             0000000000DEC205  gfmethodmodule_mp        2672  GFMethodModule.F90
mst2.1             0000000000DD7E72  gfmethodmodule_mp        5701  GFMethodModule.F90
mst2.1             0000000000DC6D2F  gfmethodmodule_mp         823  GFMethodModule.F90
mst2.1             000000000040EFC6  MAIN__                   1418  mst2.1.F90
mst2.1             0000000000404C5E  Unknown               Unknown  Unknown
libc.so.6          00007F038C1D7B35  Unknown               Unknown  Unknown
mst2.1             0000000000404B69  Unknown               Unknown  Unknown
forrtl: error (69): process interrupted (SIGINT)
Image              PC                Routine            Line        Source             
mst2.1             00000000010BB4A1  Unknown               Unknown  Unknown
mst2.1             00000000010B9BF7  Unknown               Unknown  Unknown
mst2.1             0000000001075454  Unknown               Unknown  Unknown
mst2.1             0000000001075266  Unknown               Unknown  Unknown
mst2.1             000000000102883F  Unknown               Unknown  Unknown
mst2.1             000000000102E547  Unknown               Unknown  Unknown
libpthread.so.0    00007F69302B0370  Unknown               Unknown  Unknown
mst2.1             0000000000CAB39C  relsssolvermodule        1289  RelSSSolverModule.F90
mst2.1             0000000000C41C31  relsssolvermodule        1783  RelSSSolverModule.F90
mst2.1             0000000000C203B9  relsssolvermodule         664  RelSSSolverModule.F90
mst2.1             0000000000DE54DE  gfmethodmodule_mp        5052  GFMethodModule.F90
mst2.1             0000000000490D29  adaptintegrationm         430  AdaptIntegrationModule.F90
mst2.1             0000000000DEC205  gfmethodmodule_mp        2672  GFMethodModule.F90
mst2.1             0000000000DD7E72  gfmethodmodule_mp        5701  GFMethodModule.F90
mst2.1             0000000000DC6D2F  gfmethodmodule_mp         823  GFMethodModule.F90
mst2.1             000000000040EFC6  MAIN__                   1418  mst2.1.F90
mst2.1             0000000000404C5E  Unknown               Unknown  Unknown
libc.so.6          00007F692ECAAB35  Unknown               Unknown  Unknown
mst2.1             0000000000404B69  Unknown               Unknown  Unknown
forrtl: error (69): process interrupted (SIGINT)
Image              PC                Routine            Line        Source             
mst2.1             00000000010BB4A1  Unknown               Unknown  Unknown
mst2.1             00000000010B9BF7  Unknown               Unknown  Unknown
mst2.1             0000000001075454  Unknown               Unknown  Unknown
mst2.1             0000000001075266  Unknown               Unknown  Unknown
mst2.1             000000000102883F  Unknown               Unknown  Unknown
mst2.1             000000000102E547  Unknown               Unknown  Unknown
libpthread.so.0    00007F38F013E370  Unknown               Unknown  Unknown
mst2.1             0000000000CAA09F  relsssolvermodule        1212  RelSSSolverModule.F90
mst2.1             0000000000C45137  relsssolvermodule        1803  RelSSSolverModule.F90
mst2.1             0000000000C203B9  relsssolvermodule         664  RelSSSolverModule.F90
mst2.1             0000000000DE54DE  gfmethodmodule_mp        5052  GFMethodModule.F90
mst2.1             0000000000490D29  adaptintegrationm         430  AdaptIntegrationModule.F90
mst2.1             0000000000DEC205  gfmethodmodule_mp        2672  GFMethodModule.F90
mst2.1             0000000000DD7E72  gfmethodmodule_mp        5701  GFMethodModule.F90
mst2.1             0000000000DC6D2F  gfmethodmodule_mp         823  GFMethodModule.F90
mst2.1             000000000040EFC6  MAIN__                   1418  mst2.1.F90
mst2.1             0000000000404C5E  Unknown               Unknown  Unknown
libc.so.6          00007F38EEB38B35  Unknown               Unknown  Unknown
mst2.1             0000000000404B69  Unknown               Unknown  Unknown
forrtl: error (69): process interrupted (SIGINT)
Image              PC                Routine            Line        Source             
mst2.1             00000000010BB4A1  Unknown               Unknown  Unknown
mst2.1             00000000010B9BF7  Unknown               Unknown  Unknown
mst2.1             0000000001075454  Unknown               Unknown  Unknown
mst2.1             0000000001075266  Unknown               Unknown  Unknown
mst2.1             000000000102883F  Unknown               Unknown  Unknown
mst2.1             000000000102E547  Unknown               Unknown  Unknown
libpthread.so.0    00007EFFD153F370  Unknown               Unknown  Unknown
mst2.1             0000000000CAA0A6  relsssolvermodule        1212  RelSSSolverModule.F90
mst2.1             0000000000C45C4A  relsssolvermodule        1806  RelSSSolverModule.F90
mst2.1             0000000000C203B9  relsssolvermodule         664  RelSSSolverModule.F90
mst2.1             0000000000DE54DE  gfmethodmodule_mp        5052  GFMethodModule.F90
mst2.1             0000000000490D29  adaptintegrationm         430  AdaptIntegrationModule.F90
mst2.1             0000000000DEC205  gfmethodmodule_mp        2672  GFMethodModule.F90
mst2.1             0000000000DD7E72  gfmethodmodule_mp        5701  GFMethodModule.F90
mst2.1             0000000000DC6D2F  gfmethodmodule_mp         823  GFMethodModule.F90
mst2.1             000000000040EFC6  MAIN__                   1418  mst2.1.F90
mst2.1             0000000000404C5E  Unknown               Unknown  Unknown
libc.so.6          00007EFFCFF39B35  Unknown               Unknown  Unknown
mst2.1             0000000000404B69  Unknown               Unknown  Unknown
forrtl: error (69): process interrupted (SIGINT)
Image              PC                Routine            Line        Source             
mst2.1             00000000010BB4A1  Unknown               Unknown  Unknown
mst2.1             00000000010B9BF7  Unknown               Unknown  Unknown
mst2.1             0000000001075454  Unknown               Unknown  Unknown
mst2.1             0000000001075266  Unknown               Unknown  Unknown
mst2.1             000000000102883F  Unknown               Unknown  Unknown
mst2.1             000000000102E547  Unknown               Unknown  Unknown
libpthread.so.0    00007F17F93C6370  Unknown               Unknown  Unknown
mst2.1             0000000000CAC634  relsssolvermodule        1263  RelSSSolverModule.F90
mst2.1             0000000000C42744  relsssolvermodule        1786  RelSSSolverModule.F90
mst2.1             0000000000C203B9  relsssolvermodule         664  RelSSSolverModule.F90
mst2.1             0000000000DE54DE  gfmethodmodule_mp        5052  GFMethodModule.F90
mst2.1             0000000000490D29  adaptintegrationm         430  AdaptIntegrationModule.F90
mst2.1             0000000000DEC205  gfmethodmodule_mp        2672  GFMethodModule.F90
mst2.1             0000000000DD7E72  gfmethodmodule_mp        5701  GFMethodModule.F90
mst2.1             0000000000DC6D2F  gfmethodmodule_mp         823  GFMethodModule.F90
mst2.1             000000000040EFC6  MAIN__                   1418  mst2.1.F90
mst2.1             0000000000404C5E  Unknown               Unknown  Unknown
libc.so.6          00007F17F7DC0B35  Unknown               Unknown  Unknown
mst2.1             0000000000404B69  Unknown               Unknown  Unknown
forrtl: error (69): process interrupted (SIGINT)
Image              PC                Routine            Line        Source             
mst2.1             00000000010BB4A1  Unknown               Unknown  Unknown
mst2.1             00000000010B9BF7  Unknown               Unknown  Unknown
mst2.1             0000000001075454  Unknown               Unknown  Unknown
mst2.1             0000000001075266  Unknown               Unknown  Unknown
mst2.1             000000000102883F  Unknown               Unknown  Unknown
mst2.1             000000000102E547  Unknown               Unknown  Unknown
libpthread.so.0    00007FAFF3D71370  Unknown               Unknown  Unknown
mst2.1             0000000000CAB655  relsssolvermodule        1260  RelSSSolverModule.F90
mst2.1             0000000000C47270  relsssolvermodule        1812  RelSSSolverModule.F90
mst2.1             0000000000C203B9  relsssolvermodule         664  RelSSSolverModule.F90
mst2.1             0000000000DE54DE  gfmethodmodule_mp        5052  GFMethodModule.F90
mst2.1             0000000000490D29  adaptintegrationm         430  AdaptIntegrationModule.F90
mst2.1             0000000000DEC205  gfmethodmodule_mp        2672  GFMethodModule.F90
mst2.1             0000000000DD7E72  gfmethodmodule_mp        5701  GFMethodModule.F90
mst2.1             0000000000DC6D2F  gfmethodmodule_mp         823  GFMethodModule.F90
mst2.1             000000000040EFC6  MAIN__                   1418  mst2.1.F90
mst2.1             0000000000404C5E  Unknown               Unknown  Unknown
libc.so.6          00007FAFF276BB35  Unknown               Unknown  Unknown
mst2.1             0000000000404B69  Unknown               Unknown  Unknown
forrtl: error (69): process interrupted (SIGINT)
Image              PC                Routine            Line        Source             
mst2.1             00000000010BB4A1  Unknown               Unknown  Unknown
mst2.1             00000000010B9BF7  Unknown               Unknown  Unknown
mst2.1             0000000001075454  Unknown               Unknown  Unknown
mst2.1             0000000001075266  Unknown               Unknown  Unknown
mst2.1             000000000102883F  Unknown               Unknown  Unknown
mst2.1             000000000102E547  Unknown               Unknown  Unknown
libpthread.so.0    00007FDD1A497370  Unknown               Unknown  Unknown
mst2.1             0000000000CAB655  relsssolvermodule        1260  RelSSSolverModule.F90
mst2.1             0000000000C43257  relsssolvermodule        1789  RelSSSolverModule.F90
mst2.1             0000000000C203B9  relsssolvermodule         664  RelSSSolverModule.F90
mst2.1             0000000000DE54DE  gfmethodmodule_mp        5052  GFMethodModule.F90
mst2.1             0000000000490D29  adaptintegrationm         430  AdaptIntegrationModule.F90
mst2.1             0000000000DEC205  gfmethodmodule_mp        2672  GFMethodModule.F90
mst2.1             0000000000DD7E72  gfmethodmodule_mp        5701  GFMethodModule.F90
mst2.1             0000000000DC6D2F  gfmethodmodule_mp         823  GFMethodModule.F90
mst2.1             000000000040EFC6  MAIN__                   1418  mst2.1.F90
mst2.1             0000000000404C5E  Unknown               Unknown  Unknown
libc.so.6          00007FDD18E91B35  Unknown               Unknown  Unknown
mst2.1             0000000000404B69  Unknown               Unknown  Unknown
forrtl: error (69): process interrupted (SIGINT)
Image              PC                Routine            Line        Source             
mst2.1             00000000010BB4A1  Unknown               Unknown  Unknown
mst2.1             00000000010B9BF7  Unknown               Unknown  Unknown
mst2.1             0000000001075454  Unknown               Unknown  Unknown
mst2.1             0000000001075266  Unknown               Unknown  Unknown
mst2.1             000000000102883F  Unknown               Unknown  Unknown
mst2.1             000000000102E547  Unknown               Unknown  Unknown
libpthread.so.0    00007FC869E59370  Unknown               Unknown  Unknown
mst2.1             0000000000CAC1DA  relsssolvermodule        1261  RelSSSolverModule.F90
mst2.1             0000000000C41C31  relsssolvermodule        1783  RelSSSolverModule.F90
mst2.1             0000000000C203B9  relsssolvermodule         664  RelSSSolverModule.F90
mst2.1             0000000000DE54DE  gfmethodmodule_mp        5052  GFMethodModule.F90
mst2.1             0000000000490D29  adaptintegrationm         430  AdaptIntegrationModule.F90
mst2.1             0000000000DEC205  gfmethodmodule_mp        2672  GFMethodModule.F90
mst2.1             0000000000DD7E72  gfmethodmodule_mp        5701  GFMethodModule.F90
mst2.1             0000000000DC6D2F  gfmethodmodule_mp         823  GFMethodModule.F90
mst2.1             000000000040EFC6  MAIN__                   1418  mst2.1.F90
mst2.1             0000000000404C5E  Unknown               Unknown  Unknown
libc.so.6          00007FC868853B35  Unknown               Unknown  Unknown
mst2.1             0000000000404B69  Unknown               Unknown  Unknown
forrtl: error (69): process interrupted (SIGINT)
Image              PC                Routine            Line        Source             
mst2.1             00000000010BB4A1  Unknown               Unknown  Unknown
mst2.1             00000000010B9BF7  Unknown               Unknown  Unknown
mst2.1             0000000001075454  Unknown               Unknown  Unknown
mst2.1             0000000001075266  Unknown               Unknown  Unknown
mst2.1             000000000102883F  Unknown               Unknown  Unknown
mst2.1             000000000102E547  Unknown               Unknown  Unknown
libpthread.so.0    00007FEE7BD2A370  Unknown               Unknown  Unknown
mst2.1             0000000000CABD12  relsssolvermodule        1292  RelSSSolverModule.F90
mst2.1             0000000000C45C4A  relsssolvermodule        1806  RelSSSolverModule.F90
mst2.1             0000000000C203B9  relsssolvermodule         664  RelSSSolverModule.F90
mst2.1             0000000000DE54DE  gfmethodmodule_mp        5052  GFMethodModule.F90
mst2.1             0000000000490D29  adaptintegrationm         430  AdaptIntegrationModule.F90
mst2.1             0000000000DEC205  gfmethodmodule_mp        2672  GFMethodModule.F90
mst2.1             0000000000DD7E72  gfmethodmodule_mp        5701  GFMethodModule.F90
mst2.1             0000000000DC6D2F  gfmethodmodule_mp         823  GFMethodModule.F90
mst2.1             000000000040EFC6  MAIN__                   1418  mst2.1.F90
mst2.1             0000000000404C5E  Unknown               Unknown  Unknown
libc.so.6          00007FEE7A724B35  Unknown               Unknown  Unknown
mst2.1             0000000000404B69  Unknown               Unknown  Unknown
forrtl: error (69): process interrupted (SIGINT)
Image              PC                Routine            Line        Source             
mst2.1             00000000010BB4A1  Unknown               Unknown  Unknown
mst2.1             00000000010B9BF7  Unknown               Unknown  Unknown
mst2.1             0000000001075454  Unknown               Unknown  Unknown
mst2.1             0000000001075266  Unknown               Unknown  Unknown
mst2.1             000000000102883F  Unknown               Unknown  Unknown
mst2.1             000000000102E547  Unknown               Unknown  Unknown
libpthread.so.0    00007F38C358F370  Unknown               Unknown  Unknown
mst2.1             0000000000CAB390  relsssolvermodule        1289  RelSSSolverModule.F90
mst2.1             0000000000C45137  relsssolvermodule        1803  RelSSSolverModule.F90
mst2.1             0000000000C203B9  relsssolvermodule         664  RelSSSolverModule.F90
mst2.1             0000000000DE54DE  gfmethodmodule_mp        5052  GFMethodModule.F90
mst2.1             0000000000490D29  adaptintegrationm         430  AdaptIntegrationModule.F90
mst2.1             0000000000DEC205  gfmethodmodule_mp        2672  GFMethodModule.F90
mst2.1             0000000000DD7E72  gfmethodmodule_mp        5701  GFMethodModule.F90
mst2.1             0000000000DC6D2F  gfmethodmodule_mp         823  GFMethodModule.F90
mst2.1             000000000040EFC6  MAIN__                   1418  mst2.1.F90
mst2.1             0000000000404C5E  Unknown               Unknown  Unknown
libc.so.6          00007F38C1F89B35  Unknown               Unknown  Unknown
mst2.1             0000000000404B69  Unknown               Unknown  Unknown
forrtl: error (69): process interrupted (SIGINT)
Image              PC                Routine            Line        Source             
mst2.1             00000000010BB4A1  Unknown               Unknown  Unknown
mst2.1             00000000010B9BF7  Unknown               Unknown  Unknown
mst2.1             0000000001075454  Unknown               Unknown  Unknown
mst2.1             0000000001075266  Unknown               Unknown  Unknown
mst2.1             000000000102883F  Unknown               Unknown  Unknown
mst2.1             000000000102E547  Unknown               Unknown  Unknown
libpthread.so.0    00007F4F0B356370  Unknown               Unknown  Unknown
libmkl_avx.so      00007F4EEC57FBF0  Unknown               Unknown  Unknown
libmkl_avx.so      00007F4EEC57B5F2  Unknown               Unknown  Unknown
libmkl_avx.so      00007F4EEC579FDF  Unknown               Unknown  Unknown
libmkl_intel_lp64  00007F4F0DCC58FE  Unknown               Unknown  Unknown
mst2.1             0000000000CCCAEE  relsssolvermodule        2673  RelSSSolverModule.F90
mst2.1             0000000000CBDE02  relsssolvermodule        2549  RelSSSolverModule.F90
mst2.1             0000000000C203EF  relsssolvermodule         666  RelSSSolverModule.F90
mst2.1             0000000000DE54DE  gfmethodmodule_mp        5052  GFMethodModule.F90
mst2.1             0000000000490D29  adaptintegrationm         430  AdaptIntegrationModule.F90
mst2.1             0000000000DEC205  gfmethodmodule_mp        2672  GFMethodModule.F90
mst2.1             0000000000DD7E72  gfmethodmodule_mp        5701  GFMethodModule.F90
mst2.1             0000000000DC6D2F  gfmethodmodule_mp         823  GFMethodModule.F90
mst2.1             000000000040EFC6  MAIN__                   1418  mst2.1.F90
mst2.1             0000000000404C5E  Unknown               Unknown  Unknown
libc.so.6          00007F4F09D50B35  Unknown               Unknown  Unknown
mst2.1             0000000000404B69  Unknown               Unknown  Unknown
forrtl: error (69): process interrupted (SIGINT)
Image              PC                Routine            Line        Source             
mst2.1             00000000010BB4A1  Unknown               Unknown  Unknown
mst2.1             00000000010B9BF7  Unknown               Unknown  Unknown
mst2.1             0000000001075454  Unknown               Unknown  Unknown
mst2.1             0000000001075266  Unknown               Unknown  Unknown
mst2.1             000000000102883F  Unknown               Unknown  Unknown
mst2.1             000000000102E547  Unknown               Unknown  Unknown
libpthread.so.0    00007FD91FFCE370  Unknown               Unknown  Unknown
mst2.1             0000000000CABBDC  relsssolvermodule        1291  RelSSSolverModule.F90
mst2.1             0000000000C41C31  relsssolvermodule        1783  RelSSSolverModule.F90
mst2.1             0000000000C203B9  relsssolvermodule         664  RelSSSolverModule.F90
mst2.1             0000000000DE54DE  gfmethodmodule_mp        5052  GFMethodModule.F90
mst2.1             0000000000490D29  adaptintegrationm         430  AdaptIntegrationModule.F90
mst2.1             0000000000DEC205  gfmethodmodule_mp        2672  GFMethodModule.F90
mst2.1             0000000000DD7E72  gfmethodmodule_mp        5701  GFMethodModule.F90
mst2.1             0000000000DC6D2F  gfmethodmodule_mp         823  GFMethodModule.F90
mst2.1             000000000040EFC6  MAIN__                   1418  mst2.1.F90
mst2.1             0000000000404C5E  Unknown               Unknown  Unknown
libc.so.6          00007FD91E9C8B35  Unknown               Unknown  Unknown
mst2.1             0000000000404B69  Unknown               Unknown  Unknown
forrtl: error (69): process interrupted (SIGINT)
Image              PC                Routine            Line        Source             
mst2.1             00000000010BB4A1  Unknown               Unknown  Unknown
mst2.1             00000000010B9BF7  Unknown               Unknown  Unknown
mst2.1             0000000001075454  Unknown               Unknown  Unknown
mst2.1             0000000001075266  Unknown               Unknown  Unknown
mst2.1             000000000102883F  Unknown               Unknown  Unknown
mst2.1             000000000102E547  Unknown               Unknown  Unknown
libpthread.so.0    00007F593E5CC370  Unknown               Unknown  Unknown
mst2.1             0000000000CAAC35  relsssolvermodule        1286  RelSSSolverModule.F90
mst2.1             0000000000C43257  relsssolvermodule        1789  RelSSSolverModule.F90
mst2.1             0000000000C203B9  relsssolvermodule         664  RelSSSolverModule.F90
mst2.1             0000000000DE54DE  gfmethodmodule_mp        5052  GFMethodModule.F90
mst2.1             0000000000490D29  adaptintegrationm         430  AdaptIntegrationModule.F90
mst2.1             0000000000DEC205  gfmethodmodule_mp        2672  GFMethodModule.F90
mst2.1             0000000000DD7E72  gfmethodmodule_mp        5701  GFMethodModule.F90
mst2.1             0000000000DC6D2F  gfmethodmodule_mp         823  GFMethodModule.F90
mst2.1             000000000040EFC6  MAIN__                   1418  mst2.1.F90
mst2.1             0000000000404C5E  Unknown               Unknown  Unknown
libc.so.6          00007F593CFC6B35  Unknown               Unknown  Unknown
mst2.1             0000000000404B69  Unknown               Unknown  Unknown
