  
             ********************************************************
             *                                                      *
             *              Fortran 90 Interface Module             *
             *                                                      *
             *                         For                          *
             *                                                      *
             *              MPI Message Passing Library             *
             *                                                      *
             *                   Version No. 2.0k                   *
             *                                                      *
             ********************************************************
  
 CHARACTER_BYTES =            1
 INTEGER_BYTES   =            4
 REAL_BYTES      =            8
 COMPLEX_BYTES   =           16
 ADDRESS_BYTES   =            8
  
 Number of Procs =            8
  
Execution starts at 17:43:40, 09-21-2018 on     8 nodes
#-------------------------------------------------------------------------------
#
#
#           ********************************************************
#           *                                                      *
#           *    Full-Potential Multiple Scattering Theory Based   *
#           *                                                      *
#           *  Ab Initio Electronic Structure Calculation Package  *
#           *                                                      *
#           ********************************************************
#
#
#   username                 : ywg
#   system name              : muir6.psc.edu
#   code compiled            : Friday, September 21 2018 16:09:12
#-------------------------------------------------------------------------------

 The Position Data File: ./position.dat

 The Position Data is read successfully!


================================================================================

 The lattice system is: Cubic       

********************************
* Output from SPACEGRP         *
********************************

The point group of the crystal is the full cubic        group
Space group is symmorphic
--------------------------------------------------------------------------------

********************************
* Output from CHECKSYMM        *
********************************

Symmetry is correct
--------------------------------------------------------------------------------

********************************
* Output from SPACEGRP         *
********************************

The point group of the crystal is the full cubic        group
Space group is symmorphic
--------------------------------------------------------------------------------

********************************
* Output from SPKPT            *
********************************

Wavevector mesh contains   16384 points
--------------------------------------------------------------------------------

================================================================================

            *********************************************
            *     Output from createParallelization     *
            *            in ProcMappingModule           *
            *********************************************

The number of processors in each box :    1
The number of repeats along k-dimen. :    8
The number of repeats along e-dimen. :    1
Dimension of the box :    1 x    1 x    1
MyPE =     0, NumEs, NumEsPerBox =    30   30
MyPE =     0, NumKs, NumKsPerBox =   408   51
MyPE =     0, K index =     1    2    3    4    5    6    7    8    9   10   11   12   13   14   15   16, ...,...
K index =     1    2    3    4    5    6    7    8    9   10   11   12   13   14   15   16, ...,...
Process =     0    0    0    0    0    0    0    0    0    0    0    0    0    0    0    0, ...,...
MyPE =     3, NumEs, NumEsPerBox =    30   30
MyPE =     1, NumEs, NumEsPerBox =    30   30
MyPE =     1, NumKs, NumKsPerBox =   408   51
MyPE =     1, K index =    52   53   54   55   56   57   58   59   60   61   62   63   64   65   66   67, ...,...
MyPE =     2, NumEs, NumEsPerBox =    30   30
MyPE =     4, NumEs, NumEsPerBox =    30   30
MyPE =     4, NumKs, NumKsPerBox =   408   51
MyPE =     4, K index =   205  206  207  208  209  210  211  212  213  214  215  216  217  218  219  220, ...,...
MyPE =     5, NumEs, NumEsPerBox =    30   30
MyPE =     5, NumKs, NumKsPerBox =   408   51
MyPE =     5, K index =   256  257  258  259  260  261  262  263  264  265  266  267  268  269  270  271, ...,...
MyPE =     6, NumEs, NumEsPerBox =    30   30
MyPE =     6, NumKs, NumKsPerBox =   408   51
MyPE =     6, K index =   307  308  309  310  311  312  313  314  315  316  317  318  319  320  321  322, ...,...
MyPE =     7, NumEs, NumEsPerBox =    30   30
MyPE =     7, NumKs, NumKsPerBox =   408   51
MyPE =     7, K index =   358  359  360  361  362  363  364  365  366  367  368  369  370  371  372  373, ...,...
MyPE =     3, NumKs, NumKsPerBox =   408   51
MyPE =     3, K index =   154  155  156  157  158  159  160  161  162  163  164  165  166  167  168  169, ...,...
MyPE =     2, NumKs, NumKsPerBox =   408   51
MyPE =     2, K index =   103  104  105  106  107  108  109  110  111  112  113  114  115  116  117  118, ...,...

================================================================================

The number of processes that write output data:      1
 Running on            1 threads
