Title: Hafnium Atomic Potential                                               
  zed=    72.00000000000000     
  icon=            0
  nspins=            1
 iexc=            1
  number of scf iterations is            25      with mixing parameter alpha= 
   0.1000000000000000     
 output potential file is Hf_a.pot            
Title: Hafnium Atomic Potential                                               
    0                    continuing run (0=no,1=yes,2=yes+ch.occ)
  72.00000               zed: atomic number
   0.00000               moment
    1                    number of spins
    1                    ex-cor type (1=vb-hedin,2=vosko)
   25                    number of iterations
   0.10000               mixing parameter
Hf_a.pot                 pot file (output)
 =========================================================================
 atomic code: local density (spherical)   written jan/feb 87 by f.j.pinski
 .........................................................................
 =========================================================================
     atomic number  72.   chemical symbol: hf   element: hafnium        
 =========================================================================
            mesh= 1001        nsize=  40        nblock=  25
   r(   1)=   0.00000000    r(  51)=   0.00225000    r( 101)=   0.00750000
   r( 151)=   0.01950000    r( 201)=   0.04650000    r( 251)=   0.11850000
   r( 301)=   0.28649999    r( 351)=   0.67049998    r( 401)=   1.53449996
   r( 451)=   3.83849990    r( 501)=   9.21449977    r( 551)=  21.50249946
   r( 601)=  36.86249907    r( 651)=  52.22249868    r( 701)=  67.58249829
   r( 751)=  82.94249790    r( 801)=  98.30249752    r( 851)= 113.66249713

 +++++++++++++++++++++++ number of electrons: 72.000 +++++++++++++++++++++
 =========================================================================
                             state configuration
 -------------------------------------------------------------------------
  1.1s:n=1,l=0,e=-3888.000,occ= 2.00   2.2s:n=2,l=0,e=  -60.750,occ= 2.00
  3.2p:n=2,l=1,e=  -60.750,occ= 6.00   4.3s:n=3,l=0,e=   -5.333,occ= 2.00
  5.3p:n=3,l=1,e=   -5.333,occ= 6.00   6.4s:n=4,l=0,e=   -0.949,occ= 2.00
  7.3d:n=3,l=2,e=   -5.333,occ=10.00   8.4p:n=4,l=1,e=   -0.949,occ= 6.00
  9.5s:n=5,l=0,e=   -0.249,occ= 2.00  10.4d:n=4,l=2,e=   -0.949,occ=10.00
 11.5p:n=5,l=1,e=   -0.249,occ= 6.00  12.6s:n=6,l=0,e=   -0.083,occ= 2.00
 13.4f:n=4,l=3,e=   -0.949,occ=14.00  14.5d:n=5,l=2,e=   -0.249,occ= 2.00
 =========================================================================
 =========================================================================
  atomic number  72.00        hf  ==========  atom:    up electrons=36.00
 ==================================================  down electrons=36.00

 =========================================================================
  iteration number:   1                   mixing parameter:  0.100
 =========================================================================
 foundit, spin=1, state= 1, n=1, l=0, energy= -4387.23247789306, oc= 2.000
 foundit, spin=1, state= 2, n=2, l=0, energy=  -709.36780812041, oc= 2.000
 foundit, spin=1, state= 3, n=2, l=1, energy=  -678.57360877733, oc= 6.000
 foundit, spin=1, state= 4, n=3, l=0, energy=  -158.92777381608, oc= 2.000
 foundit, spin=1, state= 5, n=3, l=1, energy=  -144.57816131070, oc= 6.000
 foundit, spin=1, state= 6, n=4, l=0, energy=   -32.92645819796, oc= 2.000
 foundit, spin=1, state= 7, n=3, l=2, energy=  -117.26367233965, oc=10.000
 foundit, spin=1, state= 8, n=4, l=1, energy=   -27.11341273980, oc= 6.000
 foundit, spin=1, state= 9, n=5, l=0, energy=    -4.48991752605, oc= 2.000
 foundit, spin=1, state=10, n=4, l=2, energy=   -16.50229267604, oc=10.000
 foundit, spin=1, state=11, n=5, l=1, energy=    -2.75528823617, oc= 6.000
 foundit, spin=1, state=12, n=6, l=0, energy=    -0.15458345456, oc= 2.000
 foundit, spin=1, state=13, n=4, l=3, energy=    -2.99295236867, oc=14.000
 foundit, spin=1, state=14, n=5, l=2, energy=    -0.23509140962, oc= 2.000
 =========================================================================
 hafnium        at.num= 72.0      36.000 up   and 36.000  down   electrons
 =========================================================================
  total number of electrons:     72.00000000000006     
 r=  0.000000E+00 v(   1)= -0.144000E+03   r=  0.750000E-02 v( 101)= -0.137886E+03
 r=  0.465000E-01 v( 201)= -0.113374E+03   r=  0.286500E+00 v( 301)= -0.497120E+02
 r=  0.153450E+01 v( 401)= -0.583665E+01   r=  0.921450E+01 v( 501)= -0.680543E+00
 r=  0.368625E+02 v( 601)= -0.571561E-11   r=  0.675825E+02 v( 701)=  0.113687E-12
 r=  0.983025E+02 v( 801)=  0.113687E-12   r=  0.129022E+03 v( 901)=  0.113687E-12
 /////////////////////////////////////////////////////////////////////////
  qsum=************    excor=  -10.894512           energy= -28242.9889126
  corr= -387.381493                           total energy= -28630.3704053
 /////////////////////////////////////////////////////////////////////////
 _________________________________________________________________________
 ========= iter=  1 ==== rms difference in ch. density=  24.03     =======
 ========= iter=  1 ==== rms difference in r*potential= 0.6898     =======
 =========================================================================
  iteration number:   2                   mixing parameter:  0.100
 =========================================================================
 foundit, spin=1, state= 1, n=1, l=0, energy= -4391.14278525446, oc= 2.000
 foundit, spin=1, state= 2, n=2, l=0, energy=  -710.97061075378, oc= 2.000
 foundit, spin=1, state= 3, n=2, l=1, energy=  -680.22277418898, oc= 6.000
 foundit, spin=1, state= 4, n=3, l=0, energy=  -159.44561646702, oc= 2.000
 foundit, spin=1, state= 5, n=3, l=1, energy=  -145.13020357301, oc= 6.000
 foundit, spin=1, state= 6, n=4, l=0, energy=   -32.75112917923, oc= 2.000
 foundit, spin=1, state= 7, n=3, l=2, energy=  -117.93580900466, oc=10.000
 foundit, spin=1, state= 8, n=4, l=1, energy=   -26.93705522744, oc= 6.000
 foundit, spin=1, state= 9, n=5, l=0, energy=    -4.39345516458, oc= 2.000
 foundit, spin=1, state=10, n=4, l=2, energy=   -16.32710965750, oc=10.000
 foundit, spin=1, state=11, n=5, l=1, energy=    -2.67800181335, oc= 6.000
 foundit, spin=1, state=12, n=6, l=0, energy=    -0.16739174685, oc= 2.000
 foundit, spin=1, state=13, n=4, l=3, energy=    -2.79602778897, oc=14.000
 foundit, spin=1, state=14, n=5, l=2, energy=    -0.21102182485, oc= 2.000
 =========================================================================
 hafnium        at.num= 72.0      36.000 up   and 36.000  down   electrons
 =========================================================================
  total number of electrons:     72.00000000000009     
 r=  0.000000E+00 v(   1)= -0.144000E+03   r=  0.750000E-02 v( 101)= -0.137880E+03
 r=  0.465000E-01 v( 201)= -0.113344E+03   r=  0.286500E+00 v( 301)= -0.496873E+02
 r=  0.153450E+01 v( 401)= -0.594243E+01   r=  0.921450E+01 v( 501)= -0.676793E+00
 r=  0.368625E+02 v( 601)= -0.548539E-11   r=  0.675825E+02 v( 701)=  0.170530E-12
 r=  0.983025E+02 v( 801)=  0.170530E-12   r=  0.129022E+03 v( 901)=  0.170530E-12
 /////////////////////////////////////////////////////////////////////////
  qsum=************    excor=  -10.890260           energy= -28294.4221477
  corr= -336.929156                           total energy= -28631.3513033
 /////////////////////////////////////////////////////////////////////////
 _________________________________________________________________________
 ========= iter=  2 ==== rms difference in ch. density= 0.5476E-01 =======
 ========= iter=  2 ==== rms difference in r*potential= 0.5960     =======
 =========================================================================
  iteration number:   3                   mixing parameter:  0.100
 =========================================================================
 foundit, spin=1, state= 1, n=1, l=0, energy= -4394.59091548980, oc= 2.000
 foundit, spin=1, state= 2, n=2, l=0, energy=  -712.36277350812, oc= 2.000
 foundit, spin=1, state= 3, n=2, l=1, energy=  -681.65259463505, oc= 6.000
 foundit, spin=1, state= 4, n=3, l=0, energy=  -159.89327724165, oc= 2.000
 foundit, spin=1, state= 5, n=3, l=1, energy=  -145.60692373047, oc= 6.000
 foundit, spin=1, state= 6, n=4, l=0, energy=   -32.59972753087, oc= 2.000
 foundit, spin=1, state= 7, n=3, l=2, energy=  -118.51631336635, oc=10.000
 foundit, spin=1, state= 8, n=4, l=1, energy=   -26.78483012300, oc= 6.000
 foundit, spin=1, state= 9, n=5, l=0, energy=    -4.31632076346, oc= 2.000
 foundit, spin=1, state=10, n=4, l=2, energy=   -16.17635913767, oc=10.000
 foundit, spin=1, state=11, n=5, l=1, energy=    -2.61754137380, oc= 6.000
 foundit, spin=1, state=12, n=6, l=0, energy=    -0.18043635378, oc= 2.000
 foundit, spin=1, state=13, n=4, l=3, energy=    -2.62812587610, oc=14.000
 foundit, spin=1, state=14, n=5, l=2, energy=    -0.19633316894, oc= 2.000
 =========================================================================
 hafnium        at.num= 72.0      36.000 up   and 36.000  down   electrons
 =========================================================================
  total number of electrons:     72.00000000000004     
 r=  0.000000E+00 v(   1)= -0.144000E+03   r=  0.750000E-02 v( 101)= -0.137876E+03
 r=  0.465000E-01 v( 201)= -0.113320E+03   r=  0.286500E+00 v( 301)= -0.496709E+02
 r=  0.153450E+01 v( 401)= -0.603355E+01   r=  0.921450E+01 v( 501)= -0.670405E+00
 r=  0.368625E+02 v( 601)= -0.210321E-11   r=  0.675825E+02 v( 701)=  0.852651E-13
 r=  0.983025E+02 v( 801)=  0.852651E-13   r=  0.129022E+03 v( 901)=  0.852651E-13
 /////////////////////////////////////////////////////////////////////////
  qsum=************    excor=  -10.886376           energy= -28338.6693954
  corr= -293.413426                           total energy= -28632.0828211
 /////////////////////////////////////////////////////////////////////////
 _________________________________________________________________________
 ========= iter=  3 ==== rms difference in ch. density= 0.4689E-01 =======
 ========= iter=  3 ==== rms difference in r*potential= 0.5154     =======
 =========================================================================
  iteration number:   4                   mixing parameter:  0.100
 =========================================================================
 foundit, spin=1, state= 1, n=1, l=0, energy= -4397.63449523496, oc= 2.000
 foundit, spin=1, state= 2, n=2, l=0, energy=  -713.57406949020, oc= 2.000
 foundit, spin=1, state= 3, n=2, l=1, energy=  -682.89426839419, oc= 6.000
 foundit, spin=1, state= 4, n=3, l=0, energy=  -160.28185819680, oc= 2.000
 foundit, spin=1, state= 5, n=3, l=1, energy=  -146.02015725134, oc= 6.000
 foundit, spin=1, state= 6, n=4, l=0, energy=   -32.46997530386, oc= 2.000
 foundit, spin=1, state= 7, n=3, l=2, energy=  -119.01920515618, oc=10.000
 foundit, spin=1, state= 8, n=4, l=1, energy=   -26.65439523199, oc= 6.000
 foundit, spin=1, state= 9, n=5, l=0, energy=    -4.25538019574, oc= 2.000
 foundit, spin=1, state=10, n=4, l=2, energy=   -16.04754206124, oc=10.000
 foundit, spin=1, state=11, n=5, l=1, energy=    -2.57099538825, oc= 6.000
 foundit, spin=1, state=12, n=6, l=0, energy=    -0.19341333261, oc= 2.000
 foundit, spin=1, state=13, n=4, l=3, energy=    -2.48577238896, oc=14.000
 foundit, spin=1, state=14, n=5, l=2, energy=    -0.18867374490, oc= 2.000
 =========================================================================
 hafnium        at.num= 72.0      36.000 up   and 36.000  down   electrons
 =========================================================================
  total number of electrons:     71.99999999999997     
 r=  0.000000E+00 v(   1)= -0.144000E+03   r=  0.750000E-02 v( 101)= -0.137871E+03
 r=  0.465000E-01 v( 201)= -0.113299E+03   r=  0.286500E+00 v( 301)= -0.496602E+02
 r=  0.153450E+01 v( 401)= -0.611038E+01   r=  0.921450E+01 v( 501)= -0.662277E+00
 r=  0.368625E+02 v( 601)= -0.994760E-12   r=  0.675825E+02 v( 701)= -0.568434E-13
 r=  0.983025E+02 v( 801)= -0.568434E-13   r=  0.129022E+03 v( 901)= -0.568434E-13
 /////////////////////////////////////////////////////////////////////////
  qsum=************    excor=  -10.882953           energy= -28376.8203878
  corr= -255.808023                           total energy= -28632.6284112
 /////////////////////////////////////////////////////////////////////////
 _________________________________________________________________________
 ========= iter=  4 ==== rms difference in ch. density= 0.4023E-01 =======
 ========= iter=  4 ==== rms difference in r*potential= 0.4464     =======
 =========================================================================
  iteration number:   5                   mixing parameter:  0.100
 =========================================================================
 foundit, spin=1, state= 1, n=1, l=0, energy= -4415.71586287892, oc= 2.000
 foundit, spin=1, state= 2, n=2, l=0, energy=  -720.67389460145, oc= 2.000
 foundit, spin=1, state= 3, n=2, l=1, energy=  -690.15617835459, oc= 6.000
 foundit, spin=1, state= 4, n=3, l=0, energy=  -162.57182644125, oc= 2.000
 foundit, spin=1, state= 5, n=3, l=1, energy=  -148.45175194714, oc= 6.000
 foundit, spin=1, state= 6, n=4, l=0, energy=   -31.73306120285, oc= 2.000
 foundit, spin=1, state= 7, n=3, l=2, energy=  -121.97546645144, oc=10.000
 foundit, spin=1, state= 8, n=4, l=1, energy=   -25.91393283258, oc= 6.000
 foundit, spin=1, state= 9, n=5, l=0, energy=    -3.94312560742, oc= 2.000
 foundit, spin=1, state=10, n=4, l=2, energy=   -15.31985826463, oc=10.000
 foundit, spin=1, state=11, n=5, l=1, energy=    -2.34396665349, oc= 6.000
 foundit, spin=1, state=12, n=6, l=0, energy=    -0.27873067324, oc= 2.000
 foundit, spin=1, state=13, n=4, l=3, energy=    -1.69477628631, oc=14.000
 foundit, spin=1, state=14, n=5, l=2, energy=    -0.18611501087, oc= 2.000
 =========================================================================
 hafnium        at.num= 72.0      36.000 up   and 36.000  down   electrons
 =========================================================================
  total number of electrons:     71.99999999999997     
 r=  0.000000E+00 v(   1)= -0.144000E+03   r=  0.750000E-02 v( 101)= -0.137848E+03
 r=  0.465000E-01 v( 201)= -0.113185E+03   r=  0.286500E+00 v( 301)= -0.496365E+02
 r=  0.153450E+01 v( 401)= -0.657790E+01   r=  0.921450E+01 v( 501)= -0.619748E+00
 r=  0.368625E+02 v( 601)= -0.142109E-12   r=  0.675825E+02 v( 701)= -0.568434E-13
 r=  0.983025E+02 v( 801)= -0.568434E-13   r=  0.129022E+03 v( 901)= -0.568434E-13
 /////////////////////////////////////////////////////////////////////////
  qsum=************    excor=  -10.860440           energy= -28598.5533852
  corr=  -35.656555                           total energy= -28634.2099397
 /////////////////////////////////////////////////////////////////////////
 _________________________________________________________________________
 ========= iter=  5 ==== rms difference in ch. density= 0.2354     =======
 ========= iter=  5 ==== rms difference in r*potential= 0.1339     =======
 =========================================================================
  iteration number:   6                   mixing parameter:  0.100
 =========================================================================
 foundit, spin=1, state= 1, n=1, l=0, energy= -4416.86081225327, oc= 2.000
 foundit, spin=1, state= 2, n=2, l=0, energy=  -720.72520783485, oc= 2.000
 foundit, spin=1, state= 3, n=2, l=1, energy=  -690.14268369668, oc= 6.000
 foundit, spin=1, state= 4, n=3, l=0, energy=  -162.60705838886, oc= 2.000
 foundit, spin=1, state= 5, n=3, l=1, energy=  -148.46616800789, oc= 6.000
 foundit, spin=1, state= 6, n=4, l=0, energy=   -31.84999877598, oc= 2.000
 foundit, spin=1, state= 7, n=3, l=2, energy=  -121.96116557407, oc=10.000
 foundit, spin=1, state= 8, n=4, l=1, energy=   -26.02965094595, oc= 6.000
 foundit, spin=1, state= 9, n=5, l=0, energy=    -4.11392824601, oc= 2.000
 foundit, spin=1, state=10, n=4, l=2, energy=   -15.43855414780, oc=10.000
 foundit, spin=1, state=11, n=5, l=1, energy=    -2.50095421459, oc= 6.000
 foundit, spin=1, state=12, n=6, l=0, energy=    -0.32185245000, oc= 2.000
 foundit, spin=1, state=13, n=4, l=3, energy=    -1.82946961537, oc=14.000
 foundit, spin=1, state=14, n=5, l=2, energy=    -0.28093537805, oc= 2.000
 =========================================================================
 hafnium        at.num= 72.0      36.000 up   and 36.000  down   electrons
 =========================================================================
  total number of electrons:     71.99999999999990     
 r=  0.000000E+00 v(   1)= -0.144000E+03   r=  0.750000E-02 v( 101)= -0.137849E+03
 r=  0.465000E-01 v( 201)= -0.113190E+03   r=  0.286500E+00 v( 301)= -0.496412E+02
 r=  0.153450E+01 v( 401)= -0.635815E+01   r=  0.921450E+01 v( 501)= -0.526795E+00
 r=  0.368625E+02 v( 601)= -0.198952E-12   r=  0.675825E+02 v( 701)= -0.198952E-12
 r=  0.983025E+02 v( 801)= -0.198952E-12   r=  0.129022E+03 v( 901)= -0.198952E-12
 /////////////////////////////////////////////////////////////////////////
  qsum=************    excor=  -10.870306           energy= -28592.9667930
  corr=  -41.258405                           total energy= -28634.2251977
 /////////////////////////////////////////////////////////////////////////
 _________________________________________________________________________
 ========= iter=  6 ==== rms difference in ch. density= 0.3441E-01 =======
 ========= iter=  6 ==== rms difference in r*potential= 0.6162E-01 =======
 =========================================================================
  iteration number:   7                   mixing parameter:  0.100
 =========================================================================
 foundit, spin=1, state= 1, n=1, l=0, energy= -4419.59004378183, oc= 2.000
 foundit, spin=1, state= 2, n=2, l=0, energy=  -721.71195786907, oc= 2.000
 foundit, spin=1, state= 3, n=2, l=1, energy=  -691.13652323423, oc= 6.000
 foundit, spin=1, state= 4, n=3, l=0, energy=  -162.93315352402, oc= 2.000
 foundit, spin=1, state= 5, n=3, l=1, energy=  -148.80733343765, oc= 6.000
 foundit, spin=1, state= 6, n=4, l=0, energy=   -31.76851268662, oc= 2.000
 foundit, spin=1, state= 7, n=3, l=2, energy=  -122.36898871287, oc=10.000
 foundit, spin=1, state= 8, n=4, l=1, energy=   -25.94722634282, oc= 6.000
 foundit, spin=1, state= 9, n=5, l=0, energy=    -4.09542197416, oc= 2.000
 foundit, spin=1, state=10, n=4, l=2, energy=   -15.35839722526, oc=10.000
 foundit, spin=1, state=11, n=5, l=1, energy=    -2.49188313393, oc= 6.000
 foundit, spin=1, state=12, n=6, l=0, energy=    -0.33855982523, oc= 2.000
 foundit, spin=1, state=13, n=4, l=3, energy=    -1.74475290561, oc=14.000
 foundit, spin=1, state=14, n=5, l=2, energy=    -0.29309720967, oc= 2.000
 =========================================================================
 hafnium        at.num= 72.0      36.000 up   and 36.000  down   electrons
 =========================================================================
  total number of electrons:     72.00000000000001     
 r=  0.000000E+00 v(   1)= -0.144000E+03   r=  0.750000E-02 v( 101)= -0.137846E+03
 r=  0.465000E-01 v( 201)= -0.113175E+03   r=  0.286500E+00 v( 301)= -0.496410E+02
 r=  0.153450E+01 v( 401)= -0.639696E+01   r=  0.921450E+01 v( 501)= -0.512942E+00
 r=  0.368625E+02 v( 601)=  0.284217E-13   r=  0.675825E+02 v( 701)=  0.284217E-13
 r=  0.983025E+02 v( 801)=  0.284217E-13   r=  0.129022E+03 v( 901)=  0.284217E-13
 /////////////////////////////////////////////////////////////////////////
  qsum=************    excor=  -10.868242           energy= -28623.0578394
  corr=  -11.198187                           total energy= -28634.2560267
 /////////////////////////////////////////////////////////////////////////
 _________________________________________________________________________
 ========= iter=  7 ==== rms difference in ch. density= 0.3073E-01 =======
 ========= iter=  7 ==== rms difference in r*potential= 0.2147E-01 =======
 =========================================================================
  iteration number:   8                   mixing parameter:  0.100
 =========================================================================
 foundit, spin=1, state= 1, n=1, l=0, energy= -4420.01340470533, oc= 2.000
 foundit, spin=1, state= 2, n=2, l=0, energy=  -721.79100979082, oc= 2.000
 foundit, spin=1, state= 3, n=2, l=1, energy=  -691.20025373166, oc= 6.000
 foundit, spin=1, state= 4, n=3, l=0, energy=  -162.96780319959, oc= 2.000
 foundit, spin=1, state= 5, n=3, l=1, energy=  -148.83843757582, oc= 6.000
 foundit, spin=1, state= 6, n=4, l=0, energy=   -31.77552612495, oc= 2.000
 foundit, spin=1, state= 7, n=3, l=2, energy=  -122.39879401212, oc=10.000
 foundit, spin=1, state= 8, n=4, l=1, energy=   -25.95337898843, oc= 6.000
 foundit, spin=1, state= 9, n=5, l=0, energy=    -4.10161315327, oc= 2.000
 foundit, spin=1, state=10, n=4, l=2, energy=   -15.36443048988, oc=10.000
 foundit, spin=1, state=11, n=5, l=1, energy=    -2.49685182121, oc= 6.000
 foundit, spin=1, state=12, n=6, l=0, energy=    -0.33944022693, oc= 2.000
 foundit, spin=1, state=13, n=4, l=3, energy=    -1.75143240222, oc=14.000
 foundit, spin=1, state=14, n=5, l=2, energy=    -0.29502701302, oc= 2.000
 =========================================================================
 hafnium        at.num= 72.0      36.000 up   and 36.000  down   electrons
 =========================================================================
  total number of electrons:     71.99999999999999     
 r=  0.000000E+00 v(   1)= -0.144000E+03   r=  0.750000E-02 v( 101)= -0.137845E+03
 r=  0.465000E-01 v( 201)= -0.113173E+03   r=  0.286500E+00 v( 301)= -0.496339E+02
 r=  0.153450E+01 v( 401)= -0.638968E+01   r=  0.921450E+01 v( 501)= -0.509683E+00
 r=  0.368625E+02 v( 601)= -0.284217E-13   r=  0.675825E+02 v( 701)= -0.284217E-13
 r=  0.983025E+02 v( 801)= -0.284217E-13   r=  0.129022E+03 v( 901)= -0.284217E-13
 /////////////////////////////////////////////////////////////////////////
  qsum=************    excor=  -10.868964           energy= -28626.2633721
  corr=   -7.993384                           total energy= -28634.2567560
 /////////////////////////////////////////////////////////////////////////
 _________________________________________________________________________
 ========= iter=  8 ==== rms difference in ch. density= 0.2108E-02 =======
 ========= iter=  8 ==== rms difference in r*potential= 0.1607E-01 =======
 =========================================================================
  iteration number:   9                   mixing parameter:  0.100
 =========================================================================
 foundit, spin=1, state= 1, n=1, l=0, energy= -4421.10374762481, oc= 2.000
 foundit, spin=1, state= 2, n=2, l=0, energy=  -722.02246080703, oc= 2.000
 foundit, spin=1, state= 3, n=2, l=1, energy=  -691.39865200363, oc= 6.000
 foundit, spin=1, state= 4, n=3, l=0, energy=  -163.05854552550, oc= 2.000
 foundit, spin=1, state= 5, n=3, l=1, energy=  -148.92257170439, oc= 6.000
 foundit, spin=1, state= 6, n=4, l=0, energy=   -31.77459544900, oc= 2.000
 foundit, spin=1, state= 7, n=3, l=2, energy=  -122.48496245242, oc=10.000
 foundit, spin=1, state= 8, n=4, l=1, energy=   -25.95042791242, oc= 6.000
 foundit, spin=1, state= 9, n=5, l=0, energy=    -4.10197904587, oc= 2.000
 foundit, spin=1, state=10, n=4, l=2, energy=   -15.36124991523, oc=10.000
 foundit, spin=1, state=11, n=5, l=1, energy=    -2.49599823191, oc= 6.000
 foundit, spin=1, state=12, n=6, l=0, energy=    -0.33920628534, oc= 2.000
 foundit, spin=1, state=13, n=4, l=3, energy=    -1.74912261498, oc=14.000
 foundit, spin=1, state=14, n=5, l=2, energy=    -0.29293559703, oc= 2.000
 =========================================================================
 hafnium        at.num= 72.0      36.000 up   and 36.000  down   electrons
 =========================================================================
  total number of electrons:     71.99999999999997     
 r=  0.000000E+00 v(   1)= -0.144000E+03   r=  0.750000E-02 v( 101)= -0.137844E+03
 r=  0.465000E-01 v( 201)= -0.113168E+03   r=  0.286500E+00 v( 301)= -0.496208E+02
 r=  0.153450E+01 v( 401)= -0.639064E+01   r=  0.921450E+01 v( 501)= -0.506797E+00
 r=  0.368625E+02 v( 601)= -0.568434E-13   r=  0.675825E+02 v( 701)= -0.568434E-13
 r=  0.983025E+02 v( 801)= -0.568434E-13   r=  0.129022E+03 v( 901)= -0.568434E-13
 /////////////////////////////////////////////////////////////////////////
  qsum=************    excor=  -10.869617           energy= -28635.4239537
  corr=    1.166592                           total energy= -28634.2573614
 /////////////////////////////////////////////////////////////////////////
 _________________________________________________________________________
 ========= iter=  9 ==== rms difference in ch. density= 0.6481E-02 =======
 ========= iter=  9 ==== rms difference in r*potential= 0.5761E-02 =======
 =========================================================================
  iteration number:  10                   mixing parameter:  0.100
 =========================================================================
 foundit, spin=1, state= 1, n=1, l=0, energy= -4421.18707792726, oc= 2.000
 foundit, spin=1, state= 2, n=2, l=0, energy=  -722.02478114443, oc= 2.000
 foundit, spin=1, state= 3, n=2, l=1, energy=  -691.39594858574, oc= 6.000
 foundit, spin=1, state= 4, n=3, l=0, energy=  -163.05684794060, oc= 2.000
 foundit, spin=1, state= 5, n=3, l=1, energy=  -148.91950896331, oc= 6.000
 foundit, spin=1, state= 6, n=4, l=0, energy=   -31.77176316705, oc= 2.000
 foundit, spin=1, state= 7, n=3, l=2, energy=  -122.48052836230, oc=10.000
 foundit, spin=1, state= 8, n=4, l=1, energy=   -25.94738719586, oc= 6.000
 foundit, spin=1, state= 9, n=5, l=0, energy=    -4.10128266795, oc= 2.000
 foundit, spin=1, state=10, n=4, l=2, energy=   -15.35826194007, oc=10.000
 foundit, spin=1, state=11, n=5, l=1, energy=    -2.49518220400, oc= 6.000
 foundit, spin=1, state=12, n=6, l=0, energy=    -0.33884036714, oc= 2.000
 foundit, spin=1, state=13, n=4, l=3, energy=    -1.74689953848, oc=14.000
 foundit, spin=1, state=14, n=5, l=2, energy=    -0.29215020015, oc= 2.000
 =========================================================================
 hafnium        at.num= 72.0      36.000 up   and 36.000  down   electrons
 =========================================================================
  total number of electrons:     72.00000000000003     
 r=  0.000000E+00 v(   1)= -0.144000E+03   r=  0.750000E-02 v( 101)= -0.137844E+03
 r=  0.465000E-01 v( 201)= -0.113168E+03   r=  0.286500E+00 v( 301)= -0.496231E+02
 r=  0.153450E+01 v( 401)= -0.639186E+01   r=  0.921450E+01 v( 501)= -0.506785E+00
 r=  0.368625E+02 v( 601)=  0.568434E-13   r=  0.675825E+02 v( 701)=  0.568434E-13
 r=  0.983025E+02 v( 801)=  0.568434E-13   r=  0.129022E+03 v( 901)=  0.568434E-13
 /////////////////////////////////////////////////////////////////////////
  qsum=************    excor=  -10.869435           energy= -28635.4526371
  corr=    1.195183                           total energy= -28634.2574542
 /////////////////////////////////////////////////////////////////////////
 _________________________________________________________________________
 ========= iter= 10 ==== rms difference in ch. density= 0.7507E-03 =======
 ========= iter= 10 ==== rms difference in r*potential= 0.4284E-02 =======
 =========================================================================
  iteration number:  11                   mixing parameter:  0.100
 =========================================================================
 foundit, spin=1, state= 1, n=1, l=0, energy= -4421.22520075936, oc= 2.000
 foundit, spin=1, state= 2, n=2, l=0, energy=  -721.98869848409, oc= 2.000
 foundit, spin=1, state= 3, n=2, l=1, energy=  -691.35102574299, oc= 6.000
 foundit, spin=1, state= 4, n=3, l=0, energy=  -163.03827180437, oc= 2.000
 foundit, spin=1, state= 5, n=3, l=1, energy=  -148.89800247709, oc= 6.000
 foundit, spin=1, state= 6, n=4, l=0, energy=   -31.76918720699, oc= 2.000
 foundit, spin=1, state= 7, n=3, l=2, energy=  -122.45415680103, oc=10.000
 foundit, spin=1, state= 8, n=4, l=1, energy=   -25.94456620685, oc= 6.000
 foundit, spin=1, state= 9, n=5, l=0, energy=    -4.10335629660, oc= 2.000
 foundit, spin=1, state=10, n=4, l=2, energy=   -15.35560693998, oc=10.000
 foundit, spin=1, state=11, n=5, l=1, energy=    -2.49673796618, oc= 6.000
 foundit, spin=1, state=12, n=6, l=0, energy=    -0.33875287707, oc= 2.000
 foundit, spin=1, state=13, n=4, l=3, energy=    -1.74622407385, oc=14.000
 foundit, spin=1, state=14, n=5, l=2, energy=    -0.29246427981, oc= 2.000
 =========================================================================
 hafnium        at.num= 72.0      36.000 up   and 36.000  down   electrons
 =========================================================================
  total number of electrons:     71.99999999999996     
 r=  0.000000E+00 v(   1)= -0.144000E+03   r=  0.750000E-02 v( 101)= -0.137845E+03
 r=  0.465000E-01 v( 201)= -0.113170E+03   r=  0.286500E+00 v( 301)= -0.496300E+02
 r=  0.153450E+01 v( 401)= -0.638996E+01   r=  0.921450E+01 v( 501)= -0.505692E+00
 r=  0.368625E+02 v( 601)= -0.852651E-13   r=  0.675825E+02 v( 701)= -0.852651E-13
 r=  0.983025E+02 v( 801)= -0.852651E-13   r=  0.129022E+03 v( 901)= -0.852651E-13
 /////////////////////////////////////////////////////////////////////////
  qsum=************    excor=  -10.869157           energy= -28633.8754124
  corr=   -0.382188                           total energy= -28634.2575999
 /////////////////////////////////////////////////////////////////////////
 _________________________________________________________________________
 ========= iter= 11 ==== rms difference in ch. density= 0.2898E-02 =======
 ========= iter= 11 ==== rms difference in r*potential= 0.1613E-02 =======
 =========================================================================
  iteration number:  12                   mixing parameter:  0.100
 =========================================================================
 foundit, spin=1, state= 1, n=1, l=0, energy= -4421.23739730659, oc= 2.000
 foundit, spin=1, state= 2, n=2, l=0, energy=  -721.99034233471, oc= 2.000
 foundit, spin=1, state= 3, n=2, l=1, energy=  -691.35204827865, oc= 6.000
 foundit, spin=1, state= 4, n=3, l=0, energy=  -163.03867987447, oc= 2.000
 foundit, spin=1, state= 5, n=3, l=1, energy=  -148.89826966487, oc= 6.000
 foundit, spin=1, state= 6, n=4, l=0, energy=   -31.76902645127, oc= 2.000
 foundit, spin=1, state= 7, n=3, l=2, energy=  -122.45438780715, oc=10.000
 foundit, spin=1, state= 8, n=4, l=1, energy=   -25.94438062947, oc= 6.000
 foundit, spin=1, state= 9, n=5, l=0, energy=    -4.10362969337, oc= 2.000
 foundit, spin=1, state=10, n=4, l=2, energy=   -15.35543846885, oc=10.000
 foundit, spin=1, state=11, n=5, l=1, energy=    -2.49701790844, oc= 6.000
 foundit, spin=1, state=12, n=6, l=0, energy=    -0.33893349753, oc= 2.000
 foundit, spin=1, state=13, n=4, l=3, energy=    -1.74614876863, oc=14.000
 foundit, spin=1, state=14, n=5, l=2, energy=    -0.29272105320, oc= 2.000
 =========================================================================
 hafnium        at.num= 72.0      36.000 up   and 36.000  down   electrons
 =========================================================================
  total number of electrons:     71.99999999999987     
 r=  0.000000E+00 v(   1)= -0.144000E+03   r=  0.750000E-02 v( 101)= -0.137845E+03
 r=  0.465000E-01 v( 201)= -0.113170E+03   r=  0.286500E+00 v( 301)= -0.496302E+02
 r=  0.153450E+01 v( 401)= -0.638973E+01   r=  0.921450E+01 v( 501)= -0.505397E+00
 r=  0.368625E+02 v( 601)= -0.255795E-12   r=  0.675825E+02 v( 701)= -0.255795E-12
 r=  0.983025E+02 v( 801)= -0.255795E-12   r=  0.129022E+03 v( 901)= -0.255795E-12
 /////////////////////////////////////////////////////////////////////////
  qsum=************    excor=  -10.869154           energy= -28633.9045640
  corr=   -0.353038                           total energy= -28634.2576024
 /////////////////////////////////////////////////////////////////////////
 _________________________________________________________________________
 ========= iter= 12 ==== rms difference in ch. density= 0.1132E-03 =======
 ========= iter= 12 ==== rms difference in r*potential= 0.1373E-02 =======
 =========================================================================
  iteration number:  13                   mixing parameter:  0.100
 =========================================================================
 foundit, spin=1, state= 1, n=1, l=0, energy= -4421.31279449169, oc= 2.000
 foundit, spin=1, state= 2, n=2, l=0, energy=  -722.00894201493, oc= 2.000
 foundit, spin=1, state= 3, n=2, l=1, energy=  -691.36840738093, oc= 6.000
 foundit, spin=1, state= 4, n=3, l=0, energy=  -163.04503721940, oc= 2.000
 foundit, spin=1, state= 5, n=3, l=1, energy=  -148.90431059510, oc= 6.000
 foundit, spin=1, state= 6, n=4, l=0, energy=   -31.76776642757, oc= 2.000
 foundit, spin=1, state= 7, n=3, l=2, energy=  -122.46119084751, oc=10.000
 foundit, spin=1, state= 8, n=4, l=1, energy=   -25.94299964337, oc= 6.000
 foundit, spin=1, state= 9, n=5, l=0, energy=    -4.10401555806, oc= 2.000
 foundit, spin=1, state=10, n=4, l=2, energy=   -15.35411724307, oc=10.000
 foundit, spin=1, state=11, n=5, l=1, energy=    -2.49757030289, oc= 6.000
 foundit, spin=1, state=12, n=6, l=0, energy=    -0.33973077252, oc= 2.000
 foundit, spin=1, state=13, n=4, l=3, energy=    -1.74499329008, oc=14.000
 foundit, spin=1, state=14, n=5, l=2, energy=    -0.29360220346, oc= 2.000
 =========================================================================
 hafnium        at.num= 72.0      36.000 up   and 36.000  down   electrons
 =========================================================================
  total number of electrons:     72.00000000000001     
 r=  0.000000E+00 v(   1)= -0.144000E+03   r=  0.750000E-02 v( 101)= -0.137845E+03
 r=  0.465000E-01 v( 201)= -0.113170E+03   r=  0.286500E+00 v( 301)= -0.496305E+02
 r=  0.153450E+01 v( 401)= -0.638977E+01   r=  0.921450E+01 v( 501)= -0.504251E+00
 r=  0.368625E+02 v( 601)=  0.284217E-13   r=  0.675825E+02 v( 701)=  0.284217E-13
 r=  0.983025E+02 v( 801)=  0.284217E-13   r=  0.129022E+03 v( 901)=  0.284217E-13
 /////////////////////////////////////////////////////////////////////////
  qsum=************    excor=  -10.869134           energy= -28634.4792247
  corr=    0.221613                           total energy= -28634.2576114
 /////////////////////////////////////////////////////////////////////////
 _________________________________________________________________________
 ========= iter= 13 ==== rms difference in ch. density= 0.5523E-03 =======
 ========= iter= 13 ==== rms difference in r*potential= 0.4826E-03 =======
 =========================================================================
  iteration number:  14                   mixing parameter:  0.100
 =========================================================================
 foundit, spin=1, state= 1, n=1, l=0, energy= -4421.31282811927, oc= 2.000
 foundit, spin=1, state= 2, n=2, l=0, energy=  -722.00916940457, oc= 2.000
 foundit, spin=1, state= 3, n=2, l=1, energy=  -691.36862456255, oc= 6.000
 foundit, spin=1, state= 4, n=3, l=0, energy=  -163.04500958898, oc= 2.000
 foundit, spin=1, state= 5, n=3, l=1, energy=  -148.90429508541, oc= 6.000
 foundit, spin=1, state= 6, n=4, l=0, energy=   -31.76754653434, oc= 2.000
 foundit, spin=1, state= 7, n=3, l=2, energy=  -122.46123988276, oc=10.000
 foundit, spin=1, state= 8, n=4, l=1, energy=   -25.94277926307, oc= 6.000
 foundit, spin=1, state= 9, n=5, l=0, energy=    -4.10389017209, oc= 2.000
 foundit, spin=1, state=10, n=4, l=2, energy=   -15.35390110818, oc=10.000
 foundit, spin=1, state=11, n=5, l=1, energy=    -2.49747541189, oc= 6.000
 foundit, spin=1, state=12, n=6, l=0, energy=    -0.33975373246, oc= 2.000
 foundit, spin=1, state=13, n=4, l=3, energy=    -1.74477779679, oc=14.000
 foundit, spin=1, state=14, n=5, l=2, energy=    -0.29359227871, oc= 2.000
 =========================================================================
 hafnium        at.num= 72.0      36.000 up   and 36.000  down   electrons
 =========================================================================
  total number of electrons:     71.99999999999993     
 r=  0.000000E+00 v(   1)= -0.144000E+03   r=  0.750000E-02 v( 101)= -0.137845E+03
 r=  0.465000E-01 v( 201)= -0.113170E+03   r=  0.286500E+00 v( 301)= -0.496306E+02
 r=  0.153450E+01 v( 401)= -0.638994E+01   r=  0.921450E+01 v( 501)= -0.504230E+00
 r=  0.368625E+02 v( 601)= -0.142109E-12   r=  0.675825E+02 v( 701)= -0.142109E-12
 r=  0.983025E+02 v( 801)= -0.142109E-12   r=  0.129022E+03 v( 901)= -0.142109E-12
 /////////////////////////////////////////////////////////////////////////
  qsum=************    excor=  -10.869120           energy= -28634.4816754
  corr=    0.224064                           total energy= -28634.2576116
 /////////////////////////////////////////////////////////////////////////
 _________________________________________________________________________
 ========= iter= 14 ==== rms difference in ch. density= 0.3254E-04 =======
 ========= iter= 14 ==== rms difference in r*potential= 0.4128E-03 =======
 =========================================================================
  iteration number:  15                   mixing parameter:  0.100
 =========================================================================
 foundit, spin=1, state= 1, n=1, l=0, energy= -4421.29887917783, oc= 2.000
 foundit, spin=1, state= 2, n=2, l=0, energy=  -722.00505668799, oc= 2.000
 foundit, spin=1, state= 3, n=2, l=1, energy=  -691.36457145338, oc= 6.000
 foundit, spin=1, state= 4, n=3, l=0, energy=  -163.04314724334, oc= 2.000
 foundit, spin=1, state= 5, n=3, l=1, energy=  -148.90242856896, oc= 6.000
 foundit, spin=1, state= 6, n=4, l=0, energy=   -31.76715961568, oc= 2.000
 foundit, spin=1, state= 7, n=3, l=2, energy=  -122.45928450047, oc=10.000
 foundit, spin=1, state= 8, n=4, l=1, energy=   -25.94240522246, oc= 6.000
 foundit, spin=1, state= 9, n=5, l=0, energy=    -4.10367763365, oc= 2.000
 foundit, spin=1, state=10, n=4, l=2, energy=   -15.35353831982, oc=10.000
 foundit, spin=1, state=11, n=5, l=1, energy=    -2.49731485038, oc= 6.000
 foundit, spin=1, state=12, n=6, l=0, energy=    -0.33977374421, oc= 2.000
 foundit, spin=1, state=13, n=4, l=3, energy=    -1.74445449934, oc=14.000
 foundit, spin=1, state=14, n=5, l=2, energy=    -0.29357110677, oc= 2.000
 =========================================================================
 hafnium        at.num= 72.0      36.000 up   and 36.000  down   electrons
 =========================================================================
  total number of electrons:     72.00000000000007     
 r=  0.000000E+00 v(   1)= -0.144000E+03   r=  0.750000E-02 v( 101)= -0.137845E+03
 r=  0.465000E-01 v( 201)= -0.113170E+03   r=  0.286500E+00 v( 301)= -0.496311E+02
 r=  0.153450E+01 v( 401)= -0.639021E+01   r=  0.921450E+01 v( 501)= -0.504196E+00
 r=  0.368625E+02 v( 601)=  0.142109E-12   r=  0.675825E+02 v( 701)=  0.142109E-12
 r=  0.983025E+02 v( 801)=  0.142109E-12   r=  0.129022E+03 v( 901)=  0.142109E-12
 /////////////////////////////////////////////////////////////////////////
  qsum=************    excor=  -10.869082           energy= -28634.3177911
  corr=    0.060179                           total energy= -28634.2576117
 /////////////////////////////////////////////////////////////////////////
 _________________________________________________________________________
 ========= iter= 15 ==== rms difference in ch. density= 0.1371E-03 =======
 ========= iter= 15 ==== rms difference in r*potential= 0.2218E-03 =======
 =========================================================================
  iteration number:  16                   mixing parameter:  0.100
 =========================================================================
 foundit, spin=1, state= 1, n=1, l=0, energy= -4421.29404353437, oc= 2.000
 foundit, spin=1, state= 2, n=2, l=0, energy=  -722.00380828909, oc= 2.000
 foundit, spin=1, state= 3, n=2, l=1, energy=  -691.36335533049, oc= 6.000
 foundit, spin=1, state= 4, n=3, l=0, energy=  -163.04271207884, oc= 2.000
 foundit, spin=1, state= 5, n=3, l=1, energy=  -148.90199436448, oc= 6.000
 foundit, spin=1, state= 6, n=4, l=0, energy=   -31.76721542575, oc= 2.000
 foundit, spin=1, state= 7, n=3, l=2, energy=  -122.45881776943, oc=10.000
 foundit, spin=1, state= 8, n=4, l=1, energy=   -25.94246452263, oc= 6.000
 foundit, spin=1, state= 9, n=5, l=0, energy=    -4.10368978035, oc= 2.000
 foundit, spin=1, state=10, n=4, l=2, energy=   -15.35359771048, oc=10.000
 foundit, spin=1, state=11, n=5, l=1, energy=    -2.49733259519, oc= 6.000
 foundit, spin=1, state=12, n=6, l=0, energy=    -0.33978983433, oc= 2.000
 foundit, spin=1, state=13, n=4, l=3, energy=    -1.74451184264, oc=14.000
 foundit, spin=1, state=14, n=5, l=2, energy=    -0.29359737203, oc= 2.000
 =========================================================================
 hafnium        at.num= 72.0      36.000 up   and 36.000  down   electrons
 =========================================================================
  total number of electrons:     71.99999999999990     
 r=  0.000000E+00 v(   1)= -0.144000E+03   r=  0.750000E-02 v( 101)= -0.137845E+03
 r=  0.465000E-01 v( 201)= -0.113170E+03   r=  0.286500E+00 v( 301)= -0.496311E+02
 r=  0.153450E+01 v( 401)= -0.639018E+01   r=  0.921450E+01 v( 501)= -0.504163E+00
 r=  0.368625E+02 v( 601)= -0.198952E-12   r=  0.675825E+02 v( 701)= -0.198952E-12
 r=  0.983025E+02 v( 801)= -0.198952E-12   r=  0.129022E+03 v( 901)= -0.198952E-12
 /////////////////////////////////////////////////////////////////////////
  qsum=************    excor=  -10.869082           energy= -28634.2749933
  corr=    0.017382                           total energy= -28634.2576116
 /////////////////////////////////////////////////////////////////////////
 _________________________________________________________________________
 ========= iter= 16 ==== rms difference in ch. density= 0.3196E-04 =======
 ========= iter= 16 ==== rms difference in r*potential= 0.1795E-03 =======
 =========================================================================
  iteration number:  17                   mixing parameter:  0.100
 =========================================================================
 foundit, spin=1, state= 1, n=1, l=0, energy= -4421.28756910193, oc= 2.000
 foundit, spin=1, state= 2, n=2, l=0, energy=  -722.00307395538, oc= 2.000
 foundit, spin=1, state= 3, n=2, l=1, energy=  -691.36271509018, oc= 6.000
 foundit, spin=1, state= 4, n=3, l=0, energy=  -163.04263670086, oc= 2.000
 foundit, spin=1, state= 5, n=3, l=1, energy=  -148.90195806738, oc= 6.000
 foundit, spin=1, state= 6, n=4, l=0, energy=   -31.76737323584, oc= 2.000
 foundit, spin=1, state= 7, n=3, l=2, energy=  -122.45885799956, oc=10.000
 foundit, spin=1, state= 8, n=4, l=1, energy=   -25.94262527077, oc= 6.000
 foundit, spin=1, state= 9, n=5, l=0, energy=    -4.10368566195, oc= 2.000
 foundit, spin=1, state=10, n=4, l=2, energy=   -15.35375613148, oc=10.000
 foundit, spin=1, state=11, n=5, l=1, energy=    -2.49735739899, oc= 6.000
 foundit, spin=1, state=12, n=6, l=0, energy=    -0.33986158433, oc= 2.000
 foundit, spin=1, state=13, n=4, l=3, energy=    -1.74462438755, oc=14.000
 foundit, spin=1, state=14, n=5, l=2, energy=    -0.29368214899, oc= 2.000
 =========================================================================
 hafnium        at.num= 72.0      36.000 up   and 36.000  down   electrons
 =========================================================================
  total number of electrons:     72.00000000000001     
 r=  0.000000E+00 v(   1)= -0.144000E+03   r=  0.750000E-02 v( 101)= -0.137845E+03
 r=  0.465000E-01 v( 201)= -0.113170E+03   r=  0.286500E+00 v( 301)= -0.496310E+02
 r=  0.153450E+01 v( 401)= -0.639016E+01   r=  0.921450E+01 v( 501)= -0.504047E+00
 r=  0.368625E+02 v( 601)=  0.284217E-13   r=  0.675825E+02 v( 701)=  0.284217E-13
 r=  0.983025E+02 v( 801)=  0.284217E-13   r=  0.129022E+03 v( 901)=  0.284217E-13
 /////////////////////////////////////////////////////////////////////////
  qsum=************    excor=  -10.869091           energy= -28634.2604144
  corr=    0.002803                           total energy= -28634.2576117
 /////////////////////////////////////////////////////////////////////////
 _________________________________________________________________________
 ========= iter= 17 ==== rms difference in ch. density= 0.7005E-04 =======
 ========= iter= 17 ==== rms difference in r*potential= 0.8997E-04 =======
 =========================================================================
  iteration number:  18                   mixing parameter:  0.100
 =========================================================================
 foundit, spin=1, state= 1, n=1, l=0, energy= -4421.28704245810, oc= 2.000
 foundit, spin=1, state= 2, n=2, l=0, energy=  -722.00316696652, oc= 2.000
 foundit, spin=1, state= 3, n=2, l=1, energy=  -691.36285202870, oc= 6.000
 foundit, spin=1, state= 4, n=3, l=0, energy=  -163.04268388074, oc= 2.000
 foundit, spin=1, state= 5, n=3, l=1, energy=  -148.90202001599, oc= 6.000
 foundit, spin=1, state= 6, n=4, l=0, energy=   -31.76737490307, oc= 2.000
 foundit, spin=1, state= 7, n=3, l=2, energy=  -122.45894536543, oc=10.000
 foundit, spin=1, state= 8, n=4, l=1, energy=   -25.94262843455, oc= 6.000
 foundit, spin=1, state= 9, n=5, l=0, energy=    -4.10366803679, oc= 2.000
 foundit, spin=1, state=10, n=4, l=2, energy=   -15.35375897707, oc=10.000
 foundit, spin=1, state=11, n=5, l=1, energy=    -2.49734362185, oc= 6.000
 foundit, spin=1, state=12, n=6, l=0, energy=    -0.33986056118, oc= 2.000
 foundit, spin=1, state=13, n=4, l=3, energy=    -1.74461738409, oc=14.000
 foundit, spin=1, state=14, n=5, l=2, energy=    -0.29367798478, oc= 2.000
 =========================================================================
 hafnium        at.num= 72.0      36.000 up   and 36.000  down   electrons
 =========================================================================
  total number of electrons:     72.00000000000000     
 r=  0.000000E+00 v(   1)= -0.144000E+03   r=  0.750000E-02 v( 101)= -0.137845E+03
 r=  0.465000E-01 v( 201)= -0.113170E+03   r=  0.286500E+00 v( 301)= -0.496309E+02
 r=  0.153450E+01 v( 401)= -0.639017E+01   r=  0.921450E+01 v( 501)= -0.504049E+00
 r=  0.368625E+02 v( 601)=  0.000000E+00   r=  0.675825E+02 v( 701)=  0.000000E+00
 r=  0.983025E+02 v( 801)=  0.000000E+00   r=  0.129022E+03 v( 901)=  0.000000E+00
 /////////////////////////////////////////////////////////////////////////
  qsum=************    excor=  -10.869092           energy= -28634.2645922
  corr=    0.006981                           total energy= -28634.2576117
 /////////////////////////////////////////////////////////////////////////
 _________________________________________________________________________
 ========= iter= 18 ==== rms difference in ch. density= 0.1194E-04 =======
 ========= iter= 18 ==== rms difference in r*potential= 0.7816E-04 =======
 =========================================================================
  iteration number:  19                   mixing parameter:  0.100
 =========================================================================
 foundit, spin=1, state= 1, n=1, l=0, energy= -4421.28322665368, oc= 2.000
 foundit, spin=1, state= 2, n=2, l=0, energy=  -722.00292317852, oc= 2.000
 foundit, spin=1, state= 3, n=2, l=1, energy=  -691.36283242808, oc= 6.000
 foundit, spin=1, state= 4, n=3, l=0, energy=  -163.04258586053, oc= 2.000
 foundit, spin=1, state= 5, n=3, l=1, energy=  -148.90198289556, oc= 6.000
 foundit, spin=1, state= 6, n=4, l=0, energy=   -31.76736385051, oc= 2.000
 foundit, spin=1, state= 7, n=3, l=2, energy=  -122.45897317327, oc=10.000
 foundit, spin=1, state= 8, n=4, l=1, energy=   -25.94262751249, oc= 6.000
 foundit, spin=1, state= 9, n=5, l=0, energy=    -4.10359745387, oc= 2.000
 foundit, spin=1, state=10, n=4, l=2, energy=   -15.35375761278, oc=10.000
 foundit, spin=1, state=11, n=5, l=1, energy=    -2.49728145994, oc= 6.000
 foundit, spin=1, state=12, n=6, l=0, energy=    -0.33983043315, oc= 2.000
 foundit, spin=1, state=13, n=4, l=3, energy=    -1.74458534008, oc=14.000
 foundit, spin=1, state=14, n=5, l=2, energy=    -0.29363679130, oc= 2.000
 =========================================================================
 hafnium        at.num= 72.0      36.000 up   and 36.000  down   electrons
 =========================================================================
  total number of electrons:     71.99999999999994     
 r=  0.000000E+00 v(   1)= -0.144000E+03   r=  0.750000E-02 v( 101)= -0.137845E+03
 r=  0.465000E-01 v( 201)= -0.113170E+03   r=  0.286500E+00 v( 301)= -0.496309E+02
 r=  0.153450E+01 v( 401)= -0.639023E+01   r=  0.921450E+01 v( 501)= -0.504091E+00
 r=  0.368625E+02 v( 601)= -0.113687E-12   r=  0.675825E+02 v( 701)= -0.113687E-12
 r=  0.983025E+02 v( 801)= -0.113687E-12   r=  0.129022E+03 v( 901)= -0.113687E-12
 /////////////////////////////////////////////////////////////////////////
  qsum=************    excor=  -10.869091           energy= -28634.2556057
  corr=   -0.002006                           total energy= -28634.2576116
 /////////////////////////////////////////////////////////////////////////
 _________________________________________________________________________
 ========= iter= 19 ==== rms difference in ch. density= 0.2138E-04 =======
 ========= iter= 19 ==== rms difference in r*potential= 0.3394E-04 =======
 =========================================================================
  iteration number:  20                   mixing parameter:  0.100
 =========================================================================
 foundit, spin=1, state= 1, n=1, l=0, energy= -4421.28256875782, oc= 2.000
 foundit, spin=1, state= 2, n=2, l=0, energy=  -722.00281787098, oc= 2.000
 foundit, spin=1, state= 3, n=2, l=1, energy=  -691.36276037324, oc= 6.000
 foundit, spin=1, state= 4, n=3, l=0, energy=  -163.04254626183, oc= 2.000
 foundit, spin=1, state= 5, n=3, l=1, energy=  -148.90195041281, oc= 6.000
 foundit, spin=1, state= 6, n=4, l=0, energy=   -31.76737500149, oc= 2.000
 foundit, spin=1, state= 7, n=3, l=2, energy=  -122.45894177219, oc=10.000
 foundit, spin=1, state= 8, n=4, l=1, energy=   -25.94264043760, oc= 6.000
 foundit, spin=1, state= 9, n=5, l=0, energy=    -4.10360097631, oc= 2.000
 foundit, spin=1, state=10, n=4, l=2, energy=   -15.35377050520, oc=10.000
 foundit, spin=1, state=11, n=5, l=1, energy=    -2.49728371011, oc= 6.000
 foundit, spin=1, state=12, n=6, l=0, energy=    -0.33982536543, oc= 2.000
 foundit, spin=1, state=13, n=4, l=3, energy=    -1.74459571130, oc=14.000
 foundit, spin=1, state=14, n=5, l=2, energy=    -0.29363422490, oc= 2.000
 =========================================================================
 hafnium        at.num= 72.0      36.000 up   and 36.000  down   electrons
 =========================================================================
  total number of electrons:     72.00000000000000     
 r=  0.000000E+00 v(   1)= -0.144000E+03   r=  0.750000E-02 v( 101)= -0.137845E+03
 r=  0.465000E-01 v( 201)= -0.113170E+03   r=  0.286500E+00 v( 301)= -0.496309E+02
 r=  0.153450E+01 v( 401)= -0.639022E+01   r=  0.921450E+01 v( 501)= -0.504097E+00
 r=  0.368625E+02 v( 601)=  0.000000E+00   r=  0.675825E+02 v( 701)=  0.000000E+00
 r=  0.983025E+02 v( 801)=  0.000000E+00   r=  0.129022E+03 v( 901)=  0.000000E+00
 /////////////////////////////////////////////////////////////////////////
  qsum=************    excor=  -10.869091           energy= -28634.2513410
  corr=   -0.006271                           total energy= -28634.2576116
 /////////////////////////////////////////////////////////////////////////
 _________________________________________________________________________
 ========= iter= 20 ==== rms difference in ch. density= 0.3738E-05 =======
 ========= iter= 20 ==== rms difference in r*potential= 0.2771E-04 =======
 =========================================================================
  iteration number:  21                   mixing parameter:  0.100
 =========================================================================
 foundit, spin=1, state= 1, n=1, l=0, energy= -4421.28165276337, oc= 2.000
 foundit, spin=1, state= 2, n=2, l=0, energy=  -722.00275501055, oc= 2.000
 foundit, spin=1, state= 3, n=2, l=1, energy=  -691.36276110264, oc= 6.000
 foundit, spin=1, state= 4, n=3, l=0, energy=  -163.04253662618, oc= 2.000
 foundit, spin=1, state= 5, n=3, l=1, energy=  -148.90195589525, oc= 6.000
 foundit, spin=1, state= 6, n=4, l=0, energy=   -31.76741112203, oc= 2.000
 foundit, spin=1, state= 7, n=3, l=2, energy=  -122.45895642551, oc=10.000
 foundit, spin=1, state= 8, n=4, l=1, energy=   -25.94267962631, oc= 6.000
 foundit, spin=1, state= 9, n=5, l=0, energy=    -4.10361849036, oc= 2.000
 foundit, spin=1, state=10, n=4, l=2, energy=   -15.35380946586, oc=10.000
 foundit, spin=1, state=11, n=5, l=1, energy=    -2.49729851073, oc= 6.000
 foundit, spin=1, state=12, n=6, l=0, energy=    -0.33982046257, oc= 2.000
 foundit, spin=1, state=13, n=4, l=3, energy=    -1.74462785977, oc=14.000
 foundit, spin=1, state=14, n=5, l=2, energy=    -0.29363733280, oc= 2.000
 =========================================================================
 hafnium        at.num= 72.0      36.000 up   and 36.000  down   electrons
 =========================================================================
  total number of electrons:     72.00000000000000     
 r=  0.000000E+00 v(   1)= -0.144000E+03   r=  0.750000E-02 v( 101)= -0.137845E+03
 r=  0.465000E-01 v( 201)= -0.113170E+03   r=  0.286500E+00 v( 301)= -0.496309E+02
 r=  0.153450E+01 v( 401)= -0.639019E+01   r=  0.921450E+01 v( 501)= -0.504102E+00
 r=  0.368625E+02 v( 601)=  0.000000E+00   r=  0.675825E+02 v( 701)=  0.000000E+00
 r=  0.983025E+02 v( 801)=  0.000000E+00   r=  0.129022E+03 v( 901)=  0.000000E+00
 /////////////////////////////////////////////////////////////////////////
  qsum=************    excor=  -10.869093           energy= -28634.2484205
  corr=   -0.009191                           total energy= -28634.2576116
 /////////////////////////////////////////////////////////////////////////
 _________________________________________________________________________
 ========= iter= 21 ==== rms difference in ch. density= 0.4890E-05 =======
 ========= iter= 21 ==== rms difference in r*potential= 0.1743E-04 =======
 =========================================================================
  iteration number:  22                   mixing parameter:  0.100
 =========================================================================
 foundit, spin=1, state= 1, n=1, l=0, energy= -4421.28176551682, oc= 2.000
 foundit, spin=1, state= 2, n=2, l=0, energy=  -722.00282784765, oc= 2.000
 foundit, spin=1, state= 3, n=2, l=1, energy=  -691.36284255938, oc= 6.000
 foundit, spin=1, state= 4, n=3, l=0, energy=  -163.04256494992, oc= 2.000
 foundit, spin=1, state= 5, n=3, l=1, energy=  -148.90198722679, oc= 6.000
 foundit, spin=1, state= 6, n=4, l=0, energy=   -31.76741156555, oc= 2.000
 foundit, spin=1, state= 7, n=3, l=2, energy=  -122.45899362276, oc=10.000
 foundit, spin=1, state= 8, n=4, l=1, energy=   -25.94268033655, oc= 6.000
 foundit, spin=1, state= 9, n=5, l=0, energy=    -4.10361926117, oc= 2.000
 foundit, spin=1, state=10, n=4, l=2, energy=   -15.35381019970, oc=10.000
 foundit, spin=1, state=11, n=5, l=1, energy=    -2.49729943739, oc= 6.000
 foundit, spin=1, state=12, n=6, l=0, energy=    -0.33982062313, oc= 2.000
 foundit, spin=1, state=13, n=4, l=3, energy=    -1.74462719885, oc=14.000
 foundit, spin=1, state=14, n=5, l=2, energy=    -0.29363801700, oc= 2.000
 =========================================================================
 hafnium        at.num= 72.0      36.000 up   and 36.000  down   electrons
 =========================================================================
  total number of electrons:     71.99999999999999     
 r=  0.000000E+00 v(   1)= -0.144000E+03   r=  0.750000E-02 v( 101)= -0.137845E+03
 r=  0.465000E-01 v( 201)= -0.113170E+03   r=  0.286500E+00 v( 301)= -0.496309E+02
 r=  0.153450E+01 v( 401)= -0.639019E+01   r=  0.921450E+01 v( 501)= -0.504103E+00
 r=  0.368625E+02 v( 601)= -0.284217E-13   r=  0.675825E+02 v( 701)= -0.284217E-13
 r=  0.983025E+02 v( 801)= -0.284217E-13   r=  0.129022E+03 v( 901)= -0.284217E-13
 /////////////////////////////////////////////////////////////////////////
  qsum=************    excor=  -10.869094           energy= -28634.2507859
  corr=   -0.006826                           total energy= -28634.2576116
 /////////////////////////////////////////////////////////////////////////
 _________________________________________________________________________
 ========= iter= 22 ==== rms difference in ch. density= 0.2437E-05 =======
 ========= iter= 22 ==== rms difference in r*potential= 0.1495E-04 =======
 =========================================================================
  iteration number:  23                   mixing parameter:  0.100
 =========================================================================
 foundit, spin=1, state= 1, n=1, l=0, energy= -4421.28206840057, oc= 2.000
 foundit, spin=1, state= 2, n=2, l=0, energy=  -722.00304288537, oc= 2.000
 foundit, spin=1, state= 3, n=2, l=1, energy=  -691.36309288127, oc= 6.000
 foundit, spin=1, state= 4, n=3, l=0, energy=  -163.04263595687, oc= 2.000
 foundit, spin=1, state= 5, n=3, l=1, energy=  -148.90206942192, oc= 6.000
 foundit, spin=1, state= 6, n=4, l=0, energy=   -31.76739914822, oc= 2.000
 foundit, spin=1, state= 7, n=3, l=2, energy=  -122.45909473903, oc=10.000
 foundit, spin=1, state= 8, n=4, l=1, energy=   -25.94266927197, oc= 6.000
 foundit, spin=1, state= 9, n=5, l=0, energy=    -4.10361495161, oc= 2.000
 foundit, spin=1, state=10, n=4, l=2, energy=   -15.35379945656, oc=10.000
 foundit, spin=1, state=11, n=5, l=1, energy=    -2.49729586898, oc= 6.000
 foundit, spin=1, state=12, n=6, l=0, energy=    -0.33981764692, oc= 2.000
 foundit, spin=1, state=13, n=4, l=3, energy=    -1.74461280929, oc=14.000
 foundit, spin=1, state=14, n=5, l=2, energy=    -0.29363490011, oc= 2.000
 =========================================================================
 hafnium        at.num= 72.0      36.000 up   and 36.000  down   electrons
 =========================================================================
  total number of electrons:     72.00000000000001     
 r=  0.000000E+00 v(   1)= -0.144000E+03   r=  0.750000E-02 v( 101)= -0.137845E+03
 r=  0.465000E-01 v( 201)= -0.113170E+03   r=  0.286500E+00 v( 301)= -0.496309E+02
 r=  0.153450E+01 v( 401)= -0.639020E+01   r=  0.921450E+01 v( 501)= -0.504110E+00
 r=  0.368625E+02 v( 601)=  0.284217E-13   r=  0.675825E+02 v( 701)=  0.284217E-13
 r=  0.983025E+02 v( 801)=  0.284217E-13   r=  0.129022E+03 v( 901)=  0.284217E-13
 /////////////////////////////////////////////////////////////////////////
  qsum=************    excor=  -10.869094           energy= -28634.2569558
  corr=   -0.000656                           total energy= -28634.2576116
 /////////////////////////////////////////////////////////////////////////
 _________________________________________________________________________
 ========= iter= 23 ==== rms difference in ch. density= 0.6675E-05 =======
 ========= iter= 23 ==== rms difference in r*potential= 0.8989E-05 =======
 =========================================================================
  iteration number:  24                   mixing parameter:  0.100
 =========================================================================
 foundit, spin=1, state= 1, n=1, l=0, energy= -4421.28208581193, oc= 2.000
 foundit, spin=1, state= 2, n=2, l=0, energy=  -722.00305219940, oc= 2.000
 foundit, spin=1, state= 3, n=2, l=1, energy=  -691.36310716583, oc= 6.000
 foundit, spin=1, state= 4, n=3, l=0, energy=  -163.04263570256, oc= 2.000
 foundit, spin=1, state= 5, n=3, l=1, energy=  -148.90207026803, oc= 6.000
 foundit, spin=1, state= 6, n=4, l=0, energy=   -31.76739656574, oc= 2.000
 foundit, spin=1, state= 7, n=3, l=2, energy=  -122.45909612357, oc=10.000
 foundit, spin=1, state= 8, n=4, l=1, energy=   -25.94266696376, oc= 6.000
 foundit, spin=1, state= 9, n=5, l=0, energy=    -4.10361536998, oc= 2.000
 foundit, spin=1, state=10, n=4, l=2, energy=   -15.35379724409, oc=10.000
 foundit, spin=1, state=11, n=5, l=1, energy=    -2.49729603467, oc= 6.000
 foundit, spin=1, state=12, n=6, l=0, energy=    -0.33981664942, oc= 2.000
 foundit, spin=1, state=13, n=4, l=3, energy=    -1.74461082807, oc=14.000
 foundit, spin=1, state=14, n=5, l=2, energy=    -0.29363415799, oc= 2.000
 =========================================================================
 hafnium        at.num= 72.0      36.000 up   and 36.000  down   electrons
 =========================================================================
  total number of electrons:     72.00000000000010     
 r=  0.000000E+00 v(   1)= -0.144000E+03   r=  0.750000E-02 v( 101)= -0.137845E+03
 r=  0.465000E-01 v( 201)= -0.113170E+03   r=  0.286500E+00 v( 301)= -0.496309E+02
 r=  0.153450E+01 v( 401)= -0.639020E+01   r=  0.921450E+01 v( 501)= -0.504112E+00
 r=  0.368625E+02 v( 601)=  0.198952E-12   r=  0.675825E+02 v( 701)=  0.198952E-12
 r=  0.983025E+02 v( 801)=  0.198952E-12   r=  0.129022E+03 v( 901)=  0.198952E-12
 /////////////////////////////////////////////////////////////////////////
  qsum=************    excor=  -10.869094           energy= -28634.2568756
  corr=   -0.000736                           total energy= -28634.2576116
 /////////////////////////////////////////////////////////////////////////
 _________________________________________________________________________
 ========= iter= 24 ==== rms difference in ch. density= 0.1201E-05 =======
 ========= iter= 24 ==== rms difference in r*potential= 0.7963E-05 =======
 =========================================================================
  iteration number:  25                   mixing parameter:  0.100
 =========================================================================
 foundit, spin=1, state= 1, n=1, l=0, energy= -4421.28215254300, oc= 2.000
 foundit, spin=1, state= 2, n=2, l=0, energy=  -722.00304354872, oc= 2.000
 foundit, spin=1, state= 3, n=2, l=1, energy=  -691.36310232125, oc= 6.000
 foundit, spin=1, state= 4, n=3, l=0, energy=  -163.04262759759, oc= 2.000
 foundit, spin=1, state= 5, n=3, l=1, energy=  -148.90206197423, oc= 6.000
 foundit, spin=1, state= 6, n=4, l=0, energy=   -31.76739730186, oc= 2.000
 foundit, spin=1, state= 7, n=3, l=2, energy=  -122.45908370266, oc=10.000
 foundit, spin=1, state= 8, n=4, l=1, energy=   -25.94266803996, oc= 6.000
 foundit, spin=1, state= 9, n=5, l=0, energy=    -4.10362224784, oc= 2.000
 foundit, spin=1, state=10, n=4, l=2, energy=   -15.35379844059, oc=10.000
 foundit, spin=1, state=11, n=5, l=1, energy=    -2.49730141080, oc= 6.000
 foundit, spin=1, state=12, n=6, l=0, energy=    -0.33981539258, oc= 2.000
 foundit, spin=1, state=13, n=4, l=3, energy=    -1.74461384669, oc=14.000
 foundit, spin=1, state=14, n=5, l=2, energy=    -0.29363486073, oc= 2.000
 =========================================================================
 hafnium        at.num= 72.0      36.000 up   and 36.000  down   electrons
 =========================================================================
  total number of electrons:     72.00000000000006     
 r=  0.000000E+00 v(   1)= -0.144000E+03   r=  0.750000E-02 v( 101)= -0.137845E+03
 r=  0.465000E-01 v( 201)= -0.113170E+03   r=  0.286500E+00 v( 301)= -0.496309E+02
 r=  0.153450E+01 v( 401)= -0.639019E+01   r=  0.921450E+01 v( 501)= -0.504116E+00
 r=  0.368625E+02 v( 601)=  0.113687E-12   r=  0.675825E+02 v( 701)=  0.113687E-12
 r=  0.983025E+02 v( 801)=  0.113687E-12   r=  0.129022E+03 v( 901)=  0.113687E-12
 /////////////////////////////////////////////////////////////////////////
  qsum=************    excor=  -10.869094           energy= -28634.2558108
  corr=   -0.001801                           total energy= -28634.2576116
 /////////////////////////////////////////////////////////////////////////
 _________________________________________________________________________
 ========= iter= 25 ==== rms difference in ch. density= 0.3806E-05 =======
 ========= iter= 25 ==== rms difference in r*potential= 0.5188E-05 =======
 =========================================================================
  iteration number:  26                   mixing parameter:  0.100
 =========================================================================
 foundit, spin=1, state= 1, n=1, l=0, energy= -4421.28221490423, oc= 2.000
 foundit, spin=1, state= 2, n=2, l=0, energy=  -722.00305081922, oc= 2.000
 foundit, spin=1, state= 3, n=2, l=1, energy=  -691.36310691916, oc= 6.000
 foundit, spin=1, state= 4, n=3, l=0, energy=  -163.04263152189, oc= 2.000
 foundit, spin=1, state= 5, n=3, l=1, energy=  -148.90206515379, oc= 6.000
 foundit, spin=1, state= 6, n=4, l=0, energy=   -31.76739808674, oc= 2.000
 foundit, spin=1, state= 7, n=3, l=2, energy=  -122.45908596825, oc=10.000
 foundit, spin=1, state= 8, n=4, l=1, energy=   -25.94266867577, oc= 6.000
 foundit, spin=1, state= 9, n=5, l=0, energy=    -4.10362296881, oc= 2.000
 foundit, spin=1, state=10, n=4, l=2, energy=   -15.35379902184, oc=10.000
 foundit, spin=1, state=11, n=5, l=1, energy=    -2.49730196620, oc= 6.000
 foundit, spin=1, state=12, n=6, l=0, energy=    -0.33981563496, oc= 2.000
 foundit, spin=1, state=13, n=4, l=3, energy=    -1.74461472706, oc=14.000
 foundit, spin=1, state=14, n=5, l=2, energy=    -0.29363510624, oc= 2.000
 =========================================================================
 hafnium        at.num= 72.0      36.000 up   and 36.000  down   electrons
 =========================================================================
  total number of electrons:     72.00000000000001     
 r=  0.000000E+00 v(   1)= -0.144000E+03   r=  0.750000E-02 v( 101)= -0.137845E+03
 r=  0.465000E-01 v( 201)= -0.113170E+03   r=  0.286500E+00 v( 301)= -0.496309E+02
 r=  0.153450E+01 v( 401)= -0.639019E+01   r=  0.921450E+01 v( 501)= -0.504116E+00
 r=  0.368625E+02 v( 601)=  0.284217E-13   r=  0.675825E+02 v( 701)=  0.284217E-13
 r=  0.983025E+02 v( 801)=  0.284217E-13   r=  0.129022E+03 v( 901)=  0.284217E-13
 /////////////////////////////////////////////////////////////////////////
  qsum=************    excor=  -10.869094           energy= -28634.2561781
  corr=   -0.001434                           total energy= -28634.2576116
 /////////////////////////////////////////////////////////////////////////
 _________________________________________________________________________
 ========= iter= 26 ==== rms difference in ch. density= 0.2641E-06 =======
 ========= iter= 26 ==== rms difference in r*potential= 0.4549E-05 =======
