  
             ********************************************************
             *                                                      *
             *              Fortran 90 Interface Module             *
             *                                                      *
             *                         For                          *
             *                                                      *
             *              MPI Message Passing Library             *
             *                                                      *
             *                   Version No. 2.0k                   *
             *                                                      *
             ********************************************************
  
 CHARACTER_BYTES =            1
 INTEGER_BYTES   =            4
 REAL_BYTES      =            8
 COMPLEX_BYTES   =           16
 ADDRESS_BYTES   =            8
  
 Number of Procs =           16
  
Execution starts at 17:26:21, 09-27-2018 on    16 nodes
#-------------------------------------------------------------------------------
#
#
#           ********************************************************
#           *                                                      *
#           *    Full-Potential Multiple Scattering Theory Based   *
#           *                                                      *
#           *  Ab Initio Electronic Structure Calculation Package  *
#           *                                                      *
#           ********************************************************
#
#
#   username                 : ywg
#   system name              : muir6.psc.edu
#   code compiled            : Thursday, September 27 2018 16:04:48
#-------------------------------------------------------------------------------

 The Position Data File: ./position.dat

 The Position Data is read successfully!


================================================================================

 The lattice system is: Cubic       

================================================================================

            *********************************************
            *     Output from createParallelization     *
            *            in ProcMappingModule           *
            *********************************************

The number of processors in each box :   16
The number of repeats along k-dimen. :    1
The number of repeats along e-dimen. :    1
Dimension of the box :    4 x    2 x    2
MyPE =     0, NumEs, NumEsPerBox =    40   40
MyPE =     0, NumKs, NumKsPerBox =    25   25
MyPE =     0, K index =     1    2    3    4    5    6    7    8    9   10   11   12   13   14   15   16, ...,...
K index =     1    2    3    4    5    6    7    8    9   10   11   12   13   14   15   16, ...,...
Process =     0    0    0    0    0    0    0    0    0    0    0    0    0    0    0    0, ...,...
MyPE =     1, NumEs, NumEsPerBox =    40   40
MyPE =     1, NumKs, NumKsPerBox =    25   25
MyPE =     1, K index =     1    2    3    4    5    6    7    8    9   10   11   12   13   14   15   16, ...,...
MyPE =     2, NumEs, NumEsPerBox =    40   40
MyPE =     2, NumKs, NumKsPerBox =    25   25
MyPE =     2, K index =     1    2    3    4    5    6    7    8    9   10   11   12   13   14   15   16, ...,...
MyPE =     3, NumEs, NumEsPerBox =    40   40
MyPE =     3, NumKs, NumKsPerBox =    25   25
MyPE =     3, K index =     1    2    3    4    5    6    7    8    9   10   11   12   13   14   15   16, ...,...
MyPE =     5, NumEs, NumEsPerBox =    40   40
MyPE =     5, NumKs, NumKsPerBox =    25   25
MyPE =     5, K index =     1    2    3    4    5    6    7    8    9   10   11   12   13   14   15   16, ...,...
MyPE =     6, NumEs, NumEsPerBox =    40   40
MyPE =     6, NumKs, NumKsPerBox =    25   25
MyPE =     6, K index =     1    2    3    4    5    6    7    8    9   10   11   12   13   14   15   16, ...,...
MyPE =     7, NumEs, NumEsPerBox =    40   40
MyPE =     7, NumKs, NumKsPerBox =    25   25
MyPE =     7, K index =     1    2    3    4    5    6    7    8    9   10   11   12   13   14   15   16, ...,...
MyPE =     4, NumEs, NumEsPerBox =    40   40
MyPE =     4, NumKs, NumKsPerBox =    25   25
MyPE =     4, K index =     1    2    3    4    5    6    7    8    9   10   11   12   13   14   15   16, ...,...

================================================================================

The number of processes that write output data:      1
 Running on            1 threads
