  
             ********************************************************
             *                                                      *
             *              Fortran 90 Interface Module             *
             *                                                      *
             *                         For                          *
             *                                                      *
             *              MPI Message Passing Library             *
             *                                                      *
             *                   Version No. 2.0k                   *
             *                                                      *
             ********************************************************
  
 CHARACTER_BYTES =            1
 INTEGER_BYTES   =            4
 REAL_BYTES      =            8
 COMPLEX_BYTES   =           16
 ADDRESS_BYTES   =            8
  
 Number of Procs =            8
  
Execution starts at 11:12:26, 09-19-2018 on     8 nodes
#-------------------------------------------------------------------------------
#
#
#           ********************************************************
#           *                                                      *
#           *    Full-Potential Multiple Scattering Theory Based   *
#           *                                                      *
#           *  Ab Initio Electronic Structure Calculation Package  *
#           *                                                      *
#           ********************************************************
#
#
#   username                 : ywg
#   system name              : muir6.psc.edu
#   code compiled            : Monday, September 17 2018 16:06:12
#-------------------------------------------------------------------------------

 The Position Data File: ./position.dat

 The Position Data is read successfully!


================================================================================

 The lattice system is: Cubic       

********************************
* Output from SPACEGRP         *
********************************

The point group of the crystal is the full cubic        group
Space group is symmorphic
--------------------------------------------------------------------------------

********************************
* Output from CHECKSYMM        *
********************************

Symmetry is correct
--------------------------------------------------------------------------------

********************************
* Output from SPACEGRP         *
********************************

The point group of the crystal is the full cubic        group
Space group is symmorphic
--------------------------------------------------------------------------------

********************************
* Output from SPKPT            *
********************************

Wavevector mesh contains    4496 points
  some of these mesh points are related by lattice translation vectors
  some of these mesh points are related by lattice translation vectors
    400 of the mesh points removed.

    400 of the mesh points removed.

  some of these mesh points are related by lattice translation vectors
  some of these mesh points are related by lattice translation vectors
    400 of the mesh points removed.

    400 of the mesh points removed.

  some of these mesh points are related by lattice translation vectors
    400 of the mesh points removed.

  some of these mesh points are related by lattice translation vectors
    400 of the mesh points removed.

  some of these mesh points are related by lattice translation vectors
    400 of the mesh points removed.

  some of these mesh points are related by lattice translation vectors
    400 of the mesh points removed.

--------------------------------------------------------------------------------

================================================================================

            *********************************************
            *     Output from createParallelization     *
            *            in ProcMappingModule           *
            *********************************************

The number of processors in each box :    1
The number of repeats along k-dimen. :    4
The number of repeats along e-dimen. :    2
Dimension of the box :    1 x    1 x    1
MyPE =     0, NumEs, NumEsPerBox =    40   20
MyPE =     0, E index =     1    3    5    7    9   11   13   15   17   19   21   23   25   27   29   31   33   35   37   39
MyPE =     0, NumKs, NumKsPerBox =   140   35
MyPE =     0, K index =     1    2    3    4    5    6    7    8    9   10   11   12   13   14   15   16, ...,...
MyPE =     1, NumEs, NumEsPerBox =    40   20
MyPE =     1, E index =     2    4    6    8   10   12   14   16   18   20   22   24   26   28   30   32   34   36   38   40
MyPE =     1, NumKs, NumKsPerBox =   140   35
MyPE =     1, K index =     1    2    3    4    5    6    7    8    9   10   11   12   13   14   15   16, ...,...
MyPE =     2, NumEs, NumEsPerBox =    40   20
MyPE =     3, NumEs, NumEsPerBox =    40   20
MyPE =     3, E index =     2    4    6    8   10   12   14   16   18   20   22   24   26   28   30   32   34   36   38   40
MyPE =     3, NumKs, NumKsPerBox =   140   35
MyPE =     3, K index =    36   37   38   39   40   41   42   43   44   45   46   47   48   49   50   51, ...,...
MyPE =     4, NumEs, NumEsPerBox =    40   20
MyPE =     4, E index =     1    3    5    7    9   11   13   15   17   19   21   23   25   27   29   31   33   35   37   39
MyPE =     4, NumKs, NumKsPerBox =   140   35
MyPE =     4, K index =    71   72   73   74   75   76   77   78   79   80   81   82   83   84   85   86, ...,...
MyPE =     5, NumEs, NumEsPerBox =    40   20
MyPE =     5, E index =     2    4    6    8   10   12   14   16   18   20   22   24   26   28   30   32   34   36   38   40
MyPE =     5, NumKs, NumKsPerBox =   140   35
MyPE =     5, K index =    71   72   73   74   75   76   77   78   79   80   81   82   83   84   85   86, ...,...
MyPE =     6, NumEs, NumEsPerBox =    40   20
MyPE =     6, E index =     1    3    5    7    9   11   13   15   17   19   21   23   25   27   29   31   33   35   37   39
MyPE =     6, NumKs, NumKsPerBox =   140   35
MyPE =     6, K index =   106  107  108  109  110  111  112  113  114  115  116  117  118  119  120  121, ...,...
MyPE =     7, NumEs, NumEsPerBox =    40   20
MyPE =     7, E index =     2    4    6    8   10   12   14   16   18   20   22   24   26   28   30   32   34   36   38   40
MyPE =     7, NumKs, NumKsPerBox =   140   35
MyPE =     7, K index =   106  107  108  109  110  111  112  113  114  115  116  117  118  119  120  121, ...,...
K index =     1    2    3    4    5    6    7    8    9   10   11   12   13   14   15   16, ...,...
Process =     0    0    0    0    0    0    0    0    0    0    0    0    0    0    0    0, ...,...
MyPE =     2, E index =     1    3    5    7    9   11   13   15   17   19   21   23   25   27   29   31   33   35   37   39
MyPE =     2, NumKs, NumKsPerBox =   140   35
MyPE =     2, K index =    36   37   38   39   40   41   42   43   44   45   46   47   48   49   50   51, ...,...

================================================================================

The number of processes that write output data:      1
 Running on            1 threads

 !!!!!!!!!!!!!!!!!!!!!!!!!!!!!!!!!!!!!!!!!!!!!!!!!!!!!!!!!!!!!!!!!!!!!!!!!!!!!!
 !                                                                            !
 ! WARNING: Zero valence density in this (l,m) channel is expected            !
 ! VALUE:        2         0                                                  !
 ! AT: updateValenceDensity
 !                                                                            !
 !!!!!!!!!!!!!!!!!!!!!!!!!!!!!!!!!!!!!!!!!!!!!!!!!!!!!!!!!!!!!!!!!!!!!!!!!!!!!!



 !!!!!!!!!!!!!!!!!!!!!!!!!!!!!!!!!!!!!!!!!!!!!!!!!!!!!!!!!!!!!!!!!!!!!!!!!!!!!!
 !                                                                            !
 ! WARNING: Zero valence density in this (l,m) channel is expected            !
 ! VALUE:        2         0                                                  !
 ! AT: updateValenceDensity
 !                                                                            !
 !!!!!!!!!!!!!!!!!!!!!!!!!!!!!!!!!!!!!!!!!!!!!!!!!!!!!!!!!!!!!!!!!!!!!!!!!!!!!!

Maximum density value in this channel =     1    671   -0.44431582D-05  0.14376824D-12

 !!!!!!!!!!!!!!!!!!!!!!!!!!!!!!!!!!!!!!!!!!!!!!!!!!!!!!!!!!!!!!!!!!!!!!!!!!!!!!
 !                                                                            !
 ! WARNING: Zero valence density in this (l,m) channel is expected            !
 ! VALUE:        2         0                                                  !
 ! AT: updateValenceDensity
 !                                                                            !
 !!!!!!!!!!!!!!!!!!!!!!!!!!!!!!!!!!!!!!!!!!!!!!!!!!!!!!!!!!!!!!!!!!!!!!!!!!!!!!

Maximum density value in this channel =     3    671   -0.44431582D-05  0.14376824D-12
Maximum density value in this channel =     5    671   -0.44431582D-05  0.14376824D-12
 !!!!!!!!!!!!!!!!!!!!!!!!!!!!!!!!!!!!!!!!!!!!!!!!!!!!!!!!!!!!!!!!!!!!!!!!!!!!!!
 !                                                                            !
 ! WARNING: Zero valence density in this (l,m) channel is expected            !
 ! VALUE:        2         0                                                  !
 ! AT: updateValenceDensity
 !                                                                            !
 !!!!!!!!!!!!!!!!!!!!!!!!!!!!!!!!!!!!!!!!!!!!!!!!!!!!!!!!!!!!!!!!!!!!!!!!!!!!!!

Maximum density value in this channel =     7    671   -0.44431582D-05  0.14376824D-12

 !!!!!!!!!!!!!!!!!!!!!!!!!!!!!!!!!!!!!!!!!!!!!!!!!!!!!!!!!!!!!!!!!!!!!!!!!!!!!!
 !                                                                            !
 ! WARNING: Zero valence density in this (l,m) channel is expected            !
 ! VALUE:        2         0                                                  !
 ! AT: updateValenceDensity
 !                                                                            !
 !!!!!!!!!!!!!!!!!!!!!!!!!!!!!!!!!!!!!!!!!!!!!!!!!!!!!!!!!!!!!!!!!!!!!!!!!!!!!!


 !!!!!!!!!!!!!!!!!!!!!!!!!!!!!!!!!!!!!!!!!!!!!!!!!!!!!!!!!!!!!!!!!!!!!!!!!!!!!!
 !                                                                            !
 ! WARNING: Zero valence density in this (l,m) channel is expected            !
 ! VALUE:        2         0                                                  !
 ! AT: updateValenceDensity
 !                                                                            !
 !!!!!!!!!!!!!!!!!!!!!!!!!!!!!!!!!!!!!!!!!!!!!!!!!!!!!!!!!!!!!!!!!!!!!!!!!!!!!!

Maximum density value in this channel =     4    671   -0.44431582D-05  0.14376824D-12

Maximum density value in this channel =     2    671   -0.44431582D-05  0.14376824D-12
 !!!!!!!!!!!!!!!!!!!!!!!!!!!!!!!!!!!!!!!!!!!!!!!!!!!!!!!!!!!!!!!!!!!!!!!!!!!!!!
 !                                                                            !
 ! WARNING: Zero valence density in this (l,m) channel is expected            !
 ! VALUE:        2         0                                                  !
 ! AT: updateValenceDensity
 !                                                                            !
 !!!!!!!!!!!!!!!!!!!!!!!!!!!!!!!!!!!!!!!!!!!!!!!!!!!!!!!!!!!!!!!!!!!!!!!!!!!!!!

Maximum density value in this channel =     6    671   -0.44431582D-05  0.14376824D-12

 !!!!!!!!!!!!!!!!!!!!!!!!!!!!!!!!!!!!!!!!!!!!!!!!!!!!!!!!!!!!!!!!!!!!!!!!!!!!!!
 !                                                                            !
 ! WARNING: Zero valence density in this (l,m) channel is expected            !
 ! VALUE:        2         0                                                  !
 ! AT: updateValenceDensity
 !                                                                            !
 !!!!!!!!!!!!!!!!!!!!!!!!!!!!!!!!!!!!!!!!!!!!!!!!!!!!!!!!!!!!!!!!!!!!!!!!!!!!!!

Maximum density value in this channel =     5    671   -0.43274922D-05  0.30074515D-14

 !!!!!!!!!!!!!!!!!!!!!!!!!!!!!!!!!!!!!!!!!!!!!!!!!!!!!!!!!!!!!!!!!!!!!!!!!!!!!!
 !                                                                            !
 ! WARNING: Zero valence density in this (l,m) channel is expected            !
 ! VALUE:        2         0                                                  !
 ! AT: updateValenceDensity
 !                                                                            !
 !!!!!!!!!!!!!!!!!!!!!!!!!!!!!!!!!!!!!!!!!!!!!!!!!!!!!!!!!!!!!!!!!!!!!!!!!!!!!!

Maximum density value in this channel =     7    671   -0.43274922D-05  0.30074515D-14

 !!!!!!!!!!!!!!!!!!!!!!!!!!!!!!!!!!!!!!!!!!!!!!!!!!!!!!!!!!!!!!!!!!!!!!!!!!!!!!
 !                                                                            !
 ! WARNING: Zero valence density in this (l,m) channel is expected            !
 ! VALUE:        2         0                                                  !
 ! AT: updateValenceDensity
 !                                                                            !
 !!!!!!!!!!!!!!!!!!!!!!!!!!!!!!!!!!!!!!!!!!!!!!!!!!!!!!!!!!!!!!!!!!!!!!!!!!!!!!

Maximum density value in this channel =     1    671   -0.43274922D-05  0.30074515D-14

 !!!!!!!!!!!!!!!!!!!!!!!!!!!!!!!!!!!!!!!!!!!!!!!!!!!!!!!!!!!!!!!!!!!!!!!!!!!!!!
 !                                                                            !
 ! WARNING: Zero valence density in this (l,m) channel is expected            !
 ! VALUE:        2         0                                                  !
 ! AT: updateValenceDensity
 !                                                                            !
 !!!!!!!!!!!!!!!!!!!!!!!!!!!!!!!!!!!!!!!!!!!!!!!!!!!!!!!!!!!!!!!!!!!!!!!!!!!!!!

Maximum density value in this channel =     3    671   -0.43274922D-05  0.30074515D-14

 !!!!!!!!!!!!!!!!!!!!!!!!!!!!!!!!!!!!!!!!!!!!!!!!!!!!!!!!!!!!!!!!!!!!!!!!!!!!!!
 !                                                                            !
 ! WARNING: Zero valence density in this (l,m) channel is expected            !
 ! VALUE:        2         0                                                  !
 ! AT: updateValenceDensity
 !                                                                            !
 !!!!!!!!!!!!!!!!!!!!!!!!!!!!!!!!!!!!!!!!!!!!!!!!!!!!!!!!!!!!!!!!!!!!!!!!!!!!!!


 !!!!!!!!!!!!!!!!!!!!!!!!!!!!!!!!!!!!!!!!!!!!!!!!!!!!!!!!!!!!!!!!!!!!!!!!!!!!!!
 !                                                                            !
 ! WARNING: Zero valence density in this (l,m) channel is expected            !
 ! VALUE:        2         0                                                  !
 ! AT: updateValenceDensity
 !                                                                            !
 !!!!!!!!!!!!!!!!!!!!!!!!!!!!!!!!!!!!!!!!!!!!!!!!!!!!!!!!!!!!!!!!!!!!!!!!!!!!!!

Maximum density value in this channel =     6    671   -0.43274922D-05  0.30074515D-14

 !!!!!!!!!!!!!!!!!!!!!!!!!!!!!!!!!!!!!!!!!!!!!!!!!!!!!!!!!!!!!!!!!!!!!!!!!!!!!!
 !                                                                            !
 ! WARNING: Zero valence density in this (l,m) channel is expected            !
Maximum density value in this channel =     4    671   -0.43274922D-05  0.30074515D-14
 ! VALUE:        2         0                                                  !
 ! AT: updateValenceDensity
 !                                                                            !
 !!!!!!!!!!!!!!!!!!!!!!!!!!!!!!!!!!!!!!!!!!!!!!!!!!!!!!!!!!!!!!!!!!!!!!!!!!!!!!

Maximum density value in this channel =     2    671   -0.43274922D-05  0.30074515D-14

 !!!!!!!!!!!!!!!!!!!!!!!!!!!!!!!!!!!!!!!!!!!!!!!!!!!!!!!!!!!!!!!!!!!!!!!!!!!!!!
 !                                                                            !
 ! WARNING: Zero valence density in this (l,m) channel is expected            !
 ! VALUE:        2         0                                                  !
 ! AT: updateValenceDensity
 !                                                                            !
 !!!!!!!!!!!!!!!!!!!!!!!!!!!!!!!!!!!!!!!!!!!!!!!!!!!!!!!!!!!!!!!!!!!!!!!!!!!!!!

Maximum density value in this channel =     5    671    0.14690774D-04  0.23367421D-11

 !!!!!!!!!!!!!!!!!!!!!!!!!!!!!!!!!!!!!!!!!!!!!!!!!!!!!!!!!!!!!!!!!!!!!!!!!!!!!!
 !                                                                            !
 ! WARNING: Zero valence density in this (l,m) channel is expected            !
 ! VALUE:        2         0                                                  !
 ! AT: updateValenceDensity
 !                                                                            !
 !!!!!!!!!!!!!!!!!!!!!!!!!!!!!!!!!!!!!!!!!!!!!!!!!!!!!!!!!!!!!!!!!!!!!!!!!!!!!!

Maximum density value in this channel =     7    671    0.14690774D-04  0.23367421D-11

 !!!!!!!!!!!!!!!!!!!!!!!!!!!!!!!!!!!!!!!!!!!!!!!!!!!!!!!!!!!!!!!!!!!!!!!!!!!!!!
 !                                                                            !
 ! WARNING: Zero valence density in this (l,m) channel is expected            !

 !!!!!!!!!!!!!!!!!!!!!!!!!!!!!!!!!!!!!!!!!!!!!!!!!!!!!!!!!!!!!!!!!!!!!!!!!!!!!!
 !                                                                            !
 ! WARNING: Zero valence density in this (l,m) channel is expected            !
 ! VALUE:        2         0                                                  !
 ! AT: updateValenceDensity
 !                                                                            !
 ! VALUE:        2         0                                                  !
 ! AT: updateValenceDensity
 !                                                                            !
 !!!!!!!!!!!!!!!!!!!!!!!!!!!!!!!!!!!!!!!!!!!!!!!!!!!!!!!!!!!!!!!!!!!!!!!!!!!!!!

 !!!!!!!!!!!!!!!!!!!!!!!!!!!!!!!!!!!!!!!!!!!!!!!!!!!!!!!!!!!!!!!!!!!!!!!!!!!!!!

Maximum density value in this channel =     1    671    0.14690774D-04  0.23367421D-11
Maximum density value in this channel =     3    671    0.14690774D-04  0.23367421D-11

 !!!!!!!!!!!!!!!!!!!!!!!!!!!!!!!!!!!!!!!!!!!!!!!!!!!!!!!!!!!!!!!!!!!!!!!!!!!!!!
 !                                                                            !
 ! WARNING: Zero valence density in this (l,m) channel is expected            !
 ! VALUE:        2         0                                                  !
 ! AT: updateValenceDensity
 !                                                                            !
 !!!!!!!!!!!!!!!!!!!!!!!!!!!!!!!!!!!!!!!!!!!!!!!!!!!!!!!!!!!!!!!!!!!!!!!!!!!!!!


 !!!!!!!!!!!!!!!!!!!!!!!!!!!!!!!!!!!!!!!!!!!!!!!!!!!!!!!!!!!!!!!!!!!!!!!!!!!!!!
 !                                                                            !
 ! WARNING: Zero valence density in this (l,m) channel is expected            !
 ! VALUE:        2         0                                                  !
 ! AT: updateValenceDensity
 !                                                                            !
 !!!!!!!!!!!!!!!!!!!!!!!!!!!!!!!!!!!!!!!!!!!!!!!!!!!!!!!!!!!!!!!!!!!!!!!!!!!!!!

Maximum density value in this channel =     6    671    0.14690774D-04  0.23367421D-11

 !!!!!!!!!!!!!!!!!!!!!!!!!!!!!!!!!!!!!!!!!!!!!!!!!!!!!!!!!!!!!!!!!!!!!!!!!!!!!!
 !                                                                            !
 ! WARNING: Zero valence density in this (l,m) channel is expected            !
 ! VALUE:        2         0                                                  !
 ! AT: updateValenceDensity
 !                                                                            !
Maximum density value in this channel =     4    671    0.14690774D-04  0.23367421D-11
 !!!!!!!!!!!!!!!!!!!!!!!!!!!!!!!!!!!!!!!!!!!!!!!!!!!!!!!!!!!!!!!!!!!!!!!!!!!!!!

Maximum density value in this channel =     2    671    0.14690774D-04  0.23367421D-11

 !!!!!!!!!!!!!!!!!!!!!!!!!!!!!!!!!!!!!!!!!!!!!!!!!!!!!!!!!!!!!!!!!!!!!!!!!!!!!!
 !                                                                            !
 ! WARNING: Zero valence density in this (l,m) channel is expected            !
 ! VALUE:        2         0                                                  !
 ! AT: updateValenceDensity
 !                                                                            !
 !!!!!!!!!!!!!!!!!!!!!!!!!!!!!!!!!!!!!!!!!!!!!!!!!!!!!!!!!!!!!!!!!!!!!!!!!!!!!!


 !!!!!!!!!!!!!!!!!!!!!!!!!!!!!!!!!!!!!!!!!!!!!!!!!!!!!!!!!!!!!!!!!!!!!!!!!!!!!!
 !                                                                            !
 ! WARNING: Zero valence density in this (l,m) channel is expected            !
 ! VALUE:        2         0                                                  !
 ! AT: updateValenceDensity
 !                                                                            !
 !!!!!!!!!!!!!!!!!!!!!!!!!!!!!!!!!!!!!!!!!!!!!!!!!!!!!!!!!!!!!!!!!!!!!!!!!!!!!!

Maximum density value in this channel =     3    672    0.34476804D-05  0.14065406D-12

 !!!!!!!!!!!!!!!!!!!!!!!!!!!!!!!!!!!!!!!!!!!!!!!!!!!!!!!!!!!!!!!!!!!!!!!!!!!!!!
 !                                                                            !
 ! WARNING: Zero valence density in this (l,m) channel is expected            !
 ! VALUE:        2         0                                                  !
 ! AT: updateValenceDensity
 !                                                                            !
 !!!!!!!!!!!!!!!!!!!!!!!!!!!!!!!!!!!!!!!!!!!!!!!!!!!!!!!!!!!!!!!!!!!!!!!!!!!!!!

Maximum density value in this channel =     5    672    0.34476804D-05  0.14065406D-12

 !!!!!!!!!!!!!!!!!!!!!!!!!!!!!!!!!!!!!!!!!!!!!!!!!!!!!!!!!!!!!!!!!!!!!!!!!!!!!!
 !                                                                            !
 ! WARNING: Zero valence density in this (l,m) channel is expected            !
 ! VALUE:        2         0                                                  !
 ! AT: updateValenceDensity
 !                                                                            !
 !!!!!!!!!!!!!!!!!!!!!!!!!!!!!!!!!!!!!!!!!!!!!!!!!!!!!!!!!!!!!!!!!!!!!!!!!!!!!!

Maximum density value in this channel =     7    672    0.34476804D-05  0.14065406D-12
Maximum density value in this channel =     1    672    0.34476804D-05  0.14065406D-12

 !!!!!!!!!!!!!!!!!!!!!!!!!!!!!!!!!!!!!!!!!!!!!!!!!!!!!!!!!!!!!!!!!!!!!!!!!!!!!!
 !                                                                            !
 ! WARNING: Zero valence density in this (l,m) channel is expected            !
 ! VALUE:        2         0                                                  !
 ! AT: updateValenceDensity
 !                                                                            !
 !!!!!!!!!!!!!!!!!!!!!!!!!!!!!!!!!!!!!!!!!!!!!!!!!!!!!!!!!!!!!!!!!!!!!!!!!!!!!!

Maximum density value in this channel =     4    672    0.34476804D-05  0.14065406D-12

 !!!!!!!!!!!!!!!!!!!!!!!!!!!!!!!!!!!!!!!!!!!!!!!!!!!!!!!!!!!!!!!!!!!!!!!!!!!!!!
 !                                                                            !
 ! WARNING: Zero valence density in this (l,m) channel is expected            !
 ! VALUE:        2         0                                                  !
 ! AT: updateValenceDensity
 !                                                                            !
 !!!!!!!!!!!!!!!!!!!!!!!!!!!!!!!!!!!!!!!!!!!!!!!!!!!!!!!!!!!!!!!!!!!!!!!!!!!!!!

Maximum density value in this channel =     6    672    0.34476804D-05  0.14065406D-12

 !!!!!!!!!!!!!!!!!!!!!!!!!!!!!!!!!!!!!!!!!!!!!!!!!!!!!!!!!!!!!!!!!!!!!!!!!!!!!!
 !                                                                            !
 ! WARNING: Zero valence density in this (l,m) channel is expected            !
 ! VALUE:        2         0                                                  !
 ! AT: updateValenceDensity
 !                                                                            !
 !!!!!!!!!!!!!!!!!!!!!!!!!!!!!!!!!!!!!!!!!!!!!!!!!!!!!!!!!!!!!!!!!!!!!!!!!!!!!!

Maximum density value in this channel =     2    672    0.34476804D-05  0.14065406D-12

 !!!!!!!!!!!!!!!!!!!!!!!!!!!!!!!!!!!!!!!!!!!!!!!!!!!!!!!!!!!!!!!!!!!!!!!!!!!!!!
 !                                                                            !
 ! WARNING: Zero valence density in this (l,m) channel is expected            !
 ! VALUE:        2         0                                                  !
 ! AT: updateValenceDensity
 !                                                                            !
 !!!!!!!!!!!!!!!!!!!!!!!!!!!!!!!!!!!!!!!!!!!!!!!!!!!!!!!!!!!!!!!!!!!!!!!!!!!!!!

Maximum density value in this channel =     5    671   -0.75077630D-05  0.62466926D-12

 !!!!!!!!!!!!!!!!!!!!!!!!!!!!!!!!!!!!!!!!!!!!!!!!!!!!!!!!!!!!!!!!!!!!!!!!!!!!!!
 !                                                                            !
 ! WARNING: Zero valence density in this (l,m) channel is expected            !
 ! VALUE:        2         0                                                  !
 ! AT: updateValenceDensity
 !                                                                            !
 !!!!!!!!!!!!!!!!!!!!!!!!!!!!!!!!!!!!!!!!!!!!!!!!!!!!!!!!!!!!!!!!!!!!!!!!!!!!!!

Maximum density value in this channel =     7    671   -0.75077630D-05  0.62466926D-12

 !!!!!!!!!!!!!!!!!!!!!!!!!!!!!!!!!!!!!!!!!!!!!!!!!!!!!!!!!!!!!!!!!!!!!!!!!!!!!!
 !                                                                            !
 ! WARNING: Zero valence density in this (l,m) channel is expected            !
 ! VALUE:        2         0                                                  !
 ! AT: updateValenceDensity
 !                                                                            !
 !!!!!!!!!!!!!!!!!!!!!!!!!!!!!!!!!!!!!!!!!!!!!!!!!!!!!!!!!!!!!!!!!!!!!!!!!!!!!!


 !!!!!!!!!!!!!!!!!!!!!!!!!!!!!!!!!!!!!!!!!!!!!!!!!!!!!!!!!!!!!!!!!!!!!!!!!!!!!!
 !                                                                            !
 ! WARNING: Zero valence density in this (l,m) channel is expected            !
 ! VALUE:        2         0                                                  !
 ! AT: updateValenceDensity
 !                                                                            !
 !!!!!!!!!!!!!!!!!!!!!!!!!!!!!!!!!!!!!!!!!!!!!!!!!!!!!!!!!!!!!!!!!!!!!!!!!!!!!!

Maximum density value in this channel =     3    671   -0.75077630D-05  0.62466926D-12
Maximum density value in this channel =     1    671   -0.75077630D-05  0.62466926D-12

 !!!!!!!!!!!!!!!!!!!!!!!!!!!!!!!!!!!!!!!!!!!!!!!!!!!!!!!!!!!!!!!!!!!!!!!!!!!!!!
 !                                                                            !
 ! WARNING: Zero valence density in this (l,m) channel is expected            !
 ! VALUE:        2         0                                                  !
 ! AT: updateValenceDensity
 !                                                                            !
 !!!!!!!!!!!!!!!!!!!!!!!!!!!!!!!!!!!!!!!!!!!!!!!!!!!!!!!!!!!!!!!!!!!!!!!!!!!!!!


 !!!!!!!!!!!!!!!!!!!!!!!!!!!!!!!!!!!!!!!!!!!!!!!!!!!!!!!!!!!!!!!!!!!!!!!!!!!!!!
 !                                                                            !
 ! WARNING: Zero valence density in this (l,m) channel is expected            !
 ! VALUE:        2         0                                                  !
 ! AT: updateValenceDensity
 !                                                                            !
 !!!!!!!!!!!!!!!!!!!!!!!!!!!!!!!!!!!!!!!!!!!!!!!!!!!!!!!!!!!!!!!!!!!!!!!!!!!!!!

Maximum density value in this channel =     6    671   -0.75077630D-05  0.62466926D-12

 !!!!!!!!!!!!!!!!!!!!!!!!!!!!!!!!!!!!!!!!!!!!!!!!!!!!!!!!!!!!!!!!!!!!!!!!!!!!!!
 !                                                                            !
 ! WARNING: Zero valence density in this (l,m) channel is expected            !
 ! VALUE:        2         0                                                  !
 ! AT: updateValenceDensity
 !                                                                            !
 !!!!!!!!!!!!!!!!!!!!!!!!!!!!!!!!!!!!!!!!!!!!!!!!!!!!!!!!!!!!!!!!!!!!!!!!!!!!!!

Maximum density value in this channel =     4    671   -0.75077630D-05  0.62466926D-12
Maximum density value in this channel =     2    671   -0.75077630D-05  0.62466926D-12

 !!!!!!!!!!!!!!!!!!!!!!!!!!!!!!!!!!!!!!!!!!!!!!!!!!!!!!!!!!!!!!!!!!!!!!!!!!!!!!
 !                                                                            !
 ! WARNING: Zero valence density in this (l,m) channel is expected            !
 ! VALUE:        2         0                                                  !
 ! AT: updateValenceDensity
 !                                                                            !
 !!!!!!!!!!!!!!!!!!!!!!!!!!!!!!!!!!!!!!!!!!!!!!!!!!!!!!!!!!!!!!!!!!!!!!!!!!!!!!

Maximum density value in this channel =     5    671   -0.69648589D-05  0.47932158D-12

 !!!!!!!!!!!!!!!!!!!!!!!!!!!!!!!!!!!!!!!!!!!!!!!!!!!!!!!!!!!!!!!!!!!!!!!!!!!!!!
 !                                                                            !
 ! WARNING: Zero valence density in this (l,m) channel is expected            !
 ! VALUE:        2         0                                                  !
 ! AT: updateValenceDensity
 !                                                                            !
 !!!!!!!!!!!!!!!!!!!!!!!!!!!!!!!!!!!!!!!!!!!!!!!!!!!!!!!!!!!!!!!!!!!!!!!!!!!!!!

Maximum density value in this channel =     7    671   -0.69648589D-05  0.47932158D-12

 !!!!!!!!!!!!!!!!!!!!!!!!!!!!!!!!!!!!!!!!!!!!!!!!!!!!!!!!!!!!!!!!!!!!!!!!!!!!!!
 !                                                                            !
 ! WARNING: Zero valence density in this (l,m) channel is expected            !
 ! VALUE:        2         0                                                  !
 ! AT: updateValenceDensity
 !                                                                            !
 !!!!!!!!!!!!!!!!!!!!!!!!!!!!!!!!!!!!!!!!!!!!!!!!!!!!!!!!!!!!!!!!!!!!!!!!!!!!!!


 !!!!!!!!!!!!!!!!!!!!!!!!!!!!!!!!!!!!!!!!!!!!!!!!!!!!!!!!!!!!!!!!!!!!!!!!!!!!!!
 !                                                                            !
 ! WARNING: Zero valence density in this (l,m) channel is expected            !
 ! VALUE:        2         0                                                  !
 ! AT: updateValenceDensity
 !                                                                            !
 !!!!!!!!!!!!!!!!!!!!!!!!!!!!!!!!!!!!!!!!!!!!!!!!!!!!!!!!!!!!!!!!!!!!!!!!!!!!!!

Maximum density value in this channel =     3    671   -0.69648589D-05  0.47932158D-12
Maximum density value in this channel =     1    671   -0.69648589D-05  0.47932158D-12

 !!!!!!!!!!!!!!!!!!!!!!!!!!!!!!!!!!!!!!!!!!!!!!!!!!!!!!!!!!!!!!!!!!!!!!!!!!!!!!
 !                                                                            !
 ! WARNING: Zero valence density in this (l,m) channel is expected            !
 ! VALUE:        2         0                                                  !
 ! AT: updateValenceDensity
 !                                                                            !
 !!!!!!!!!!!!!!!!!!!!!!!!!!!!!!!!!!!!!!!!!!!!!!!!!!!!!!!!!!!!!!!!!!!!!!!!!!!!!!


 !!!!!!!!!!!!!!!!!!!!!!!!!!!!!!!!!!!!!!!!!!!!!!!!!!!!!!!!!!!!!!!!!!!!!!!!!!!!!!
 !                                                                            !
 ! WARNING: Zero valence density in this (l,m) channel is expected            !
 ! VALUE:        2         0                                                  !
 ! AT: updateValenceDensity
 !                                                                            !
 !!!!!!!!!!!!!!!!!!!!!!!!!!!!!!!!!!!!!!!!!!!!!!!!!!!!!!!!!!!!!!!!!!!!!!!!!!!!!!

Maximum density value in this channel =     4    671   -0.69648589D-05  0.47932158D-12

 !!!!!!!!!!!!!!!!!!!!!!!!!!!!!!!!!!!!!!!!!!!!!!!!!!!!!!!!!!!!!!!!!!!!!!!!!!!!!!
 !                                                                            !
 ! WARNING: Zero valence density in this (l,m) channel is expected            !
 ! VALUE:        2         0                                                  !
 ! AT: updateValenceDensity
 !                                                                            !
 !!!!!!!!!!!!!!!!!!!!!!!!!!!!!!!!!!!!!!!!!!!!!!!!!!!!!!!!!!!!!!!!!!!!!!!!!!!!!!

Maximum density value in this channel =     6    671   -0.69648589D-05  0.47932158D-12
Maximum density value in this channel =     2    671   -0.69648589D-05  0.47932158D-12

 !!!!!!!!!!!!!!!!!!!!!!!!!!!!!!!!!!!!!!!!!!!!!!!!!!!!!!!!!!!!!!!!!!!!!!!!!!!!!!
 !                                                                            !
 ! WARNING: Zero valence density in this (l,m) channel is expected            !
 ! VALUE:        2         0                                                  !
 ! AT: updateValenceDensity
 !                                                                            !
 !!!!!!!!!!!!!!!!!!!!!!!!!!!!!!!!!!!!!!!!!!!!!!!!!!!!!!!!!!!!!!!!!!!!!!!!!!!!!!

Maximum density value in this channel =     5    671   -0.68486520D-05  0.36330561D-12

 !!!!!!!!!!!!!!!!!!!!!!!!!!!!!!!!!!!!!!!!!!!!!!!!!!!!!!!!!!!!!!!!!!!!!!!!!!!!!!
 !                                                                            !
 ! WARNING: Zero valence density in this (l,m) channel is expected            !
 ! VALUE:        2         0                                                  !
 ! AT: updateValenceDensity
 !                                                                            !
 !!!!!!!!!!!!!!!!!!!!!!!!!!!!!!!!!!!!!!!!!!!!!!!!!!!!!!!!!!!!!!!!!!!!!!!!!!!!!!

Maximum density value in this channel =     7    671   -0.68486520D-05  0.36330561D-12

 !!!!!!!!!!!!!!!!!!!!!!!!!!!!!!!!!!!!!!!!!!!!!!!!!!!!!!!!!!!!!!!!!!!!!!!!!!!!!!
 !                                                                            !
 ! WARNING: Zero valence density in this (l,m) channel is expected            !
 ! VALUE:        2         0                                                  !
 ! AT: updateValenceDensity
 !                                                                            !
 !!!!!!!!!!!!!!!!!!!!!!!!!!!!!!!!!!!!!!!!!!!!!!!!!!!!!!!!!!!!!!!!!!!!!!!!!!!!!!

Maximum density value in this channel =     1    671   -0.68486520D-05  0.36330561D-12

 !!!!!!!!!!!!!!!!!!!!!!!!!!!!!!!!!!!!!!!!!!!!!!!!!!!!!!!!!!!!!!!!!!!!!!!!!!!!!!
 !                                                                            !
 ! WARNING: Zero valence density in this (l,m) channel is expected            !
 ! VALUE:        2         0                                                  !
 ! AT: updateValenceDensity
 !                                                                            !
 !!!!!!!!!!!!!!!!!!!!!!!!!!!!!!!!!!!!!!!!!!!!!!!!!!!!!!!!!!!!!!!!!!!!!!!!!!!!!!

Maximum density value in this channel =     3    671   -0.68486520D-05  0.36330561D-12

 !!!!!!!!!!!!!!!!!!!!!!!!!!!!!!!!!!!!!!!!!!!!!!!!!!!!!!!!!!!!!!!!!!!!!!!!!!!!!!
 !                                                                            !
 ! WARNING: Zero valence density in this (l,m) channel is expected            !
 ! VALUE:        2         0                                                  !
 ! AT: updateValenceDensity
 !                                                                            !
 !!!!!!!!!!!!!!!!!!!!!!!!!!!!!!!!!!!!!!!!!!!!!!!!!!!!!!!!!!!!!!!!!!!!!!!!!!!!!!

Maximum density value in this channel =     4    671   -0.68486520D-05  0.36330561D-12

 !!!!!!!!!!!!!!!!!!!!!!!!!!!!!!!!!!!!!!!!!!!!!!!!!!!!!!!!!!!!!!!!!!!!!!!!!!!!!!
 !                                                                            !
 ! WARNING: Zero valence density in this (l,m) channel is expected            !
 ! VALUE:        2         0                                                  !
 ! AT: updateValenceDensity
 !                                                                            !
 !!!!!!!!!!!!!!!!!!!!!!!!!!!!!!!!!!!!!!!!!!!!!!!!!!!!!!!!!!!!!!!!!!!!!!!!!!!!!!

Maximum density value in this channel =     6    671   -0.68486520D-05  0.36330561D-12

 !!!!!!!!!!!!!!!!!!!!!!!!!!!!!!!!!!!!!!!!!!!!!!!!!!!!!!!!!!!!!!!!!!!!!!!!!!!!!!
 !                                                                            !
 ! WARNING: Zero valence density in this (l,m) channel is expected            !
 ! VALUE:        2         0                                                  !
 ! AT: updateValenceDensity
 !                                                                            !
 !!!!!!!!!!!!!!!!!!!!!!!!!!!!!!!!!!!!!!!!!!!!!!!!!!!!!!!!!!!!!!!!!!!!!!!!!!!!!!

Maximum density value in this channel =     2    671   -0.68486520D-05  0.36330561D-12

 !!!!!!!!!!!!!!!!!!!!!!!!!!!!!!!!!!!!!!!!!!!!!!!!!!!!!!!!!!!!!!!!!!!!!!!!!!!!!!
 !                                                                            !
 ! WARNING: Zero valence density in this (l,m) channel is expected            !
 ! VALUE:        2         0                                                  !
 ! AT: updateValenceDensity
 !                                                                            !
 !!!!!!!!!!!!!!!!!!!!!!!!!!!!!!!!!!!!!!!!!!!!!!!!!!!!!!!!!!!!!!!!!!!!!!!!!!!!!!


 !!!!!!!!!!!!!!!!!!!!!!!!!!!!!!!!!!!!!!!!!!!!!!!!!!!!!!!!!!!!!!!!!!!!!!!!!!!!!!
 !                                                                            !
 ! WARNING: Zero valence density in this (l,m) channel is expected            !
 ! VALUE:        2         0                                                  !
 ! AT: updateValenceDensity
 !                                                                            !
 !!!!!!!!!!!!!!!!!!!!!!!!!!!!!!!!!!!!!!!!!!!!!!!!!!!!!!!!!!!!!!!!!!!!!!!!!!!!!!

Maximum density value in this channel =     3    671   -0.76000078D-05  0.52170716D-12

 !!!!!!!!!!!!!!!!!!!!!!!!!!!!!!!!!!!!!!!!!!!!!!!!!!!!!!!!!!!!!!!!!!!!!!!!!!!!!!
 !                                                                            !
 ! WARNING: Zero valence density in this (l,m) channel is expected            !
 ! VALUE:        2         0                                                  !
 ! AT: updateValenceDensity
 !                                                                            !
 !!!!!!!!!!!!!!!!!!!!!!!!!!!!!!!!!!!!!!!!!!!!!!!!!!!!!!!!!!!!!!!!!!!!!!!!!!!!!!

Maximum density value in this channel =     5    671   -0.76000078D-05  0.52170716D-12

 !!!!!!!!!!!!!!!!!!!!!!!!!!!!!!!!!!!!!!!!!!!!!!!!!!!!!!!!!!!!!!!!!!!!!!!!!!!!!!
 !                                                                            !
 ! WARNING: Zero valence density in this (l,m) channel is expected            !
 ! VALUE:        2         0                                                  !
 ! AT: updateValenceDensity
 !                                                                            !
 !!!!!!!!!!!!!!!!!!!!!!!!!!!!!!!!!!!!!!!!!!!!!!!!!!!!!!!!!!!!!!!!!!!!!!!!!!!!!!

Maximum density value in this channel =     7    671   -0.76000078D-05  0.52170716D-12
Maximum density value in this channel =     1    671   -0.76000078D-05  0.52170716D-12

 !!!!!!!!!!!!!!!!!!!!!!!!!!!!!!!!!!!!!!!!!!!!!!!!!!!!!!!!!!!!!!!!!!!!!!!!!!!!!!
 !                                                                            !
 ! WARNING: Zero valence density in this (l,m) channel is expected            !
 ! VALUE:        2         0                                                  !
 ! AT: updateValenceDensity
 !                                                                            !
 !!!!!!!!!!!!!!!!!!!!!!!!!!!!!!!!!!!!!!!!!!!!!!!!!!!!!!!!!!!!!!!!!!!!!!!!!!!!!!


 !!!!!!!!!!!!!!!!!!!!!!!!!!!!!!!!!!!!!!!!!!!!!!!!!!!!!!!!!!!!!!!!!!!!!!!!!!!!!!
 !                                                                            !
 ! WARNING: Zero valence density in this (l,m) channel is expected            !
 ! VALUE:        2         0                                                  !
 ! AT: updateValenceDensity
 !                                                                            !
 !!!!!!!!!!!!!!!!!!!!!!!!!!!!!!!!!!!!!!!!!!!!!!!!!!!!!!!!!!!!!!!!!!!!!!!!!!!!!!

Maximum density value in this channel =     6    671   -0.76000078D-05  0.52170716D-12

 !!!!!!!!!!!!!!!!!!!!!!!!!!!!!!!!!!!!!!!!!!!!!!!!!!!!!!!!!!!!!!!!!!!!!!!!!!!!!!
 !                                                                            !
 ! WARNING: Zero valence density in this (l,m) channel is expected            !
 ! VALUE:        2         0                                                  !
 ! AT: updateValenceDensity
 !                                                                            !
Maximum density value in this channel =     4    671   -0.76000078D-05  0.52170716D-12
 !!!!!!!!!!!!!!!!!!!!!!!!!!!!!!!!!!!!!!!!!!!!!!!!!!!!!!!!!!!!!!!!!!!!!!!!!!!!!!

Maximum density value in this channel =     2    671   -0.76000078D-05  0.52170716D-12

 !!!!!!!!!!!!!!!!!!!!!!!!!!!!!!!!!!!!!!!!!!!!!!!!!!!!!!!!!!!!!!!!!!!!!!!!!!!!!!
 !                                                                            !
 ! WARNING: Zero valence density in this (l,m) channel is expected            !
 ! VALUE:        2         0                                                  !
 ! AT: updateValenceDensity
 !                                                                            !
 !!!!!!!!!!!!!!!!!!!!!!!!!!!!!!!!!!!!!!!!!!!!!!!!!!!!!!!!!!!!!!!!!!!!!!!!!!!!!!

Maximum density value in this channel =     5    671   -0.66970603D-05  0.33977150D-12

 !!!!!!!!!!!!!!!!!!!!!!!!!!!!!!!!!!!!!!!!!!!!!!!!!!!!!!!!!!!!!!!!!!!!!!!!!!!!!!
 !                                                                            !
 ! WARNING: Zero valence density in this (l,m) channel is expected            !
 ! VALUE:        2         0                                                  !
 ! AT: updateValenceDensity
 !                                                                            !
 !!!!!!!!!!!!!!!!!!!!!!!!!!!!!!!!!!!!!!!!!!!!!!!!!!!!!!!!!!!!!!!!!!!!!!!!!!!!!!

Maximum density value in this channel =     7    671   -0.66970603D-05  0.33977150D-12

 !!!!!!!!!!!!!!!!!!!!!!!!!!!!!!!!!!!!!!!!!!!!!!!!!!!!!!!!!!!!!!!!!!!!!!!!!!!!!!
 !                                                                            !
 ! WARNING: Zero valence density in this (l,m) channel is expected            !
 ! VALUE:        2         0                                                  !
 ! AT: updateValenceDensity
 !                                                                            !
 !!!!!!!!!!!!!!!!!!!!!!!!!!!!!!!!!!!!!!!!!!!!!!!!!!!!!!!!!!!!!!!!!!!!!!!!!!!!!!


 !!!!!!!!!!!!!!!!!!!!!!!!!!!!!!!!!!!!!!!!!!!!!!!!!!!!!!!!!!!!!!!!!!!!!!!!!!!!!!
 !                                                                            !
 ! WARNING: Zero valence density in this (l,m) channel is expected            !
 ! VALUE:        2         0                                                  !
 ! AT: updateValenceDensity
 !                                                                            !
 !!!!!!!!!!!!!!!!!!!!!!!!!!!!!!!!!!!!!!!!!!!!!!!!!!!!!!!!!!!!!!!!!!!!!!!!!!!!!!

Maximum density value in this channel =     1    671   -0.66970603D-05  0.33977150D-12
Maximum density value in this channel =     3    671   -0.66970603D-05  0.33977150D-12

 !!!!!!!!!!!!!!!!!!!!!!!!!!!!!!!!!!!!!!!!!!!!!!!!!!!!!!!!!!!!!!!!!!!!!!!!!!!!!!
 !                                                                            !
 ! WARNING: Zero valence density in this (l,m) channel is expected            !
 ! VALUE:        2         0                                                  !
 ! AT: updateValenceDensity
 !                                                                            !
 !!!!!!!!!!!!!!!!!!!!!!!!!!!!!!!!!!!!!!!!!!!!!!!!!!!!!!!!!!!!!!!!!!!!!!!!!!!!!!


 !!!!!!!!!!!!!!!!!!!!!!!!!!!!!!!!!!!!!!!!!!!!!!!!!!!!!!!!!!!!!!!!!!!!!!!!!!!!!!
 !                                                                            !
 ! WARNING: Zero valence density in this (l,m) channel is expected            !
 ! VALUE:        2         0                                                  !
 ! AT: updateValenceDensity
 !                                                                            !
 !!!!!!!!!!!!!!!!!!!!!!!!!!!!!!!!!!!!!!!!!!!!!!!!!!!!!!!!!!!!!!!!!!!!!!!!!!!!!!

Maximum density value in this channel =     6    671   -0.66970603D-05  0.33977150D-12

 !!!!!!!!!!!!!!!!!!!!!!!!!!!!!!!!!!!!!!!!!!!!!!!!!!!!!!!!!!!!!!!!!!!!!!!!!!!!!!
 !                                                                            !
 ! WARNING: Zero valence density in this (l,m) channel is expected            !
 ! VALUE:        2         0                                                  !
 ! AT: updateValenceDensity
 !                                                                            !
 !!!!!!!!!!!!!!!!!!!!!!!!!!!!!!!!!!!!!!!!!!!!!!!!!!!!!!!!!!!!!!!!!!!!!!!!!!!!!!

Maximum density value in this channel =     4    671   -0.66970603D-05  0.33977150D-12
Maximum density value in this channel =     2    671   -0.66970603D-05  0.33977150D-12

 !!!!!!!!!!!!!!!!!!!!!!!!!!!!!!!!!!!!!!!!!!!!!!!!!!!!!!!!!!!!!!!!!!!!!!!!!!!!!!
 !                                                                            !
 ! WARNING: Zero valence density in this (l,m) channel is expected            !
 ! VALUE:        2         0                                                  !
 ! AT: updateValenceDensity
 !                                                                            !
 !!!!!!!!!!!!!!!!!!!!!!!!!!!!!!!!!!!!!!!!!!!!!!!!!!!!!!!!!!!!!!!!!!!!!!!!!!!!!!

Maximum density value in this channel =     5    671   -0.62862931D-05  0.41434985D-12

 !!!!!!!!!!!!!!!!!!!!!!!!!!!!!!!!!!!!!!!!!!!!!!!!!!!!!!!!!!!!!!!!!!!!!!!!!!!!!!
 !                                                                            !
 ! WARNING: Zero valence density in this (l,m) channel is expected            !
 ! VALUE:        2         0                                                  !
 ! AT: updateValenceDensity
 !                                                                            !
 !!!!!!!!!!!!!!!!!!!!!!!!!!!!!!!!!!!!!!!!!!!!!!!!!!!!!!!!!!!!!!!!!!!!!!!!!!!!!!

Maximum density value in this channel =     7    671   -0.62862931D-05  0.41434985D-12

 !!!!!!!!!!!!!!!!!!!!!!!!!!!!!!!!!!!!!!!!!!!!!!!!!!!!!!!!!!!!!!!!!!!!!!!!!!!!!!
 !                                                                            !
 ! WARNING: Zero valence density in this (l,m) channel is expected            !
 ! VALUE:        2         0                                                  !
 ! AT: updateValenceDensity
 !                                                                            !
 !!!!!!!!!!!!!!!!!!!!!!!!!!!!!!!!!!!!!!!!!!!!!!!!!!!!!!!!!!!!!!!!!!!!!!!!!!!!!!

Maximum density value in this channel =     1    671   -0.62862931D-05  0.41434985D-12

 !!!!!!!!!!!!!!!!!!!!!!!!!!!!!!!!!!!!!!!!!!!!!!!!!!!!!!!!!!!!!!!!!!!!!!!!!!!!!!
 !                                                                            !
 ! WARNING: Zero valence density in this (l,m) channel is expected            !
 ! VALUE:        2         0                                                  !
 ! AT: updateValenceDensity
 !                                                                            !
 !!!!!!!!!!!!!!!!!!!!!!!!!!!!!!!!!!!!!!!!!!!!!!!!!!!!!!!!!!!!!!!!!!!!!!!!!!!!!!

Maximum density value in this channel =     3    671   -0.62862931D-05  0.41434985D-12

 !!!!!!!!!!!!!!!!!!!!!!!!!!!!!!!!!!!!!!!!!!!!!!!!!!!!!!!!!!!!!!!!!!!!!!!!!!!!!!
 !                                                                            !
 ! WARNING: Zero valence density in this (l,m) channel is expected            !
 ! VALUE:        2         0                                                  !
 ! AT: updateValenceDensity
 !                                                                            !
 !!!!!!!!!!!!!!!!!!!!!!!!!!!!!!!!!!!!!!!!!!!!!!!!!!!!!!!!!!!!!!!!!!!!!!!!!!!!!!


 !!!!!!!!!!!!!!!!!!!!!!!!!!!!!!!!!!!!!!!!!!!!!!!!!!!!!!!!!!!!!!!!!!!!!!!!!!!!!!
 !                                                                            !
 ! WARNING: Zero valence density in this (l,m) channel is expected            !
 ! VALUE:        2         0                                                  !
 ! AT: updateValenceDensity
 !                                                                            !
 !!!!!!!!!!!!!!!!!!!!!!!!!!!!!!!!!!!!!!!!!!!!!!!!!!!!!!!!!!!!!!!!!!!!!!!!!!!!!!

Maximum density value in this channel =     6    671   -0.62862931D-05  0.41434985D-12

 !!!!!!!!!!!!!!!!!!!!!!!!!!!!!!!!!!!!!!!!!!!!!!!!!!!!!!!!!!!!!!!!!!!!!!!!!!!!!!
 !                                                                            !
 ! WARNING: Zero valence density in this (l,m) channel is expected            !
 ! VALUE:        2         0                                                  !
 ! AT: updateValenceDensity
 !                                                                            !
 !!!!!!!!!!!!!!!!!!!!!!!!!!!!!!!!!!!!!!!!!!!!!!!!!!!!!!!!!!!!!!!!!!!!!!!!!!!!!!

Maximum density value in this channel =     4    671   -0.62862931D-05  0.41434985D-12
Maximum density value in this channel =     2    671   -0.62862931D-05  0.41434985D-12

 !!!!!!!!!!!!!!!!!!!!!!!!!!!!!!!!!!!!!!!!!!!!!!!!!!!!!!!!!!!!!!!!!!!!!!!!!!!!!!
 !                                                                            !
 ! WARNING: Zero valence density in this (l,m) channel is expected            !
 ! VALUE:        2         0                                                  !
 ! AT: updateValenceDensity
 !                                                                            !
 !!!!!!!!!!!!!!!!!!!!!!!!!!!!!!!!!!!!!!!!!!!!!!!!!!!!!!!!!!!!!!!!!!!!!!!!!!!!!!

Maximum density value in this channel =     5    671   -0.12976693D-05  0.30974602D-13

 !!!!!!!!!!!!!!!!!!!!!!!!!!!!!!!!!!!!!!!!!!!!!!!!!!!!!!!!!!!!!!!!!!!!!!!!!!!!!!
 !                                                                            !
 ! WARNING: Zero valence density in this (l,m) channel is expected            !
 ! VALUE:        2         0                                                  !
 ! AT: updateValenceDensity
 !                                                                            !
 !!!!!!!!!!!!!!!!!!!!!!!!!!!!!!!!!!!!!!!!!!!!!!!!!!!!!!!!!!!!!!!!!!!!!!!!!!!!!!

Maximum density value in this channel =     7    671   -0.12976693D-05  0.30974602D-13

 !!!!!!!!!!!!!!!!!!!!!!!!!!!!!!!!!!!!!!!!!!!!!!!!!!!!!!!!!!!!!!!!!!!!!!!!!!!!!!
 !                                                                            !
 ! WARNING: Zero valence density in this (l,m) channel is expected            !
 ! VALUE:        2         0                                                  !
 ! AT: updateValenceDensity
 !                                                                            !
 !!!!!!!!!!!!!!!!!!!!!!!!!!!!!!!!!!!!!!!!!!!!!!!!!!!!!!!!!!!!!!!!!!!!!!!!!!!!!!


 !!!!!!!!!!!!!!!!!!!!!!!!!!!!!!!!!!!!!!!!!!!!!!!!!!!!!!!!!!!!!!!!!!!!!!!!!!!!!!
 !                                                                            !
 ! WARNING: Zero valence density in this (l,m) channel is expected            !
 ! VALUE:        2         0                                                  !
 ! AT: updateValenceDensity
 !                                                                            !
 !!!!!!!!!!!!!!!!!!!!!!!!!!!!!!!!!!!!!!!!!!!!!!!!!!!!!!!!!!!!!!!!!!!!!!!!!!!!!!

Maximum density value in this channel =     3    671   -0.12976693D-05  0.30974602D-13
Maximum density value in this channel =     1    671   -0.12976693D-05  0.30974602D-13

 !!!!!!!!!!!!!!!!!!!!!!!!!!!!!!!!!!!!!!!!!!!!!!!!!!!!!!!!!!!!!!!!!!!!!!!!!!!!!!
 !                                                                            !
 ! WARNING: Zero valence density in this (l,m) channel is expected            !
 ! VALUE:        2         0                                                  !
 ! AT: updateValenceDensity
 !                                                                            !
 !!!!!!!!!!!!!!!!!!!!!!!!!!!!!!!!!!!!!!!!!!!!!!!!!!!!!!!!!!!!!!!!!!!!!!!!!!!!!!


 !!!!!!!!!!!!!!!!!!!!!!!!!!!!!!!!!!!!!!!!!!!!!!!!!!!!!!!!!!!!!!!!!!!!!!!!!!!!!!
 !                                                                            !
 ! WARNING: Zero valence density in this (l,m) channel is expected            !
 ! VALUE:        2         0                                                  !
 ! AT: updateValenceDensity
 !                                                                            !
 !!!!!!!!!!!!!!!!!!!!!!!!!!!!!!!!!!!!!!!!!!!!!!!!!!!!!!!!!!!!!!!!!!!!!!!!!!!!!!

Maximum density value in this channel =     6    671   -0.12976693D-05  0.30974602D-13

 !!!!!!!!!!!!!!!!!!!!!!!!!!!!!!!!!!!!!!!!!!!!!!!!!!!!!!!!!!!!!!!!!!!!!!!!!!!!!!
 !                                                                            !
 ! WARNING: Zero valence density in this (l,m) channel is expected            !
Maximum density value in this channel =     4    671   -0.12976693D-05  0.30974602D-13
 ! VALUE:        2         0                                                  !
 ! AT: updateValenceDensity
 !                                                                            !
 !!!!!!!!!!!!!!!!!!!!!!!!!!!!!!!!!!!!!!!!!!!!!!!!!!!!!!!!!!!!!!!!!!!!!!!!!!!!!!

Maximum density value in this channel =     2    671   -0.12976693D-05  0.30974602D-13
Ctrl-C caught... cleaning up processes
