  
             ********************************************************
             *                                                      *
             *              Fortran 90 Interface Module             *
             *                                                      *
             *                         For                          *
             *                                                      *
             *              MPI Message Passing Library             *
             *                                                      *
             *                   Version No. 2.0k                   *
             *                                                      *
             ********************************************************
  
 CHARACTER_BYTES =            1
 INTEGER_BYTES   =            4
 REAL_BYTES      =            8
 COMPLEX_BYTES   =           16
 ADDRESS_BYTES   =            8
  
 Number of Procs =            8
  
Execution starts at 09:34:44, 09-27-2018 on     8 nodes
#-------------------------------------------------------------------------------
#
#
#           ********************************************************
#           *                                                      *
#           *    Full-Potential Multiple Scattering Theory Based   *
#           *                                                      *
#           *  Ab Initio Electronic Structure Calculation Package  *
#           *                                                      *
#           ********************************************************
#
#
#   username                 : ywg
#   system name              : muir6.psc.edu
#   code compiled            : Wednesday, September 26 2018 22:40:45
#-------------------------------------------------------------------------------

 The Position Data File: ./position.dat

 The Position Data is read successfully!


================================================================================

 The lattice system is: Orthorhombic

********************************
* Output from SPACEGRP         *
********************************

     A nonprimitive supercell was chosen with    4 times
     as many more space group operations than that for
     the corresponding primitive unit cell

 The crystal system is orthorhombic with operations:
     1  2  3  4 25 26 27 28
The point group of the crystal is the full orthorhombic group
The point group of the crystal is the full orthorhombic group
Space group is symmorphic
--------------------------------------------------------------------------------

********************************
* Output from CHECKSYMM        *
********************************

Symmetry is correct
--------------------------------------------------------------------------------

********************************
* Output from SPACEGRP         *
********************************

 The crystal system is orthorhombic with operations:
     1  2  3  4 25 26 27 28
The point group of the crystal is the full orthorhombic group
The point group of the crystal is the full orthorhombic group
Space group is symmorphic
--------------------------------------------------------------------------------

********************************
* Output from SPKPT            *
********************************

Wavevector mesh contains    4096 points
--------------------------------------------------------------------------------

================================================================================

            *********************************************
            *     Output from createParallelization     *
            *            in ProcMappingModule           *
            *********************************************

The number of processors in each box :    4
The number of repeats along k-dimen. :    2
The number of repeats along e-dimen. :    1
Dimension of the box :    2 x    2 x    1
MyPE =     0, NumEs, NumEsPerBox =    40   40
MyPE =     0, NumKs, NumKsPerBox =   512  256
MyPE =     0, K index =     1    2    3    4    5    6    7    8    9   10   11   12   13   14   15   16, ...,...
K index =     1    2    3    4    5    6    7    8    9   10   11   12   13   14   15   16, ...,...
Process =     0    0    0    0    0    0    0    0    0    0    0    0    0    0    0    0, ...,...
MyPE =     1, NumEs, NumEsPerBox =    40   40
MyPE =     1, NumKs, NumKsPerBox =   512  256
MyPE =     3, NumEs, NumEsPerBox =    40   40
MyPE =     3, NumKs, NumKsPerBox =   512  256
MyPE =     3, K index =     1    2    3    4    5    6    7    8    9   10   11   12   13   14   15   16, ...,...
MyPE =     1, K index =     1    2    3    4    5    6    7    8    9   10   11   12   13   14   15   16, ...,...
MyPE =     2, NumEs, NumEsPerBox =    40   40
MyPE =     2, NumKs, NumKsPerBox =   512  256
MyPE =     2, K index =     1    2    3    4    5    6    7    8    9   10   11   12   13   14   15   16, ...,...
MyPE =     4, NumEs, NumEsPerBox =    40   40
MyPE =     4, NumKs, NumKsPerBox =   512  256
MyPE =     4, K index =   257  258  259  260  261  262  263  264  265  266  267  268  269  270  271  272, ...,...
MyPE =     5, NumEs, NumEsPerBox =    40   40
MyPE =     5, NumKs, NumKsPerBox =   512  256
MyPE =     5, K index =   257  258  259  260  261  262  263  264  265  266  267  268  269  270  271  272, ...,...
MyPE =     6, NumEs, NumEsPerBox =    40   40
MyPE =     6, NumKs, NumKsPerBox =   512  256
MyPE =     6, K index =   257  258  259  260  261  262  263  264  265  266  267  268  269  270  271  272, ...,...
MyPE =     7, NumEs, NumEsPerBox =    40   40
MyPE =     7, NumKs, NumKsPerBox =   512  256
MyPE =     7, K index =   257  258  259  260  261  262  263  264  265  266  267  268  269  270  271  272, ...,...

================================================================================

The number of processes that write output data:      1
 Running on            1 threads
