  
             ********************************************************
             *                                                      *
             *              Fortran 90 Interface Module             *
             *                                                      *
             *                         For                          *
             *                                                      *
             *              MPI Message Passing Library             *
             *                                                      *
             *                   Version No. 2.0k                   *
             *                                                      *
             ********************************************************
  
 CHARACTER_BYTES =             1
 INTEGER_BYTES   =             4
 REAL_BYTES      =             8
 COMPLEX_BYTES   =            16
 ADDRESS_BYTES   =             8
  
 Number of Procs =             8
  
Execution starts at 21:14:50, 07-25-2018 on     8 nodes
#-------------------------------------------------------------------------------
#
#
#           ********************************************************
#           *                                                      *
#           *    Full-Potential Multiple Scattering Theory Based   *
#           *                                                      *
#           *  Ab Initio Electronic Structure Calculation Package  *
#           *                                                      *
#           ********************************************************
#
#
#   username                 : ywg
#   system name              : muir6.psc.edu
#   code compiled            : Wednesday, July 18 2018 14:02:04
#-------------------------------------------------------------------------------

 The Position Data File: ./position.dat

 The Position Data is read successfully!


================================================================================

 The lattice system is: Cubic       

********************************
* Output from SPACEGRP         *
********************************

The point group of the crystal is the full cubic        group
Space group is symmorphic
--------------------------------------------------------------------------------

********************************
* Output from CHECKSYMM        *
********************************

Symmetry is correct
--------------------------------------------------------------------------------

********************************
* Output from SPACEGRP         *
********************************

The point group of the crystal is the full cubic        group
Space group is symmorphic
--------------------------------------------------------------------------------

********************************
* Output from SPKPT            *
********************************

Wavevector mesh contains     616 points
  some of these mesh points are related by lattice translation vectors
  some of these mesh points are related by lattice translation vectors
    104 of the mesh points removed.

  some of these mesh points are related by lattice translation vectors
    104 of the mesh points removed.

  some of these mesh points are related by lattice translation vectors
    104 of the mesh points removed.

    104 of the mesh points removed.

  some of these mesh points are related by lattice translation vectors
    104 of the mesh points removed.

  some of these mesh points are related by lattice translation vectors
    104 of the mesh points removed.

  some of these mesh points are related by lattice translation vectors
    104 of the mesh points removed.

  some of these mesh points are related by lattice translation vectors
    104 of the mesh points removed.

--------------------------------------------------------------------------------

================================================================================

            *********************************************
            *     Output from createParallelization     *
            *            in ProcMappingModule           *
            *********************************************

The number of processors in each box :    1
The number of repeats along k-dimen. :    8
The number of repeats along e-dimen. :    1
Dimension of the box :    1 x    1 x    1
MyPE =     0, NumEs, NumEsPerBox =    30   30
MyPE =     6, NumEs, NumEsPerBox =    30   30
MyPE =     6, NumKs, NumKsPerBox =    26    5
MyPE =     6, K index =    19   20   21   25   26
MyPE =     0, NumKs, NumKsPerBox =    26    5
MyPE =     0, K index =     1    2    3   25   26
K index =     1    2    3    4    5    6    7    8    9   10   11   12   13   14   15   16, ...,...
Process =     0    0    0    1    1    1    2    2    2    3    3    3    4    4    4    5, ...,...

================================================================================

The number of processes that write output data:      1
MyPE =     1, NumEs, NumEsPerBox =    30   30
MyPE =     1, NumKs, NumKsPerBox =    26    5
MyPE =     1, K index =     4    5    6   25   26
MyPE =     2, NumEs, NumEsPerBox =    30   30
MyPE =     2, NumKs, NumKsPerBox =    26    5
MyPE =     2, K index =     7    8    9   25   26
MyPE =     3, NumEs, NumEsPerBox =    30   30
MyPE =     3, NumKs, NumKsPerBox =    26    5
MyPE =     3, K index =    10   11   12   25   26
MyPE =     4, NumEs, NumEsPerBox =    30   30
MyPE =     4, NumKs, NumKsPerBox =    26    5
MyPE =     4, K index =    13   14   15   25   26
MyPE =     5, NumEs, NumEsPerBox =    30   30
MyPE =     5, NumKs, NumKsPerBox =    26    5
MyPE =     5, K index =    16   17   18   25   26
MyPE =     7, NumEs, NumEsPerBox =    30   30
MyPE =     7, NumKs, NumKsPerBox =    26    5
MyPE =     7, K index =    22   23   24   25   26
